2023-02-07 11:04:33.758 [main] WARN  o.s.b.c.e.AnnotationConfigEmbeddedWebApplicationContext - Exception encountered during context initialization - cancelling refresh attempt: org.springframework.beans.factory.UnsatisfiedDependencyException: Error creating bean with name 'blogHandlerInterceptor': Unsatisfied dependency expressed through field 'siteService'; nested exception is org.springframework.beans.factory.UnsatisfiedDependencyException: Error creating bean with name 'siteService': Unsatisfied dependency expressed through field 'baseMapper'; nested exception is org.springframework.beans.factory.UnsatisfiedDependencyException: Error creating bean with name 'siteDao' defined in file [/Users/jing/Documents/my_project/shop-fruit/mysiteforme/target/classes/com/mysiteforme/admin/dao/SiteDao.class]: Unsatisfied dependency expressed through bean property 'sqlSessionFactory'; nested exception is org.springframework.beans.factory.UnsatisfiedDependencyException: Error creating bean with name 'sqlSessionFactory' defined in class path resource [com/baomidou/mybatisplus/spring/boot/starter/MybatisPlusAutoConfiguration.class]: Unsatisfied dependency expressed through method 'sqlSessionFactory' parameter 0; nested exception is org.springframework.beans.factory.BeanCreationException: Error creating bean with name 'dataSource' defined in class path resource [com/alibaba/druid/spring/boot/autoconfigure/DruidDataSourceAutoConfigure.class]: Invocation of init method failed; nested exception is com.mysql.cj.jdbc.exceptions.CommunicationsException: Communications link failure

The last packet sent successfully to the server was 0 milliseconds ago. The driver has not received any packets from the server.
2023-02-07 13:33:27.219 [http-nio-8080-exec-6] WARN  org.springframework.web.servlet.PageNotFound - No mapping found for HTTP request with URI [/vegetable/%E8%AE%A2%E5%8D%95] in DispatcherServlet with name 'dispatcherServlet'
2023-02-07 13:36:44.479 [http-nio-8080-exec-1] WARN  org.springframework.web.servlet.PageNotFound - No mapping found for HTTP request with URI [/vegetable/%E8%AE%A2%E5%8D%95] in DispatcherServlet with name 'dispatcherServlet'
2023-02-07 13:38:40.324 [http-nio-8080-exec-8] WARN  org.springframework.web.servlet.PageNotFound - No mapping found for HTTP request with URI [/blog/assets/css/font.awesome.css] in DispatcherServlet with name 'dispatcherServlet'
2023-02-07 13:38:40.326 [http-nio-8080-exec-9] WARN  org.springframework.web.servlet.PageNotFound - No mapping found for HTTP request with URI [/blog/assets/css/slick.css] in DispatcherServlet with name 'dispatcherServlet'
2023-02-07 13:38:40.327 [http-nio-8080-exec-7] WARN  org.springframework.web.servlet.PageNotFound - No mapping found for HTTP request with URI [/blog/assets/css/owl.carousel.min.css] in DispatcherServlet with name 'dispatcherServlet'
2023-02-07 13:38:40.330 [http-nio-8080-exec-6] WARN  org.springframework.web.servlet.PageNotFound - No mapping found for HTTP request with URI [/blog/assets/css/bootstrap.min.css] in DispatcherServlet with name 'dispatcherServlet'
2023-02-07 13:38:40.330 [http-nio-8080-exec-10] WARN  org.springframework.web.servlet.PageNotFound - No mapping found for HTTP request with URI [/blog/assets/css/magnific-popup.css] in DispatcherServlet with name 'dispatcherServlet'
2023-02-07 13:38:40.331 [http-nio-8080-exec-1] WARN  org.springframework.web.servlet.PageNotFound - No mapping found for HTTP request with URI [/blog/assets/css/ionicons.min.css] in DispatcherServlet with name 'dispatcherServlet'
2023-02-07 13:38:40.476 [http-nio-8080-exec-2] WARN  org.springframework.web.servlet.PageNotFound - No mapping found for HTTP request with URI [/blog/assets/css/linearicons.css] in DispatcherServlet with name 'dispatcherServlet'
2023-02-07 13:38:40.487 [http-nio-8080-exec-4] WARN  org.springframework.web.servlet.PageNotFound - No mapping found for HTTP request with URI [/blog/assets/css/jquery-ui.min.css] in DispatcherServlet with name 'dispatcherServlet'
2023-02-07 13:38:40.488 [http-nio-8080-exec-1] WARN  org.springframework.web.servlet.PageNotFound - No mapping found for HTTP request with URI [/blog/assets/css/animate.css] in DispatcherServlet with name 'dispatcherServlet'
2023-02-07 13:38:40.489 [http-nio-8080-exec-6] WARN  org.springframework.web.servlet.PageNotFound - No mapping found for HTTP request with URI [/blog/assets/css/plugins.css] in DispatcherServlet with name 'dispatcherServlet'
2023-02-07 13:38:40.489 [http-nio-8080-exec-7] WARN  org.springframework.web.servlet.PageNotFound - No mapping found for HTTP request with URI [/blog/assets/css/style.css] in DispatcherServlet with name 'dispatcherServlet'
2023-02-07 13:38:40.490 [http-nio-8080-exec-5] WARN  org.springframework.web.servlet.PageNotFound - No mapping found for HTTP request with URI [/blog/assets/css/slinky.menu.css] in DispatcherServlet with name 'dispatcherServlet'
2023-02-07 13:38:40.551 [http-nio-8080-exec-9] WARN  org.springframework.web.servlet.PageNotFound - No mapping found for HTTP request with URI [/blog/assets/js/vendor/modernizr-3.7.1.min.js] in DispatcherServlet with name 'dispatcherServlet'
2023-02-07 13:38:40.563 [http-nio-8080-exec-3] WARN  org.springframework.web.servlet.PageNotFound - No mapping found for HTTP request with URI [/blog/assets/js/vendor/jquery-3.4.1.min.js] in DispatcherServlet with name 'dispatcherServlet'
2023-02-07 13:38:40.665 [http-nio-8080-exec-4] WARN  org.springframework.web.servlet.PageNotFound - No mapping found for HTTP request with URI [/blog/assets/js/jquery.magnific-popup.min.js] in DispatcherServlet with name 'dispatcherServlet'
2023-02-07 13:38:40.665 [http-nio-8080-exec-8] WARN  org.springframework.web.servlet.PageNotFound - No mapping found for HTTP request with URI [/blog/assets/js/popper.js] in DispatcherServlet with name 'dispatcherServlet'
2023-02-07 13:38:40.665 [http-nio-8080-exec-10] WARN  org.springframework.web.servlet.PageNotFound - No mapping found for HTTP request with URI [/blog/assets/js/bootstrap.min.js] in DispatcherServlet with name 'dispatcherServlet'
2023-02-07 13:38:40.665 [http-nio-8080-exec-2] WARN  org.springframework.web.servlet.PageNotFound - No mapping found for HTTP request with URI [/blog/assets/js/owl.carousel.min.js] in DispatcherServlet with name 'dispatcherServlet'
2023-02-07 13:38:40.666 [http-nio-8080-exec-1] WARN  org.springframework.web.servlet.PageNotFound - No mapping found for HTTP request with URI [/blog/assets/js/slick.min.js] in DispatcherServlet with name 'dispatcherServlet'
2023-02-07 13:38:40.683 [http-nio-8080-exec-7] WARN  org.springframework.web.servlet.PageNotFound - No mapping found for HTTP request with URI [/blog/assets/img/s-product/product2.jpg] in DispatcherServlet with name 'dispatcherServlet'
2023-02-07 13:38:40.753 [http-nio-8080-exec-5] WARN  org.springframework.web.servlet.PageNotFound - No mapping found for HTTP request with URI [/blog/assets/js/jquery.counterup.min.js] in DispatcherServlet with name 'dispatcherServlet'
2023-02-07 13:38:40.753 [http-nio-8080-exec-6] WARN  org.springframework.web.servlet.PageNotFound - No mapping found for HTTP request with URI [/blog/assets/img/s-product/product.jpg] in DispatcherServlet with name 'dispatcherServlet'
2023-02-07 13:38:40.758 [http-nio-8080-exec-9] WARN  org.springframework.web.servlet.PageNotFound - No mapping found for HTTP request with URI [/blog/assets/js/jquery.countdown.js] in DispatcherServlet with name 'dispatcherServlet'
2023-02-07 13:38:40.759 [http-nio-8080-exec-3] WARN  org.springframework.web.servlet.PageNotFound - No mapping found for HTTP request with URI [/blog/assets/js/jquery.ui.js] in DispatcherServlet with name 'dispatcherServlet'
2023-02-07 13:38:40.760 [http-nio-8080-exec-8] WARN  org.springframework.web.servlet.PageNotFound - No mapping found for HTTP request with URI [/blog/assets/js/jquery.elevatezoom.js] in DispatcherServlet with name 'dispatcherServlet'
2023-02-07 13:38:40.797 [http-nio-8080-exec-10] WARN  org.springframework.web.servlet.PageNotFound - No mapping found for HTTP request with URI [/blog/assets/js/isotope.pkgd.min.js] in DispatcherServlet with name 'dispatcherServlet'
2023-02-07 13:38:40.829 [http-nio-8080-exec-2] WARN  org.springframework.web.servlet.PageNotFound - No mapping found for HTTP request with URI [/blog/assets/js/slinky.menu.js] in DispatcherServlet with name 'dispatcherServlet'
2023-02-07 13:38:40.832 [http-nio-8080-exec-1] WARN  org.springframework.web.servlet.PageNotFound - No mapping found for HTTP request with URI [/blog/assets/js/main.js] in DispatcherServlet with name 'dispatcherServlet'
2023-02-07 13:38:40.832 [http-nio-8080-exec-7] WARN  org.springframework.web.servlet.PageNotFound - No mapping found for HTTP request with URI [/blog/assets/img/logo/logo.png] in DispatcherServlet with name 'dispatcherServlet'
2023-02-07 13:38:40.832 [http-nio-8080-exec-4] WARN  org.springframework.web.servlet.PageNotFound - No mapping found for HTTP request with URI [/blog/assets/js/plugins.js] in DispatcherServlet with name 'dispatcherServlet'
2023-02-07 13:38:40.835 [http-nio-8080-exec-5] WARN  org.springframework.web.servlet.PageNotFound - No mapping found for HTTP request with URI [/blog/assets/img/blog/blog-big1.jpg] in DispatcherServlet with name 'dispatcherServlet'
2023-02-07 13:38:40.872 [http-nio-8080-exec-6] WARN  org.springframework.web.servlet.PageNotFound - No mapping found for HTTP request with URI [/blog/assets/img/blog/blog-big2.jpg] in DispatcherServlet with name 'dispatcherServlet'
2023-02-07 13:38:40.904 [http-nio-8080-exec-4] WARN  org.springframework.web.servlet.PageNotFound - No mapping found for HTTP request with URI [/blog/assets/img/blog/blog-big3.jpg] in DispatcherServlet with name 'dispatcherServlet'
2023-02-07 13:38:40.906 [http-nio-8080-exec-9] WARN  org.springframework.web.servlet.PageNotFound - No mapping found for HTTP request with URI [/blog/assets/img/blog/blog-big4.jpg] in DispatcherServlet with name 'dispatcherServlet'
2023-02-07 13:38:40.906 [http-nio-8080-exec-8] WARN  org.springframework.web.servlet.PageNotFound - No mapping found for HTTP request with URI [/blog/assets/img/blog/blog-big5.jpg] in DispatcherServlet with name 'dispatcherServlet'
2023-02-07 13:38:40.909 [http-nio-8080-exec-10] WARN  org.springframework.web.servlet.PageNotFound - No mapping found for HTTP request with URI [/blog/assets/img/blog/comment2.png.jpg] in DispatcherServlet with name 'dispatcherServlet'
2023-02-07 13:38:40.945 [http-nio-8080-exec-2] WARN  org.springframework.web.servlet.PageNotFound - No mapping found for HTTP request with URI [/blog/assets/img/blog/blogs1.jpg] in DispatcherServlet with name 'dispatcherServlet'
2023-02-07 13:38:40.950 [http-nio-8080-exec-3] WARN  org.springframework.web.servlet.PageNotFound - No mapping found for HTTP request with URI [/blog/assets/img/blog/blogs2.jpg] in DispatcherServlet with name 'dispatcherServlet'
2023-02-07 13:38:40.989 [http-nio-8080-exec-5] WARN  org.springframework.web.servlet.PageNotFound - No mapping found for HTTP request with URI [/blog/assets/img/blog/blogs3.jpg] in DispatcherServlet with name 'dispatcherServlet'
2023-02-07 13:38:40.992 [http-nio-8080-exec-1] WARN  org.springframework.web.servlet.PageNotFound - No mapping found for HTTP request with URI [/blog/assets/img/icon/paypal1.jpg] in DispatcherServlet with name 'dispatcherServlet'
2023-02-07 13:38:40.992 [http-nio-8080-exec-7] WARN  org.springframework.web.servlet.PageNotFound - No mapping found for HTTP request with URI [/blog/assets/img/icon/paypal2.jpg] in DispatcherServlet with name 'dispatcherServlet'
2023-02-07 13:38:41.000 [http-nio-8080-exec-6] WARN  org.springframework.web.servlet.PageNotFound - No mapping found for HTTP request with URI [/blog/assets/img/icon/paypal3.jpg] in DispatcherServlet with name 'dispatcherServlet'
2023-02-07 13:38:41.030 [http-nio-8080-exec-4] WARN  org.springframework.web.servlet.PageNotFound - No mapping found for HTTP request with URI [/blog/assets/img/icon/paypal4.jpg] in DispatcherServlet with name 'dispatcherServlet'
2023-02-07 13:55:08.261 [http-nio-8080-exec-10] WARN  org.springframework.web.servlet.PageNotFound - No mapping found for HTTP request with URI [/shop/blog-fullwidth] in DispatcherServlet with name 'dispatcherServlet'
2023-02-07 14:02:18.646 [http-nio-8080-exec-6] WARN  org.springframework.web.servlet.PageNotFound - No mapping found for HTTP request with URI [/product-details.ftl] in DispatcherServlet with name 'dispatcherServlet'
2023-02-07 14:03:16.875 [http-nio-8080-exec-8] WARN  org.springframework.web.servlet.PageNotFound - No mapping found for HTTP request with URI [/shop/index] in DispatcherServlet with name 'dispatcherServlet'
2023-02-07 14:06:49.030 [http-nio-8080-exec-10] WARN  org.springframework.web.servlet.PageNotFound - No mapping found for HTTP request with URI [/blog/index] in DispatcherServlet with name 'dispatcherServlet'
2023-02-07 14:12:29.831 [http-nio-8080-exec-9] WARN  org.springframework.web.servlet.PageNotFound - No mapping found for HTTP request with URI [/shop/shop-right-sidebar-search] in DispatcherServlet with name 'dispatcherServlet'
2023-02-07 14:12:53.677 [http-nio-8080-exec-4] WARN  org.springframework.web.servlet.PageNotFound - No mapping found for HTTP request with URI [/about.html] in DispatcherServlet with name 'dispatcherServlet'
2023-02-07 14:56:18.667 [http-nio-8080-exec-6] WARN  org.springframework.web.servlet.PageNotFound - No mapping found for HTTP request with URI [/messageBoard/assets/css/slick.css] in DispatcherServlet with name 'dispatcherServlet'
2023-02-07 14:56:18.668 [http-nio-8080-exec-4] WARN  org.springframework.web.servlet.PageNotFound - No mapping found for HTTP request with URI [/messageBoard/assets/css/owl.carousel.min.css] in DispatcherServlet with name 'dispatcherServlet'
2023-02-07 14:56:18.668 [http-nio-8080-exec-8] WARN  org.springframework.web.servlet.PageNotFound - No mapping found for HTTP request with URI [/messageBoard/assets/css/ionicons.min.css] in DispatcherServlet with name 'dispatcherServlet'
2023-02-07 14:56:18.667 [http-nio-8080-exec-7] WARN  org.springframework.web.servlet.PageNotFound - No mapping found for HTTP request with URI [/messageBoard/assets/css/font.awesome.css] in DispatcherServlet with name 'dispatcherServlet'
2023-02-07 14:56:18.669 [http-nio-8080-exec-5] WARN  org.springframework.web.servlet.PageNotFound - No mapping found for HTTP request with URI [/messageBoard/assets/css/bootstrap.min.css] in DispatcherServlet with name 'dispatcherServlet'
2023-02-07 14:56:18.669 [http-nio-8080-exec-9] WARN  org.springframework.web.servlet.PageNotFound - No mapping found for HTTP request with URI [/messageBoard/assets/css/magnific-popup.css] in DispatcherServlet with name 'dispatcherServlet'
2023-02-07 14:56:18.945 [http-nio-8080-exec-1] WARN  org.springframework.web.servlet.PageNotFound - No mapping found for HTTP request with URI [/messageBoard/assets/css/animate.css] in DispatcherServlet with name 'dispatcherServlet'
2023-02-07 14:56:18.947 [http-nio-8080-exec-11] WARN  org.springframework.web.servlet.PageNotFound - No mapping found for HTTP request with URI [/messageBoard/assets/css/slinky.menu.css] in DispatcherServlet with name 'dispatcherServlet'
2023-02-07 14:56:18.947 [http-nio-8080-exec-10] WARN  org.springframework.web.servlet.PageNotFound - No mapping found for HTTP request with URI [/messageBoard/assets/css/linearicons.css] in DispatcherServlet with name 'dispatcherServlet'
2023-02-07 14:56:18.949 [http-nio-8080-exec-2] WARN  org.springframework.web.servlet.PageNotFound - No mapping found for HTTP request with URI [/messageBoard/assets/css/jquery-ui.min.css] in DispatcherServlet with name 'dispatcherServlet'
2023-02-07 14:56:18.952 [http-nio-8080-exec-13] WARN  org.springframework.web.servlet.PageNotFound - No mapping found for HTTP request with URI [/messageBoard/assets/css/style.css] in DispatcherServlet with name 'dispatcherServlet'
2023-02-07 14:56:18.964 [http-nio-8080-exec-12] WARN  org.springframework.web.servlet.PageNotFound - No mapping found for HTTP request with URI [/messageBoard/assets/css/plugins.css] in DispatcherServlet with name 'dispatcherServlet'
2023-02-07 14:56:19.010 [http-nio-8080-exec-3] WARN  org.springframework.web.servlet.PageNotFound - No mapping found for HTTP request with URI [/messageBoard/assets/js/vendor/modernizr-3.7.1.min.js] in DispatcherServlet with name 'dispatcherServlet'
2023-02-07 14:56:19.020 [http-nio-8080-exec-7] WARN  org.springframework.web.servlet.PageNotFound - No mapping found for HTTP request with URI [/messageBoard/assets/js/vendor/jquery-3.4.1.min.js] in DispatcherServlet with name 'dispatcherServlet'
2023-02-07 14:56:19.101 [http-nio-8080-exec-6] WARN  org.springframework.web.servlet.PageNotFound - No mapping found for HTTP request with URI [/messageBoard/assets/js/popper.js] in DispatcherServlet with name 'dispatcherServlet'
2023-02-07 14:56:19.101 [http-nio-8080-exec-5] WARN  org.springframework.web.servlet.PageNotFound - No mapping found for HTTP request with URI [/messageBoard/assets/js/jquery.magnific-popup.min.js] in DispatcherServlet with name 'dispatcherServlet'
2023-02-07 14:56:19.102 [http-nio-8080-exec-9] WARN  org.springframework.web.servlet.PageNotFound - No mapping found for HTTP request with URI [/messageBoard/assets/js/owl.carousel.min.js] in DispatcherServlet with name 'dispatcherServlet'
2023-02-07 14:56:19.102 [http-nio-8080-exec-4] WARN  org.springframework.web.servlet.PageNotFound - No mapping found for HTTP request with URI [/messageBoard/assets/js/slick.min.js] in DispatcherServlet with name 'dispatcherServlet'
2023-02-07 14:56:19.102 [http-nio-8080-exec-8] WARN  org.springframework.web.servlet.PageNotFound - No mapping found for HTTP request with URI [/messageBoard/assets/js/bootstrap.min.js] in DispatcherServlet with name 'dispatcherServlet'
2023-02-07 14:56:19.118 [http-nio-8080-exec-1] WARN  org.springframework.web.servlet.PageNotFound - No mapping found for HTTP request with URI [/messageBoard/assets/img/s-product/product2.jpg] in DispatcherServlet with name 'dispatcherServlet'
2023-02-07 14:56:19.179 [http-nio-8080-exec-11] WARN  org.springframework.web.servlet.PageNotFound - No mapping found for HTTP request with URI [/messageBoard/assets/img/s-product/product.jpg] in DispatcherServlet with name 'dispatcherServlet'
2023-02-07 14:56:19.182 [http-nio-8080-exec-13] WARN  org.springframework.web.servlet.PageNotFound - No mapping found for HTTP request with URI [/messageBoard/assets/js/jquery.countdown.js] in DispatcherServlet with name 'dispatcherServlet'
2023-02-07 14:56:19.185 [http-nio-8080-exec-2] WARN  org.springframework.web.servlet.PageNotFound - No mapping found for HTTP request with URI [/messageBoard/assets/js/jquery.elevatezoom.js] in DispatcherServlet with name 'dispatcherServlet'
2023-02-07 14:56:19.185 [http-nio-8080-exec-10] WARN  org.springframework.web.servlet.PageNotFound - No mapping found for HTTP request with URI [/messageBoard/assets/js/jquery.counterup.min.js] in DispatcherServlet with name 'dispatcherServlet'
2023-02-07 14:56:19.189 [http-nio-8080-exec-12] WARN  org.springframework.web.servlet.PageNotFound - No mapping found for HTTP request with URI [/messageBoard/assets/js/jquery.ui.js] in DispatcherServlet with name 'dispatcherServlet'
2023-02-07 14:56:19.228 [http-nio-8080-exec-3] WARN  org.springframework.web.servlet.PageNotFound - No mapping found for HTTP request with URI [/messageBoard/assets/js/isotope.pkgd.min.js] in DispatcherServlet with name 'dispatcherServlet'
2023-02-07 14:56:19.252 [http-nio-8080-exec-9] WARN  org.springframework.web.servlet.PageNotFound - No mapping found for HTTP request with URI [/messageBoard/assets/js/plugins.js] in DispatcherServlet with name 'dispatcherServlet'
2023-02-07 14:56:19.255 [http-nio-8080-exec-7] WARN  org.springframework.web.servlet.PageNotFound - No mapping found for HTTP request with URI [/messageBoard/assets/js/slinky.menu.js] in DispatcherServlet with name 'dispatcherServlet'
2023-02-07 14:56:19.255 [http-nio-8080-exec-6] WARN  org.springframework.web.servlet.PageNotFound - No mapping found for HTTP request with URI [/messageBoard/assets/js/main.js] in DispatcherServlet with name 'dispatcherServlet'
2023-02-07 14:56:19.259 [http-nio-8080-exec-5] WARN  org.springframework.web.servlet.PageNotFound - No mapping found for HTTP request with URI [/messageBoard/assets/img/logo/logo.png] in DispatcherServlet with name 'dispatcherServlet'
2023-02-07 14:56:19.262 [http-nio-8080-exec-8] WARN  org.springframework.web.servlet.PageNotFound - No mapping found for HTTP request with URI [/messageBoard/assets/img/about/about1.jpg] in DispatcherServlet with name 'dispatcherServlet'
2023-02-07 14:56:19.295 [http-nio-8080-exec-4] WARN  org.springframework.web.servlet.PageNotFound - No mapping found for HTTP request with URI [/messageBoard/assets/img/about/about-us-signature.png] in DispatcherServlet with name 'dispatcherServlet'
2023-02-07 14:56:19.328 [http-nio-8080-exec-1] WARN  org.springframework.web.servlet.PageNotFound - No mapping found for HTTP request with URI [/messageBoard/assets/img/about/About_icon1.png] in DispatcherServlet with name 'dispatcherServlet'
2023-02-07 14:56:19.339 [http-nio-8080-exec-11] WARN  org.springframework.web.servlet.PageNotFound - No mapping found for HTTP request with URI [/messageBoard/assets/img/about/About_icon2.png] in DispatcherServlet with name 'dispatcherServlet'
2023-02-07 14:56:19.349 [http-nio-8080-exec-13] WARN  org.springframework.web.servlet.PageNotFound - No mapping found for HTTP request with URI [/messageBoard/assets/img/about/About_icon3.png] in DispatcherServlet with name 'dispatcherServlet'
2023-02-07 14:56:19.351 [http-nio-8080-exec-6] WARN  org.springframework.web.servlet.PageNotFound - No mapping found for HTTP request with URI [/messageBoard/assets/img/about/about2.jpg] in DispatcherServlet with name 'dispatcherServlet'
2023-02-07 14:56:19.372 [http-nio-8080-exec-10] WARN  org.springframework.web.servlet.PageNotFound - No mapping found for HTTP request with URI [/messageBoard/assets/img/about/about3.jpg] in DispatcherServlet with name 'dispatcherServlet'
2023-02-07 14:56:19.373 [http-nio-8080-exec-2] WARN  org.springframework.web.servlet.PageNotFound - No mapping found for HTTP request with URI [/messageBoard/assets/img/about/about4.jpg] in DispatcherServlet with name 'dispatcherServlet'
2023-02-07 14:56:19.399 [http-nio-8080-exec-12] WARN  org.springframework.web.servlet.PageNotFound - No mapping found for HTTP request with URI [/messageBoard/assets/img/about/testimonial1.png] in DispatcherServlet with name 'dispatcherServlet'
2023-02-07 14:56:19.410 [http-nio-8080-exec-3] WARN  org.springframework.web.servlet.PageNotFound - No mapping found for HTTP request with URI [/messageBoard/assets/img/about/testimonials-icon.png] in DispatcherServlet with name 'dispatcherServlet'
2023-02-07 14:56:19.427 [http-nio-8080-exec-9] WARN  org.springframework.web.servlet.PageNotFound - No mapping found for HTTP request with URI [/messageBoard/assets/img/about/testimonial2.png] in DispatcherServlet with name 'dispatcherServlet'
2023-02-07 14:56:19.427 [http-nio-8080-exec-7] WARN  org.springframework.web.servlet.PageNotFound - No mapping found for HTTP request with URI [/messageBoard/assets/img/about/testimonial3.png] in DispatcherServlet with name 'dispatcherServlet'
2023-02-07 14:56:19.439 [http-nio-8080-exec-8] WARN  org.springframework.web.servlet.PageNotFound - No mapping found for HTTP request with URI [/messageBoard/assets/img/icon/paypal1.jpg] in DispatcherServlet with name 'dispatcherServlet'
2023-02-07 14:56:19.447 [http-nio-8080-exec-5] WARN  org.springframework.web.servlet.PageNotFound - No mapping found for HTTP request with URI [/messageBoard/assets/img/icon/paypal2.jpg] in DispatcherServlet with name 'dispatcherServlet'
2023-02-07 14:56:19.468 [http-nio-8080-exec-4] WARN  org.springframework.web.servlet.PageNotFound - No mapping found for HTTP request with URI [/messageBoard/assets/img/icon/paypal3.jpg] in DispatcherServlet with name 'dispatcherServlet'
2023-02-07 14:56:19.476 [http-nio-8080-exec-1] WARN  org.springframework.web.servlet.PageNotFound - No mapping found for HTTP request with URI [/messageBoard/assets/img/icon/paypal4.jpg] in DispatcherServlet with name 'dispatcherServlet'
2023-02-07 15:25:24.265 [http-nio-8080-exec-1] WARN  org.springframework.web.servlet.PageNotFound - No mapping found for HTTP request with URI [/messageBoard/index] in DispatcherServlet with name 'dispatcherServlet'
2023-02-07 15:25:40.050 [http-nio-8080-exec-5] WARN  org.springframework.web.servlet.PageNotFound - No mapping found for HTTP request with URI [/messageBoard/index] in DispatcherServlet with name 'dispatcherServlet'
2023-02-07 16:26:02.498 [main] WARN  o.s.b.c.e.AnnotationConfigEmbeddedWebApplicationContext - Exception encountered during context initialization - cancelling refresh attempt: org.springframework.beans.factory.UnsatisfiedDependencyException: Error creating bean with name 'myHandlerInterceptor': Unsatisfied dependency expressed through field 'userService'; nested exception is org.springframework.beans.factory.UnsatisfiedDependencyException: Error creating bean with name 'userService': Unsatisfied dependency expressed through field 'baseMapper'; nested exception is org.springframework.beans.factory.UnsatisfiedDependencyException: Error creating bean with name 'userDao' defined in file [/Users/jing/Documents/my_project/sell-project/new/bak的副本/mysiteforme/target/classes/com/mysiteforme/admin/dao/UserDao.class]: Unsatisfied dependency expressed through bean property 'sqlSessionFactory'; nested exception is org.springframework.beans.factory.BeanCreationException: Error creating bean with name 'sqlSessionFactory' defined in class path resource [com/baomidou/mybatisplus/spring/boot/starter/MybatisPlusAutoConfiguration.class]: Bean instantiation via factory method failed; nested exception is org.springframework.beans.BeanInstantiationException: Failed to instantiate [org.apache.ibatis.session.SqlSessionFactory]: Factory method 'sqlSessionFactory' threw exception; nested exception is org.springframework.core.NestedIOException: Failed to parse mapping resource: 'file [/Users/jing/Documents/my_project/sell-project/new/bak的副本/mysiteforme/target/classes/mapper/BlogArticleMapper.xml]'; nested exception is org.apache.ibatis.builder.BuilderException: Error parsing Mapper XML. Cause: org.apache.ibatis.builder.BuilderException: Error resolving class. Cause: org.apache.ibatis.type.TypeException: Could not resolve type alias 'com.mysiteforme.admin.entity.BlogArticle'.  Cause: java.lang.ClassNotFoundException: Cannot find class: com.mysiteforme.admin.entity.BlogArticle
2023-02-07 16:39:16.325 [main] WARN  o.s.b.c.e.AnnotationConfigEmbeddedWebApplicationContext - Exception encountered during context initialization - cancelling refresh attempt: org.springframework.beans.factory.UnsatisfiedDependencyException: Error creating bean with name 'cacheManager' defined in class path resource [com/mysiteforme/admin/config/RedisCacheConfig.class]: Unsatisfied dependency expressed through method 'cacheManager' parameter 0; nested exception is org.springframework.beans.factory.NoUniqueBeanDefinitionException: No qualifying bean of type 'org.springframework.data.redis.core.RedisTemplate<?, ?>' available: expected single matching bean but found 2: redisTemplate,stringRedisTemplate
2023-02-07 16:42:37.192 [main] WARN  o.s.b.c.e.AnnotationConfigEmbeddedWebApplicationContext - Exception encountered during context initialization - cancelling refresh attempt: org.springframework.beans.factory.UnsatisfiedDependencyException: Error creating bean with name 'myHandlerInterceptor': Unsatisfied dependency expressed through field 'userService'; nested exception is org.springframework.beans.factory.UnsatisfiedDependencyException: Error creating bean with name 'userService': Unsatisfied dependency expressed through field 'baseMapper'; nested exception is org.springframework.beans.factory.BeanCreationException: Error creating bean with name 'userDao' defined in file [/Users/jing/Documents/my_project/sell/jing_shop/target/classes/com/mysiteforme/admin/dao/UserDao.class]: Invocation of init method failed; nested exception is java.lang.IllegalArgumentException: java.lang.TypeNotPresentException: Type com.mysiteforme.admin.entity.Menu not present
2023-02-07 16:44:30.266 [http-nio-8080-exec-8] WARN  org.springframework.web.servlet.PageNotFound - No mapping found for HTTP request with URI [/shop/blog-details] in DispatcherServlet with name 'dispatcherServlet'
