2022-11-08 14:32:37.261 [main] INFO  com.mysiteforme.admin.MysiteformeApplication - Starting MysiteformeApplication on bogon with PID 36679 (/my_project/MSFM/mysiteforme/target/classes started by jing in /my_project/MSFM/mysiteforme)
2022-11-08 14:32:37.266 [main] INFO  com.mysiteforme.admin.MysiteformeApplication - The following profiles are active: dev
2022-11-08 14:32:37.324 [main] INFO  o.s.b.c.e.AnnotationConfigEmbeddedWebApplicationContext - Refreshing org.springframework.boot.context.embedded.AnnotationConfigEmbeddedWebApplicationContext@75ed9710: startup date [Tue Nov 08 14:32:37 CST 2022]; root of context hierarchy
2022-11-08 14:32:37.434 [background-preinit] INFO  org.hibernate.validator.internal.util.Version - HV000001: Hibernate Validator 5.3.5.Final
2022-11-08 14:32:38.270 [main] INFO  o.s.d.r.config.RepositoryConfigurationDelegate - Multiple Spring Data modules found, entering strict repository configuration mode!
2022-11-08 14:32:38.706 [main] INFO  o.s.c.s.PostProcessorRegistrationDelegate$BeanPostProcessorChecker - Bean 'shiroConfig' of type [com.mysiteforme.admin.config.ShiroConfig$$EnhancerBySpringCGLIB$$f005fb80] is not eligible for getting processed by all BeanPostProcessors (for example: not eligible for auto-proxying)
2022-11-08 14:32:38.764 [main] INFO  o.s.c.s.PostProcessorRegistrationDelegate$BeanPostProcessorChecker - Bean 'authRealm' of type [com.mysiteforme.admin.realm.AuthRealm] is not eligible for getting processed by all BeanPostProcessors (for example: not eligible for auto-proxying)
2022-11-08 14:32:38.765 [main] INFO  com.mysiteforme.admin.config.ShiroConfig - - - - - - - -shiro开始加载- - - - - - 
2022-11-08 14:32:38.948 [main] INFO  o.s.c.s.PostProcessorRegistrationDelegate$BeanPostProcessorChecker - Bean 'rememberMeCookie' of type [org.apache.shiro.web.servlet.SimpleCookie] is not eligible for getting processed by all BeanPostProcessors (for example: not eligible for auto-proxying)
2022-11-08 14:32:38.955 [main] INFO  o.s.c.s.PostProcessorRegistrationDelegate$BeanPostProcessorChecker - Bean 'rememberMeManager' of type [org.apache.shiro.web.mgt.CookieRememberMeManager] is not eligible for getting processed by all BeanPostProcessors (for example: not eligible for auto-proxying)
2022-11-08 14:32:38.961 [main] INFO  o.s.c.s.PostProcessorRegistrationDelegate$BeanPostProcessorChecker - Bean 'redisManager' of type [org.crazycake.shiro.RedisManager] is not eligible for getting processed by all BeanPostProcessors (for example: not eligible for auto-proxying)
2022-11-08 14:32:38.977 [main] INFO  o.s.c.s.PostProcessorRegistrationDelegate$BeanPostProcessorChecker - Bean 'redisSessionDAO' of type [org.crazycake.shiro.RedisSessionDAO] is not eligible for getting processed by all BeanPostProcessors (for example: not eligible for auto-proxying)
2022-11-08 14:32:38.989 [main] INFO  o.s.c.s.PostProcessorRegistrationDelegate$BeanPostProcessorChecker - Bean 'webSessionManager' of type [org.apache.shiro.web.session.mgt.DefaultWebSessionManager] is not eligible for getting processed by all BeanPostProcessors (for example: not eligible for auto-proxying)
2022-11-08 14:32:38.993 [main] INFO  o.s.c.s.PostProcessorRegistrationDelegate$BeanPostProcessorChecker - Bean 'myCacheManager' of type [org.crazycake.shiro.RedisCacheManager] is not eligible for getting processed by all BeanPostProcessors (for example: not eligible for auto-proxying)
2022-11-08 14:32:39.005 [main] INFO  o.s.c.s.PostProcessorRegistrationDelegate$BeanPostProcessorChecker - Bean 'securityManager' of type [org.apache.shiro.web.mgt.DefaultWebSecurityManager] is not eligible for getting processed by all BeanPostProcessors (for example: not eligible for auto-proxying)
2022-11-08 14:32:39.058 [main] INFO  o.s.c.s.PostProcessorRegistrationDelegate$BeanPostProcessorChecker - Bean 'authorizationAttributeSourceAdvisor' of type [org.apache.shiro.spring.security.interceptor.AuthorizationAttributeSourceAdvisor] is not eligible for getting processed by all BeanPostProcessors (for example: not eligible for auto-proxying)
2022-11-08 14:32:39.117 [main] INFO  o.s.c.s.PostProcessorRegistrationDelegate$BeanPostProcessorChecker - Bean 'org.springframework.transaction.annotation.ProxyTransactionManagementConfiguration' of type [org.springframework.transaction.annotation.ProxyTransactionManagementConfiguration$$EnhancerBySpringCGLIB$$399dd2c8] is not eligible for getting processed by all BeanPostProcessors (for example: not eligible for auto-proxying)
2022-11-08 14:32:39.321 [main] INFO  o.s.c.s.PostProcessorRegistrationDelegate$BeanPostProcessorChecker - Bean 'org.springframework.cache.annotation.ProxyCachingConfiguration' of type [org.springframework.cache.annotation.ProxyCachingConfiguration$$EnhancerBySpringCGLIB$$82b008e6] is not eligible for getting processed by all BeanPostProcessors (for example: not eligible for auto-proxying)
2022-11-08 14:32:40.140 [main] INFO  o.s.b.c.e.tomcat.TomcatEmbeddedServletContainer - Tomcat initialized with port(s): 8080 (http)
2022-11-08 14:32:40.152 [main] INFO  org.apache.catalina.core.StandardService - Starting service [Tomcat]
2022-11-08 14:32:40.153 [main] INFO  org.apache.catalina.core.StandardEngine - Starting Servlet Engine: Apache Tomcat/8.5.23
2022-11-08 14:32:40.288 [localhost-startStop-1] INFO  o.a.c.core.ContainerBase.[Tomcat].[localhost].[/] - Initializing Spring embedded WebApplicationContext
2022-11-08 14:32:40.288 [localhost-startStop-1] INFO  org.springframework.web.context.ContextLoader - Root WebApplicationContext: initialization completed in 2964 ms
2022-11-08 14:32:41.049 [localhost-startStop-1] INFO  o.s.boot.web.servlet.ServletRegistrationBean - Mapping servlet: 'statViewServlet' to [/druid/*]
2022-11-08 14:32:41.050 [localhost-startStop-1] INFO  o.s.boot.web.servlet.ServletRegistrationBean - Mapping servlet: 'dispatcherServlet' to []
2022-11-08 14:32:41.051 [localhost-startStop-1] INFO  o.s.boot.web.servlet.ServletRegistrationBean - Mapping servlet: 'dispatcherServlet' to [/]
2022-11-08 14:32:41.051 [localhost-startStop-1] INFO  o.s.boot.web.servlet.ServletRegistrationBean - Servlet dispatcherServlet was not registered (possibly already registered?)
2022-11-08 14:32:41.051 [localhost-startStop-1] INFO  o.s.boot.web.servlet.ServletRegistrationBean - Mapping servlet: 'statViewServlet' to [/druid/*]
2022-11-08 14:32:41.051 [localhost-startStop-1] INFO  o.s.boot.web.servlet.ServletRegistrationBean - Servlet statViewServlet was not registered (possibly already registered?)
2022-11-08 14:32:41.055 [localhost-startStop-1] INFO  o.s.boot.web.servlet.FilterRegistrationBean - Mapping filter: 'characterEncodingFilter' to: [/*]
2022-11-08 14:32:41.055 [localhost-startStop-1] INFO  o.s.boot.web.servlet.FilterRegistrationBean - Mapping filter: 'hiddenHttpMethodFilter' to: [/*]
2022-11-08 14:32:41.055 [localhost-startStop-1] INFO  o.s.boot.web.servlet.FilterRegistrationBean - Mapping filter: 'httpPutFormContentFilter' to: [/*]
2022-11-08 14:32:41.055 [localhost-startStop-1] INFO  o.s.boot.web.servlet.FilterRegistrationBean - Mapping filter: 'requestContextFilter' to: [/*]
2022-11-08 14:32:41.056 [localhost-startStop-1] INFO  o.s.boot.web.servlet.FilterRegistrationBean - Mapping filter: 'webStatFilter' to urls: [/*]
2022-11-08 14:32:41.056 [localhost-startStop-1] INFO  o.s.boot.web.servlet.FilterRegistrationBean - Mapping filter: 'delegatingFilterProxy' to: [/*]
2022-11-08 14:32:41.056 [localhost-startStop-1] INFO  o.s.boot.web.servlet.FilterRegistrationBean - Filter webStatFilter was not registered (possibly already registered?)
2022-11-08 14:32:41.056 [localhost-startStop-1] INFO  o.s.boot.web.servlet.FilterRegistrationBean - Mapping filter: 'shiroFilter' to: [/*]
2022-11-08 14:32:43.314 [main] INFO  com.alibaba.druid.pool.DruidDataSource - {dataSource-1} inited
2022-11-08 14:32:44.274 [main] INFO  o.s.ui.freemarker.SpringTemplateLoader - SpringTemplateLoader for FreeMarker: using resource loader [org.springframework.boot.context.embedded.AnnotationConfigEmbeddedWebApplicationContext@75ed9710: startup date [Tue Nov 08 14:32:37 CST 2022]; root of context hierarchy] and template loader path [classpath:/templates/]
2022-11-08 14:32:44.276 [main] INFO  o.s.w.servlet.view.freemarker.FreeMarkerConfigurer - ClassTemplateLoader for Spring macros added to FreeMarker configuration
2022-11-08 14:32:47.013 [main] INFO  org.quartz.impl.StdSchedulerFactory - Using default implementation for ThreadExecutor
2022-11-08 14:32:47.029 [main] INFO  org.quartz.core.SchedulerSignalerImpl - Initialized Scheduler Signaller of type: class org.quartz.core.SchedulerSignalerImpl
2022-11-08 14:32:47.029 [main] INFO  org.quartz.core.QuartzScheduler - Quartz Scheduler v.2.3.0 created.
2022-11-08 14:32:47.038 [main] INFO  o.s.scheduling.quartz.LocalDataSourceJobStore - Using db table-based data access locking (synchronization).
2022-11-08 14:32:47.040 [main] INFO  o.s.scheduling.quartz.LocalDataSourceJobStore - JobStoreCMT initialized.
2022-11-08 14:32:47.041 [main] INFO  org.quartz.core.QuartzScheduler - Scheduler meta-data: Quartz Scheduler (v2.3.0) 'MySiteForMeScheduler' with instanceId 'bogon1667889167015'
  Scheduler class: 'org.quartz.core.QuartzScheduler' - running locally.
  NOT STARTED.
  Currently in standby mode.
  Number of jobs executed: 0
  Using thread pool 'org.quartz.simpl.SimpleThreadPool' - with 20 threads.
  Using job-store 'org.springframework.scheduling.quartz.LocalDataSourceJobStore' - which supports persistence. and is clustered.

2022-11-08 14:32:47.041 [main] INFO  org.quartz.impl.StdSchedulerFactory - Quartz scheduler 'MySiteForMeScheduler' initialized from an externally provided properties instance.
2022-11-08 14:32:47.041 [main] INFO  org.quartz.impl.StdSchedulerFactory - Quartz scheduler version: 2.3.0
2022-11-08 14:32:47.043 [main] INFO  org.quartz.core.QuartzScheduler - JobFactory set to: org.springframework.scheduling.quartz.AdaptableJobFactory@63e648a0
2022-11-08 14:32:50.556 [main] INFO  o.s.w.s.m.m.a.RequestMappingHandlerAdapter - Looking for @ControllerAdvice: org.springframework.boot.context.embedded.AnnotationConfigEmbeddedWebApplicationContext@75ed9710: startup date [Tue Nov 08 14:32:37 CST 2022]; root of context hierarchy
2022-11-08 14:32:50.800 [main] INFO  o.s.w.s.m.m.a.RequestMappingHandlerMapping - Mapped "{[/admin/blogArticle/add],methods=[POST]}" onto public com.mysiteforme.admin.util.RestResponse com.mysiteforme.admin.controller.BlogArticleController.add(com.mysiteforme.admin.entity.BlogArticle)
2022-11-08 14:32:50.801 [main] INFO  o.s.w.s.m.m.a.RequestMappingHandlerMapping - Mapped "{[/admin/blogArticle/add],methods=[GET]}" onto public java.lang.String com.mysiteforme.admin.controller.BlogArticleController.add(java.lang.Long,org.springframework.ui.Model)
2022-11-08 14:32:50.801 [main] INFO  o.s.w.s.m.m.a.RequestMappingHandlerMapping - Mapped "{[/admin/blogArticle/delete],methods=[POST]}" onto public com.mysiteforme.admin.util.RestResponse com.mysiteforme.admin.controller.BlogArticleController.delete(java.lang.Long)
2022-11-08 14:32:50.801 [main] INFO  o.s.w.s.m.m.a.RequestMappingHandlerMapping - Mapped "{[/admin/blogArticle/list],methods=[POST]}" onto public com.mysiteforme.admin.util.LayerData<com.mysiteforme.admin.entity.BlogArticle> com.mysiteforme.admin.controller.BlogArticleController.list(java.lang.Integer,java.lang.Integer,javax.servlet.ServletRequest)
2022-11-08 14:32:50.802 [main] INFO  o.s.w.s.m.m.a.RequestMappingHandlerMapping - Mapped "{[/admin/blogArticle/list],methods=[GET]}" onto public java.lang.String com.mysiteforme.admin.controller.BlogArticleController.list()
2022-11-08 14:32:50.802 [main] INFO  o.s.w.s.m.m.a.RequestMappingHandlerMapping - Mapped "{[/admin/blogArticle/edit],methods=[GET]}" onto public java.lang.String com.mysiteforme.admin.controller.BlogArticleController.edit(java.lang.Long,org.springframework.ui.Model)
2022-11-08 14:32:50.803 [main] INFO  o.s.w.s.m.m.a.RequestMappingHandlerMapping - Mapped "{[/admin/blogArticle/edit],methods=[POST]}" onto public com.mysiteforme.admin.util.RestResponse com.mysiteforme.admin.controller.BlogArticleController.edit(com.mysiteforme.admin.entity.BlogArticle)
2022-11-08 14:32:50.803 [main] INFO  o.s.w.s.m.m.a.RequestMappingHandlerMapping - Mapped "{[/admin/blogArticle/createIndex],methods=[GET]}" onto public com.mysiteforme.admin.util.RestResponse com.mysiteforme.admin.controller.BlogArticleController.createIndex()
2022-11-08 14:32:50.805 [main] INFO  o.s.w.s.m.m.a.RequestMappingHandlerMapping - Mapped "{[/admin/blogChannel/add],methods=[POST]}" onto public com.mysiteforme.admin.util.RestResponse com.mysiteforme.admin.controller.BlogChannelController.add(com.mysiteforme.admin.entity.BlogChannel)
2022-11-08 14:32:50.806 [main] INFO  o.s.w.s.m.m.a.RequestMappingHandlerMapping - Mapped "{[/admin/blogChannel/add],methods=[GET]}" onto public java.lang.String com.mysiteforme.admin.controller.BlogChannelController.add(java.lang.Long,org.springframework.ui.Model)
2022-11-08 14:32:50.806 [main] INFO  o.s.w.s.m.m.a.RequestMappingHandlerMapping - Mapped "{[/admin/blogChannel/delete],methods=[POST]}" onto public com.mysiteforme.admin.util.RestResponse com.mysiteforme.admin.controller.BlogChannelController.delete(java.lang.Long)
2022-11-08 14:32:50.806 [main] INFO  o.s.w.s.m.m.a.RequestMappingHandlerMapping - Mapped "{[/admin/blogChannel/list],methods=[POST]}" onto public com.mysiteforme.admin.util.RestResponse com.mysiteforme.admin.controller.BlogChannelController.list(javax.servlet.http.HttpServletRequest)
2022-11-08 14:32:50.807 [main] INFO  o.s.w.s.m.m.a.RequestMappingHandlerMapping - Mapped "{[/admin/blogChannel/list],methods=[GET]}" onto public java.lang.String com.mysiteforme.admin.controller.BlogChannelController.list()
2022-11-08 14:32:50.807 [main] INFO  o.s.w.s.m.m.a.RequestMappingHandlerMapping - Mapped "{[/admin/blogChannel/edit],methods=[GET]}" onto public java.lang.String com.mysiteforme.admin.controller.BlogChannelController.edit(java.lang.Long,org.springframework.ui.Model)
2022-11-08 14:32:50.807 [main] INFO  o.s.w.s.m.m.a.RequestMappingHandlerMapping - Mapped "{[/admin/blogChannel/edit],methods=[POST]}" onto public com.mysiteforme.admin.util.RestResponse com.mysiteforme.admin.controller.BlogChannelController.edit(com.mysiteforme.admin.entity.BlogChannel)
2022-11-08 14:32:50.807 [main] INFO  o.s.w.s.m.m.a.RequestMappingHandlerMapping - Mapped "{[/admin/blogChannel/ztreeData],methods=[POST]}" onto public com.mysiteforme.admin.util.RestResponse com.mysiteforme.admin.controller.BlogChannelController.getZtreeChannelData()
2022-11-08 14:32:50.808 [main] INFO  o.s.w.s.m.m.a.RequestMappingHandlerMapping - Mapped "{[/admin/blogChannel/checkHref],methods=[POST]}" onto public com.mysiteforme.admin.util.RestResponse com.mysiteforme.admin.controller.BlogChannelController.checkHref(java.lang.Long,java.lang.String)
2022-11-08 14:32:50.810 [main] INFO  o.s.w.s.m.m.a.RequestMappingHandlerMapping - Mapped "{[/admin/blogComment/add],methods=[POST]}" onto public com.mysiteforme.admin.util.RestResponse com.mysiteforme.admin.controller.BlogCommentController.add(com.mysiteforme.admin.entity.BlogComment,javax.servlet.http.HttpServletRequest)
2022-11-08 14:32:50.810 [main] INFO  o.s.w.s.m.m.a.RequestMappingHandlerMapping - Mapped "{[/admin/blogComment/add],methods=[GET]}" onto public java.lang.String com.mysiteforme.admin.controller.BlogCommentController.add()
2022-11-08 14:32:50.810 [main] INFO  o.s.w.s.m.m.a.RequestMappingHandlerMapping - Mapped "{[/admin/blogComment/delete],methods=[POST]}" onto public com.mysiteforme.admin.util.RestResponse com.mysiteforme.admin.controller.BlogCommentController.delete(java.lang.Long)
2022-11-08 14:32:50.810 [main] INFO  o.s.w.s.m.m.a.RequestMappingHandlerMapping - Mapped "{[/admin/blogComment/list],methods=[POST]}" onto public com.mysiteforme.admin.util.LayerData<com.mysiteforme.admin.entity.BlogComment> com.mysiteforme.admin.controller.BlogCommentController.list(java.lang.Integer,java.lang.Integer,javax.servlet.ServletRequest)
2022-11-08 14:32:50.810 [main] INFO  o.s.w.s.m.m.a.RequestMappingHandlerMapping - Mapped "{[/admin/blogComment/list],methods=[GET]}" onto public java.lang.String com.mysiteforme.admin.controller.BlogCommentController.list()
2022-11-08 14:32:50.811 [main] INFO  o.s.w.s.m.m.a.RequestMappingHandlerMapping - Mapped "{[/admin/blogComment/edit],methods=[GET]}" onto public java.lang.String com.mysiteforme.admin.controller.BlogCommentController.edit(java.lang.Long,org.springframework.ui.Model)
2022-11-08 14:32:50.811 [main] INFO  o.s.w.s.m.m.a.RequestMappingHandlerMapping - Mapped "{[/admin/blogComment/edit],methods=[POST]}" onto public com.mysiteforme.admin.util.RestResponse com.mysiteforme.admin.controller.BlogCommentController.edit(com.mysiteforme.admin.entity.BlogComment)
2022-11-08 14:32:50.811 [main] INFO  o.s.w.s.m.m.a.RequestMappingHandlerMapping - Mapped "{[/admin/blogComment/adminReplay],methods=[POST]}" onto public com.mysiteforme.admin.util.RestResponse com.mysiteforme.admin.controller.BlogCommentController.adminReplay(com.mysiteforme.admin.entity.BlogComment)
2022-11-08 14:32:50.815 [main] INFO  o.s.w.s.m.m.a.RequestMappingHandlerMapping - Mapped "{[/admin/blogTags/add],methods=[POST]}" onto public com.mysiteforme.admin.util.RestResponse com.mysiteforme.admin.controller.BlogTagsController.add(com.mysiteforme.admin.entity.BlogTags)
2022-11-08 14:32:50.815 [main] INFO  o.s.w.s.m.m.a.RequestMappingHandlerMapping - Mapped "{[/admin/blogTags/add],methods=[GET]}" onto public java.lang.String com.mysiteforme.admin.controller.BlogTagsController.add()
2022-11-08 14:32:50.815 [main] INFO  o.s.w.s.m.m.a.RequestMappingHandlerMapping - Mapped "{[/admin/blogTags/delete],methods=[POST]}" onto public com.mysiteforme.admin.util.RestResponse com.mysiteforme.admin.controller.BlogTagsController.delete(java.lang.Long)
2022-11-08 14:32:50.816 [main] INFO  o.s.w.s.m.m.a.RequestMappingHandlerMapping - Mapped "{[/admin/blogTags/list],methods=[POST]}" onto public com.mysiteforme.admin.util.LayerData<com.mysiteforme.admin.entity.BlogTags> com.mysiteforme.admin.controller.BlogTagsController.list(java.lang.Integer,java.lang.Integer,javax.servlet.ServletRequest)
2022-11-08 14:32:50.816 [main] INFO  o.s.w.s.m.m.a.RequestMappingHandlerMapping - Mapped "{[/admin/blogTags/list],methods=[GET]}" onto public java.lang.String com.mysiteforme.admin.controller.BlogTagsController.list()
2022-11-08 14:32:50.816 [main] INFO  o.s.w.s.m.m.a.RequestMappingHandlerMapping - Mapped "{[/admin/blogTags/edit],methods=[GET]}" onto public java.lang.String com.mysiteforme.admin.controller.BlogTagsController.edit(java.lang.Long,org.springframework.ui.Model)
2022-11-08 14:32:50.817 [main] INFO  o.s.w.s.m.m.a.RequestMappingHandlerMapping - Mapped "{[/admin/blogTags/edit],methods=[POST]}" onto public com.mysiteforme.admin.util.RestResponse com.mysiteforme.admin.controller.BlogTagsController.edit(com.mysiteforme.admin.entity.BlogTags)
2022-11-08 14:32:50.817 [main] INFO  o.s.w.s.m.m.a.RequestMappingHandlerMapping - Mapped "{[/admin/blogTags/checkTagName],methods=[POST]}" onto public com.mysiteforme.admin.util.RestResponse com.mysiteforme.admin.controller.BlogTagsController.checkTagName(java.lang.String)
2022-11-08 14:32:50.817 [main] INFO  o.s.w.s.m.m.a.RequestMappingHandlerMapping - Mapped "{[/admin/druid/list],methods=[GET]}" onto public java.lang.String com.mysiteforme.admin.controller.DruidController.index()
2022-11-08 14:32:50.821 [main] INFO  o.s.w.s.m.m.a.RequestMappingHandlerMapping - Mapped "{[],methods=[GET]}" onto public java.lang.String com.mysiteforme.admin.controller.LoginController.index()
2022-11-08 14:32:50.821 [main] INFO  o.s.w.s.m.m.a.RequestMappingHandlerMapping - Mapped "{[/main],methods=[GET]}" onto public java.lang.String com.mysiteforme.admin.controller.LoginController.main(org.springframework.ui.Model)
2022-11-08 14:32:50.821 [main] INFO  o.s.w.s.m.m.a.RequestMappingHandlerMapping - Mapped "{[/login],methods=[GET]}" onto public java.lang.String com.mysiteforme.admin.controller.LoginController.login(javax.servlet.http.HttpServletRequest)
2022-11-08 14:32:50.821 [main] INFO  o.s.w.s.m.m.a.RequestMappingHandlerMapping - Mapped "{[/index],methods=[GET]}" onto public java.lang.String com.mysiteforme.admin.controller.LoginController.showView(org.springframework.ui.Model)
2022-11-08 14:32:50.822 [main] INFO  o.s.w.s.m.m.a.RequestMappingHandlerMapping - Mapped "{[/login/main],methods=[POST]}" onto public com.mysiteforme.admin.util.RestResponse com.mysiteforme.admin.controller.LoginController.loginMain(javax.servlet.http.HttpServletRequest)
2022-11-08 14:32:50.822 [main] INFO  o.s.w.s.m.m.a.RequestMappingHandlerMapping - Mapped "{[/genCaptcha],methods=[GET]}" onto public void com.mysiteforme.admin.controller.LoginController.genCaptcha(javax.servlet.http.HttpServletRequest,javax.servlet.http.HttpServletResponse) throws java.io.IOException
2022-11-08 14:32:50.822 [main] INFO  o.s.w.s.m.m.a.RequestMappingHandlerMapping - Mapped "{[/systemLogout],methods=[GET]}" onto public java.lang.String com.mysiteforme.admin.controller.LoginController.logOut()
2022-11-08 14:32:50.825 [main] INFO  o.s.w.s.m.m.a.RequestMappingHandlerMapping - Mapped "{[/admin/quartzTask/run],methods=[POST]}" onto public com.mysiteforme.admin.util.RestResponse com.mysiteforme.admin.controller.QuartzTaskController.run(java.util.List<java.lang.Long>)
2022-11-08 14:32:50.825 [main] INFO  o.s.w.s.m.m.a.RequestMappingHandlerMapping - Mapped "{[/admin/quartzTask/add],methods=[POST]}" onto public com.mysiteforme.admin.util.RestResponse com.mysiteforme.admin.controller.QuartzTaskController.add(com.mysiteforme.admin.entity.QuartzTask)
2022-11-08 14:32:50.825 [main] INFO  o.s.w.s.m.m.a.RequestMappingHandlerMapping - Mapped "{[/admin/quartzTask/add],methods=[GET]}" onto public java.lang.String com.mysiteforme.admin.controller.QuartzTaskController.add()
2022-11-08 14:32:50.825 [main] INFO  o.s.w.s.m.m.a.RequestMappingHandlerMapping - Mapped "{[/admin/quartzTask/delete],methods=[POST]}" onto public com.mysiteforme.admin.util.RestResponse com.mysiteforme.admin.controller.QuartzTaskController.delete(java.util.List<java.lang.Long>)
2022-11-08 14:32:50.826 [main] INFO  o.s.w.s.m.m.a.RequestMappingHandlerMapping - Mapped "{[/admin/quartzTask/resume],methods=[POST]}" onto public com.mysiteforme.admin.util.RestResponse com.mysiteforme.admin.controller.QuartzTaskController.resume(java.util.List<java.lang.Long>)
2022-11-08 14:32:50.826 [main] INFO  o.s.w.s.m.m.a.RequestMappingHandlerMapping - Mapped "{[/admin/quartzTask/list],methods=[POST]}" onto public com.mysiteforme.admin.util.LayerData<com.mysiteforme.admin.entity.QuartzTask> com.mysiteforme.admin.controller.QuartzTaskController.list(java.lang.Integer,java.lang.Integer,javax.servlet.ServletRequest)
2022-11-08 14:32:50.826 [main] INFO  o.s.w.s.m.m.a.RequestMappingHandlerMapping - Mapped "{[/admin/quartzTask/list],methods=[GET]}" onto public java.lang.String com.mysiteforme.admin.controller.QuartzTaskController.list()
2022-11-08 14:32:50.826 [main] INFO  o.s.w.s.m.m.a.RequestMappingHandlerMapping - Mapped "{[/admin/quartzTask/edit],methods=[POST]}" onto public com.mysiteforme.admin.util.RestResponse com.mysiteforme.admin.controller.QuartzTaskController.edit(com.mysiteforme.admin.entity.QuartzTask)
2022-11-08 14:32:50.826 [main] INFO  o.s.w.s.m.m.a.RequestMappingHandlerMapping - Mapped "{[/admin/quartzTask/edit],methods=[GET]}" onto public java.lang.String com.mysiteforme.admin.controller.QuartzTaskController.edit(java.lang.Long,org.springframework.ui.Model)
2022-11-08 14:32:50.827 [main] INFO  o.s.w.s.m.m.a.RequestMappingHandlerMapping - Mapped "{[/admin/quartzTask/paush],methods=[POST]}" onto public com.mysiteforme.admin.util.RestResponse com.mysiteforme.admin.controller.QuartzTaskController.paush(java.util.List<java.lang.Long>)
2022-11-08 14:32:50.828 [main] INFO  o.s.w.s.m.m.a.RequestMappingHandlerMapping - Mapped "{[/admin/quartzTaskLog/add],methods=[POST]}" onto public com.mysiteforme.admin.util.RestResponse com.mysiteforme.admin.controller.QuartzTaskLogController.add(com.mysiteforme.admin.entity.QuartzTaskLog)
2022-11-08 14:32:50.828 [main] INFO  o.s.w.s.m.m.a.RequestMappingHandlerMapping - Mapped "{[/admin/quartzTaskLog/add],methods=[GET]}" onto public java.lang.String com.mysiteforme.admin.controller.QuartzTaskLogController.add()
2022-11-08 14:32:50.828 [main] INFO  o.s.w.s.m.m.a.RequestMappingHandlerMapping - Mapped "{[/admin/quartzTaskLog/delete],methods=[POST]}" onto public com.mysiteforme.admin.util.RestResponse com.mysiteforme.admin.controller.QuartzTaskLogController.delete(java.lang.Long)
2022-11-08 14:32:50.829 [main] INFO  o.s.w.s.m.m.a.RequestMappingHandlerMapping - Mapped "{[/admin/quartzTaskLog/list],methods=[POST]}" onto public com.mysiteforme.admin.util.LayerData<com.mysiteforme.admin.entity.QuartzTaskLog> com.mysiteforme.admin.controller.QuartzTaskLogController.list(java.lang.Integer,java.lang.Integer,javax.servlet.ServletRequest)
2022-11-08 14:32:50.829 [main] INFO  o.s.w.s.m.m.a.RequestMappingHandlerMapping - Mapped "{[/admin/quartzTaskLog/list],methods=[GET]}" onto public java.lang.String com.mysiteforme.admin.controller.QuartzTaskLogController.list()
2022-11-08 14:32:50.829 [main] INFO  o.s.w.s.m.m.a.RequestMappingHandlerMapping - Mapped "{[/admin/quartzTaskLog/edit],methods=[POST]}" onto public com.mysiteforme.admin.util.RestResponse com.mysiteforme.admin.controller.QuartzTaskLogController.edit(com.mysiteforme.admin.entity.QuartzTaskLog)
2022-11-08 14:32:50.829 [main] INFO  o.s.w.s.m.m.a.RequestMappingHandlerMapping - Mapped "{[/admin/quartzTaskLog/edit],methods=[GET]}" onto public java.lang.String com.mysiteforme.admin.controller.QuartzTaskLogController.edit(java.lang.Long,org.springframework.ui.Model)
2022-11-08 14:32:50.831 [main] INFO  o.s.w.s.m.m.a.RequestMappingHandlerMapping - Mapped "{[/admin/system/dict/add],methods=[POST]}" onto public com.mysiteforme.admin.util.RestResponse com.mysiteforme.admin.controller.system.DictController.add(com.mysiteforme.admin.entity.Dict)
2022-11-08 14:32:50.831 [main] INFO  o.s.w.s.m.m.a.RequestMappingHandlerMapping - Mapped "{[/admin/system/dict/add],methods=[GET]}" onto public java.lang.String com.mysiteforme.admin.controller.system.DictController.add(java.lang.String,org.springframework.ui.Model)
2022-11-08 14:32:50.832 [main] INFO  o.s.w.s.m.m.a.RequestMappingHandlerMapping - Mapped "{[/admin/system/dict/list],methods=[GET]}" onto public java.lang.String com.mysiteforme.admin.controller.system.DictController.list()
2022-11-08 14:32:50.832 [main] INFO  o.s.w.s.m.m.a.RequestMappingHandlerMapping - Mapped "{[/admin/system/dict/list],methods=[POST]}" onto public com.mysiteforme.admin.util.LayerData<com.mysiteforme.admin.entity.Dict> com.mysiteforme.admin.controller.system.DictController.list(java.lang.Integer,java.lang.Integer,javax.servlet.ServletRequest)
2022-11-08 14:32:50.832 [main] INFO  o.s.w.s.m.m.a.RequestMappingHandlerMapping - Mapped "{[/admin/system/dict/edit],methods=[GET]}" onto public java.lang.String com.mysiteforme.admin.controller.system.DictController.edit(java.lang.Long,org.springframework.ui.Model)
2022-11-08 14:32:50.832 [main] INFO  o.s.w.s.m.m.a.RequestMappingHandlerMapping - Mapped "{[/admin/system/dict/edit],methods=[POST]}" onto public com.mysiteforme.admin.util.RestResponse com.mysiteforme.admin.controller.system.DictController.edit(com.mysiteforme.admin.entity.Dict)
2022-11-08 14:32:50.833 [main] INFO  o.s.w.s.m.m.a.RequestMappingHandlerMapping - Mapped "{[/admin/system/dict/editType],methods=[POST]}" onto public com.mysiteforme.admin.util.RestResponse com.mysiteforme.admin.controller.system.DictController.editType(java.lang.String,java.lang.String)
2022-11-08 14:32:50.833 [main] INFO  o.s.w.s.m.m.a.RequestMappingHandlerMapping - Mapped "{[/admin/system/dict/deleteById],methods=[POST]}" onto public com.mysiteforme.admin.util.RestResponse com.mysiteforme.admin.controller.system.DictController.deleteById(java.lang.Long)
2022-11-08 14:32:50.834 [main] INFO  o.s.w.s.m.m.a.RequestMappingHandlerMapping - Mapped "{[/file/download],methods=[GET]}" onto public com.mysiteforme.admin.util.RestResponse com.mysiteforme.admin.controller.system.FileController.downFile(java.lang.String,java.lang.String,javax.servlet.http.HttpServletResponse) throws java.io.IOException
2022-11-08 14:32:50.835 [main] INFO  o.s.w.s.m.m.a.RequestMappingHandlerMapping - Mapped "{[/file/upload],methods=[POST]}" onto public com.mysiteforme.admin.util.RestResponse com.mysiteforme.admin.controller.system.FileController.uploadFile(org.springframework.web.multipart.MultipartFile,javax.servlet.http.HttpServletRequest)
2022-11-08 14:32:50.835 [main] INFO  o.s.w.s.m.m.a.RequestMappingHandlerMapping - Mapped "{[/file/uploadBase64],methods=[POST]}" onto public com.mysiteforme.admin.util.RestResponse com.mysiteforme.admin.controller.system.FileController.uploadBase64(java.lang.String,java.lang.String)
2022-11-08 14:32:50.835 [main] INFO  o.s.w.s.m.m.a.RequestMappingHandlerMapping - Mapped "{[/file/uploadWang],methods=[POST]}" onto public java.util.Map<java.lang.String, java.lang.Object> com.mysiteforme.admin.controller.system.FileController.uploadWang(org.springframework.web.multipart.MultipartFile[],javax.servlet.http.HttpServletRequest)
2022-11-08 14:32:50.835 [main] INFO  o.s.w.s.m.m.a.RequestMappingHandlerMapping - Mapped "{[/file/doContent],methods=[POST]}" onto public com.mysiteforme.admin.util.RestResponse com.mysiteforme.admin.controller.system.FileController.doContent(java.lang.String,javax.servlet.http.HttpServletRequest) throws java.io.IOException,java.security.NoSuchAlgorithmException
2022-11-08 14:32:50.836 [main] INFO  o.s.w.s.m.m.a.RequestMappingHandlerMapping - Mapped "{[/file/downCheck],methods=[POST]}" onto public com.mysiteforme.admin.util.RestResponse com.mysiteforme.admin.controller.system.FileController.downCheck(java.lang.String,java.lang.String)
2022-11-08 14:32:50.836 [main] INFO  o.s.w.s.m.m.a.RequestMappingHandlerMapping - Mapped "{[/admin/system/log/delete],methods=[POST]}" onto public com.mysiteforme.admin.util.RestResponse com.mysiteforme.admin.controller.system.LogController.delete(java.util.List<java.lang.Long>)
2022-11-08 14:32:50.837 [main] INFO  o.s.w.s.m.m.a.RequestMappingHandlerMapping - Mapped "{[/admin/system/log/list],methods=[POST]}" onto public com.mysiteforme.admin.util.LayerData<com.mysiteforme.admin.entity.Log> com.mysiteforme.admin.controller.system.LogController.list(java.lang.Integer,java.lang.Integer,javax.servlet.ServletRequest)
2022-11-08 14:32:50.837 [main] INFO  o.s.w.s.m.m.a.RequestMappingHandlerMapping - Mapped "{[/admin/system/log/list],methods=[GET]}" onto public java.lang.String com.mysiteforme.admin.controller.system.LogController.list()
2022-11-08 14:32:50.837 [main] INFO  o.s.w.s.m.m.a.RequestMappingHandlerMapping - Mapped "{[/admin/system/log/pvs],methods=[GET]}" onto public com.mysiteforme.admin.util.RestResponse com.mysiteforme.admin.controller.system.LogController.getPV()
2022-11-08 14:32:50.839 [main] INFO  o.s.w.s.m.m.a.RequestMappingHandlerMapping - Mapped "{[/admin/system/menu/add],methods=[GET]}" onto public java.lang.String com.mysiteforme.admin.controller.system.MenuController.add(java.lang.Long,org.springframework.ui.Model)
2022-11-08 14:32:50.840 [main] INFO  o.s.w.s.m.m.a.RequestMappingHandlerMapping - Mapped "{[/admin/system/menu/add],methods=[POST]}" onto public com.mysiteforme.admin.util.RestResponse com.mysiteforme.admin.controller.system.MenuController.add(com.mysiteforme.admin.entity.Menu)
2022-11-08 14:32:50.840 [main] INFO  o.s.w.s.m.m.a.RequestMappingHandlerMapping - Mapped "{[/admin/system/menu/delete],methods=[POST]}" onto public com.mysiteforme.admin.util.RestResponse com.mysiteforme.admin.controller.system.MenuController.delete(java.lang.Long)
2022-11-08 14:32:50.840 [main] INFO  o.s.w.s.m.m.a.RequestMappingHandlerMapping - Mapped "{[/admin/system/menu/list],methods=[GET]}" onto public java.lang.String com.mysiteforme.admin.controller.system.MenuController.list(org.springframework.ui.Model)
2022-11-08 14:32:50.841 [main] INFO  o.s.w.s.m.m.a.RequestMappingHandlerMapping - Mapped "{[/admin/system/menu/tree],methods=[POST]}" onto public com.mysiteforme.admin.util.RestResponse com.mysiteforme.admin.controller.system.MenuController.tree()
2022-11-08 14:32:50.841 [main] INFO  o.s.w.s.m.m.a.RequestMappingHandlerMapping - Mapped "{[/admin/system/menu/edit],methods=[GET]}" onto public java.lang.String com.mysiteforme.admin.controller.system.MenuController.edit(java.lang.Long,org.springframework.ui.Model)
2022-11-08 14:32:50.841 [main] INFO  o.s.w.s.m.m.a.RequestMappingHandlerMapping - Mapped "{[/admin/system/menu/edit],methods=[POST]}" onto public com.mysiteforme.admin.util.RestResponse com.mysiteforme.admin.controller.system.MenuController.edit(com.mysiteforme.admin.entity.Menu)
2022-11-08 14:32:50.841 [main] INFO  o.s.w.s.m.m.a.RequestMappingHandlerMapping - Mapped "{[/admin/system/menu/isShow],methods=[POST]}" onto public com.mysiteforme.admin.util.RestResponse com.mysiteforme.admin.controller.system.MenuController.isShow(java.lang.Long,java.lang.String)
2022-11-08 14:32:50.842 [main] INFO  o.s.w.s.m.m.a.RequestMappingHandlerMapping - Mapped "{[/admin/system/menu/treelist],methods=[POST]}" onto public com.mysiteforme.admin.util.RestResponse com.mysiteforme.admin.controller.system.MenuController.treelist()
2022-11-08 14:32:50.843 [main] INFO  o.s.w.s.m.m.a.RequestMappingHandlerMapping - Mapped "{[/admin/system/rescource/delete],methods=[POST]}" onto public com.mysiteforme.admin.util.RestResponse com.mysiteforme.admin.controller.system.RescourceController.delete(java.util.List<java.lang.Long>)
2022-11-08 14:32:50.843 [main] INFO  o.s.w.s.m.m.a.RequestMappingHandlerMapping - Mapped "{[/admin/system/rescource/list],methods=[POST]}" onto public com.mysiteforme.admin.util.LayerData<com.mysiteforme.admin.entity.Rescource> com.mysiteforme.admin.controller.system.RescourceController.list(java.lang.Integer,java.lang.Integer,javax.servlet.ServletRequest)
2022-11-08 14:32:50.843 [main] INFO  o.s.w.s.m.m.a.RequestMappingHandlerMapping - Mapped "{[/admin/system/rescource/list],methods=[GET]}" onto public java.lang.String com.mysiteforme.admin.controller.system.RescourceController.list()
2022-11-08 14:32:50.844 [main] INFO  o.s.w.s.m.m.a.RequestMappingHandlerMapping - Mapped "{[/admin/system/rescource/test],methods=[GET]}" onto public java.lang.String com.mysiteforme.admin.controller.system.RescourceController.error() throws java.lang.Exception
2022-11-08 14:32:50.845 [main] INFO  o.s.w.s.m.m.a.RequestMappingHandlerMapping - Mapped "{[/admin/system/role/add],methods=[GET]}" onto public java.lang.String com.mysiteforme.admin.controller.system.RoleController.add(org.springframework.ui.Model)
2022-11-08 14:32:50.846 [main] INFO  o.s.w.s.m.m.a.RequestMappingHandlerMapping - Mapped "{[/admin/system/role/add],methods=[POST]}" onto public com.mysiteforme.admin.util.RestResponse com.mysiteforme.admin.controller.system.RoleController.add(com.mysiteforme.admin.entity.Role)
2022-11-08 14:32:50.846 [main] INFO  o.s.w.s.m.m.a.RequestMappingHandlerMapping - Mapped "{[/admin/system/role/delete],methods=[POST]}" onto public com.mysiteforme.admin.util.RestResponse com.mysiteforme.admin.controller.system.RoleController.delete(java.lang.Long)
2022-11-08 14:32:50.846 [main] INFO  o.s.w.s.m.m.a.RequestMappingHandlerMapping - Mapped "{[/admin/system/role/list],methods=[POST]}" onto public com.mysiteforme.admin.util.LayerData<com.mysiteforme.admin.entity.Role> com.mysiteforme.admin.controller.system.RoleController.list(java.lang.Integer,java.lang.Integer,javax.servlet.ServletRequest)
2022-11-08 14:32:50.847 [main] INFO  o.s.w.s.m.m.a.RequestMappingHandlerMapping - Mapped "{[/admin/system/role/list],methods=[GET]}" onto public java.lang.String com.mysiteforme.admin.controller.system.RoleController.list()
2022-11-08 14:32:50.847 [main] INFO  o.s.w.s.m.m.a.RequestMappingHandlerMapping - Mapped "{[/admin/system/role/edit],methods=[GET]}" onto public java.lang.String com.mysiteforme.admin.controller.system.RoleController.edit(java.lang.Long,org.springframework.ui.Model)
2022-11-08 14:32:50.847 [main] INFO  o.s.w.s.m.m.a.RequestMappingHandlerMapping - Mapped "{[/admin/system/role/edit],methods=[POST]}" onto public com.mysiteforme.admin.util.RestResponse com.mysiteforme.admin.controller.system.RoleController.edit(com.mysiteforme.admin.entity.Role)
2022-11-08 14:32:50.847 [main] INFO  o.s.w.s.m.m.a.RequestMappingHandlerMapping - Mapped "{[/admin/system/role/deleteSome],methods=[POST]}" onto public com.mysiteforme.admin.util.RestResponse com.mysiteforme.admin.controller.system.RoleController.deleteSome(java.util.List<com.mysiteforme.admin.entity.Role>)
2022-11-08 14:32:50.849 [main] INFO  o.s.w.s.m.m.a.RequestMappingHandlerMapping - Mapped "{[/admin/system/site/edit],methods=[POST]}" onto public com.mysiteforme.admin.util.RestResponse com.mysiteforme.admin.controller.system.SiteController.edit(com.mysiteforme.admin.entity.Site,javax.servlet.http.HttpServletRequest)
2022-11-08 14:32:50.849 [main] INFO  o.s.w.s.m.m.a.RequestMappingHandlerMapping - Mapped "{[/admin/system/site/qiniu],methods=[GET]}" onto public java.lang.String com.mysiteforme.admin.controller.system.SiteController.qiniu(org.springframework.ui.Model)
2022-11-08 14:32:50.849 [main] INFO  o.s.w.s.m.m.a.RequestMappingHandlerMapping - Mapped "{[/admin/system/site/oss],methods=[GET]}" onto public java.lang.String com.mysiteforme.admin.controller.system.SiteController.oss(org.springframework.ui.Model)
2022-11-08 14:32:50.849 [main] INFO  o.s.w.s.m.m.a.RequestMappingHandlerMapping - Mapped "{[/admin/system/site/editOss],methods=[POST]}" onto public com.mysiteforme.admin.util.RestResponse com.mysiteforme.admin.controller.system.SiteController.editOss(com.mysiteforme.admin.entity.UploadInfo,javax.servlet.http.HttpServletRequest)
2022-11-08 14:32:50.850 [main] INFO  o.s.w.s.m.m.a.RequestMappingHandlerMapping - Mapped "{[/admin/system/site/show],methods=[GET]}" onto public java.lang.String com.mysiteforme.admin.controller.system.SiteController.show(org.springframework.ui.Model)
2022-11-08 14:32:50.850 [main] INFO  o.s.w.s.m.m.a.RequestMappingHandlerMapping - Mapped "{[/admin/system/site/editQiniu],methods=[POST]}" onto public com.mysiteforme.admin.util.RestResponse com.mysiteforme.admin.controller.system.SiteController.editQiniu(com.mysiteforme.admin.entity.UploadInfo,javax.servlet.http.HttpServletRequest)
2022-11-08 14:32:50.852 [main] INFO  o.s.w.s.m.m.a.RequestMappingHandlerMapping - Mapped "{[/admin/system/table/add],methods=[POST]}" onto public com.mysiteforme.admin.util.RestResponse com.mysiteforme.admin.controller.system.TableController.add(com.mysiteforme.admin.entity.VO.TableVO)
2022-11-08 14:32:50.853 [main] INFO  o.s.w.s.m.m.a.RequestMappingHandlerMapping - Mapped "{[/admin/system/table/add],methods=[GET]}" onto public java.lang.String com.mysiteforme.admin.controller.system.TableController.add()
2022-11-08 14:32:50.853 [main] INFO  o.s.w.s.m.m.a.RequestMappingHandlerMapping - Mapped "{[/admin/system/table/delete],methods=[POST]}" onto public com.mysiteforme.admin.util.RestResponse com.mysiteforme.admin.controller.system.TableController.delete(java.lang.String)
2022-11-08 14:32:50.853 [main] INFO  o.s.w.s.m.m.a.RequestMappingHandlerMapping - Mapped "{[/admin/system/table/list],methods=[GET]}" onto public java.lang.String com.mysiteforme.admin.controller.system.TableController.list()
2022-11-08 14:32:50.853 [main] INFO  o.s.w.s.m.m.a.RequestMappingHandlerMapping - Mapped "{[/admin/system/table/list],methods=[POST]}" onto public com.mysiteforme.admin.util.LayerData<com.mysiteforme.admin.entity.VO.TableVO> com.mysiteforme.admin.controller.system.TableController.list(java.lang.Integer,java.lang.Integer,javax.servlet.ServletRequest)
2022-11-08 14:32:50.854 [main] INFO  o.s.w.s.m.m.a.RequestMappingHandlerMapping - Mapped "{[/admin/system/table/edit],methods=[GET]}" onto public java.lang.String com.mysiteforme.admin.controller.system.TableController.edit(java.lang.String,org.springframework.ui.Model)
2022-11-08 14:32:50.854 [main] INFO  o.s.w.s.m.m.a.RequestMappingHandlerMapping - Mapped "{[/admin/system/table/addField],methods=[POST]}" onto public com.mysiteforme.admin.util.RestResponse com.mysiteforme.admin.controller.system.TableController.addField(com.mysiteforme.admin.entity.VO.TableField)
2022-11-08 14:32:50.854 [main] INFO  o.s.w.s.m.m.a.RequestMappingHandlerMapping - Mapped "{[/admin/system/table/download],methods=[POST]}" onto public com.mysiteforme.admin.util.RestResponse com.mysiteforme.admin.controller.system.TableController.download(java.lang.String[],java.lang.String[],javax.servlet.http.HttpServletResponse) throws java.lang.Exception
2022-11-08 14:32:50.854 [main] INFO  o.s.w.s.m.m.a.RequestMappingHandlerMapping - Mapped "{[/admin/system/table/editTable],methods=[POST]}" onto public com.mysiteforme.admin.util.RestResponse com.mysiteforme.admin.controller.system.TableController.editTable(java.lang.String,java.lang.String,java.lang.String,java.lang.Integer)
2022-11-08 14:32:50.855 [main] INFO  o.s.w.s.m.m.a.RequestMappingHandlerMapping - Mapped "{[/admin/system/table/fieldlist],methods=[POST]}" onto public com.mysiteforme.admin.util.LayerData<com.mysiteforme.admin.entity.VO.TableField> com.mysiteforme.admin.controller.system.TableController.fieldlist(java.lang.Integer,java.lang.Integer,javax.servlet.ServletRequest)
2022-11-08 14:32:50.855 [main] INFO  o.s.w.s.m.m.a.RequestMappingHandlerMapping - Mapped "{[/admin/system/table/showFields],methods=[POST]}" onto public com.mysiteforme.admin.util.LayerData<com.mysiteforme.admin.entity.VO.TableField> com.mysiteforme.admin.controller.system.TableController.showFields(java.lang.String,java.lang.Integer)
2022-11-08 14:32:50.855 [main] INFO  o.s.w.s.m.m.a.RequestMappingHandlerMapping - Mapped "{[/admin/system/table/editField],methods=[POST]}" onto public com.mysiteforme.admin.util.RestResponse com.mysiteforme.admin.controller.system.TableController.editField(com.mysiteforme.admin.entity.VO.TableField)
2022-11-08 14:32:50.856 [main] INFO  o.s.w.s.m.m.a.RequestMappingHandlerMapping - Mapped "{[/admin/system/table/fieldIsExist],methods=[POST]}" onto public com.mysiteforme.admin.util.RestResponse com.mysiteforme.admin.controller.system.TableController.fieldIsExist(java.lang.String,java.lang.String)
2022-11-08 14:32:50.856 [main] INFO  o.s.w.s.m.m.a.RequestMappingHandlerMapping - Mapped "{[/admin/system/table/deleteField],methods=[POST]}" onto public com.mysiteforme.admin.util.RestResponse com.mysiteforme.admin.controller.system.TableController.deleteField(java.lang.String,java.lang.String)
2022-11-08 14:32:50.858 [main] INFO  o.s.w.s.m.m.a.RequestMappingHandlerMapping - Mapped "{[/admin/system/user/add],methods=[POST]}" onto public com.mysiteforme.admin.util.RestResponse com.mysiteforme.admin.controller.system.UserConteroller.add(com.mysiteforme.admin.entity.User)
2022-11-08 14:32:50.858 [main] INFO  o.s.w.s.m.m.a.RequestMappingHandlerMapping - Mapped "{[/admin/system/user/add],methods=[GET]}" onto public java.lang.String com.mysiteforme.admin.controller.system.UserConteroller.add(org.springframework.ui.Model)
2022-11-08 14:32:50.859 [main] INFO  o.s.w.s.m.m.a.RequestMappingHandlerMapping - Mapped "{[/admin/system/user/delete],methods=[POST]}" onto public com.mysiteforme.admin.util.RestResponse com.mysiteforme.admin.controller.system.UserConteroller.delete(java.lang.Long)
2022-11-08 14:32:50.859 [main] INFO  o.s.w.s.m.m.a.RequestMappingHandlerMapping - Mapped "{[/admin/system/user/list],methods=[POST]}" onto public com.mysiteforme.admin.util.LayerData<com.mysiteforme.admin.entity.User> com.mysiteforme.admin.controller.system.UserConteroller.list(java.lang.Integer,java.lang.Integer,javax.servlet.ServletRequest)
2022-11-08 14:32:50.859 [main] INFO  o.s.w.s.m.m.a.RequestMappingHandlerMapping - Mapped "{[/admin/system/user/list],methods=[GET]}" onto public java.lang.String com.mysiteforme.admin.controller.system.UserConteroller.list()
2022-11-08 14:32:50.860 [main] INFO  o.s.w.s.m.m.a.RequestMappingHandlerMapping - Mapped "{[/admin/system/user/edit],methods=[POST]}" onto public com.mysiteforme.admin.util.RestResponse com.mysiteforme.admin.controller.system.UserConteroller.edit(com.mysiteforme.admin.entity.User)
2022-11-08 14:32:50.860 [main] INFO  o.s.w.s.m.m.a.RequestMappingHandlerMapping - Mapped "{[/admin/system/user/edit],methods=[GET]}" onto public java.lang.String com.mysiteforme.admin.controller.system.UserConteroller.edit(java.lang.Long,org.springframework.ui.Model)
2022-11-08 14:32:50.860 [main] INFO  o.s.w.s.m.m.a.RequestMappingHandlerMapping - Mapped "{[/admin/system/user/deleteSome],methods=[POST]}" onto public com.mysiteforme.admin.util.RestResponse com.mysiteforme.admin.controller.system.UserConteroller.deleteSome(java.util.List<com.mysiteforme.admin.entity.User>)
2022-11-08 14:32:50.861 [main] INFO  o.s.w.s.m.m.a.RequestMappingHandlerMapping - Mapped "{[/admin/system/user/getUserMenu],methods=[GET]}" onto public java.util.List<com.mysiteforme.admin.entity.VO.ShowMenu> com.mysiteforme.admin.controller.system.UserConteroller.getUserMenu()
2022-11-08 14:32:50.861 [main] INFO  o.s.w.s.m.m.a.RequestMappingHandlerMapping - Mapped "{[/admin/system/user/userinfo],methods=[GET]}" onto public java.lang.String com.mysiteforme.admin.controller.system.UserConteroller.toEditMyInfo(org.springframework.ui.Model)
2022-11-08 14:32:50.861 [main] INFO  o.s.w.s.m.m.a.RequestMappingHandlerMapping - Mapped "{[/admin/system/user/saveUserinfo],methods=[POST]}" onto public com.mysiteforme.admin.util.RestResponse com.mysiteforme.admin.controller.system.UserConteroller.saveUserInfo(com.mysiteforme.admin.entity.User)
2022-11-08 14:32:50.861 [main] INFO  o.s.w.s.m.m.a.RequestMappingHandlerMapping - Mapped "{[/admin/system/user/changePassword],methods=[POST]}" onto public com.mysiteforme.admin.util.RestResponse com.mysiteforme.admin.controller.system.UserConteroller.changePassword(java.lang.String,java.lang.String,java.lang.String)
2022-11-08 14:32:50.862 [main] INFO  o.s.w.s.m.m.a.RequestMappingHandlerMapping - Mapped "{[/admin/system/user/changePassword],methods=[GET]}" onto public java.lang.String com.mysiteforme.admin.controller.system.UserConteroller.changePassword()
2022-11-08 14:32:50.864 [main] INFO  o.s.w.s.m.m.a.RequestMappingHandlerMapping - Mapped "{[/showBlog/index || /showBlog || /showBlog/],methods=[GET]}" onto public java.lang.String com.mysiteforme.admin.controller.web.BlogPageController.index(javax.servlet.http.HttpServletRequest,org.springframework.ui.Model)
2022-11-08 14:32:50.864 [main] INFO  o.s.w.s.m.m.a.RequestMappingHandlerMapping - Mapped "{[/showBlog/saveComment],methods=[POST]}" onto public com.mysiteforme.admin.util.RestResponse com.mysiteforme.admin.controller.web.BlogPageController.add(com.mysiteforme.admin.entity.BlogComment,javax.servlet.http.HttpServletRequest)
2022-11-08 14:32:50.864 [main] INFO  o.s.w.s.m.m.a.RequestMappingHandlerMapping - Mapped "{[/showBlog/test],methods=[GET]}" onto public com.mysiteforme.admin.util.RestResponse com.mysiteforme.admin.controller.web.BlogPageController.test(java.lang.Long)
2022-11-08 14:32:50.865 [main] INFO  o.s.w.s.m.m.a.RequestMappingHandlerMapping - Mapped "{[/showBlog/click],methods=[POST]}" onto public com.mysiteforme.admin.util.RestResponse com.mysiteforme.admin.controller.web.BlogPageController.changeClicks(java.lang.Long)
2022-11-08 14:32:50.865 [main] INFO  o.s.w.s.m.m.a.RequestMappingHandlerMapping - Mapped "{[/showBlog/wzzl || /showBlog/wzzl/**],methods=[GET]}" onto public java.lang.String com.mysiteforme.admin.controller.web.BlogPageController.articleParttener(java.lang.Integer,java.lang.Integer,javax.servlet.http.HttpServletRequest,org.springframework.ui.Model)
2022-11-08 14:32:50.865 [main] INFO  o.s.w.s.m.m.a.RequestMappingHandlerMapping - Mapped "{[/showBlog/search],methods=[POST]}" onto public com.mysiteforme.admin.util.RestResponse com.mysiteforme.admin.controller.web.BlogPageController.searchArticle(java.lang.Integer,java.lang.Integer,java.lang.String) throws java.lang.Exception
2022-11-08 14:32:50.865 [main] INFO  o.s.w.s.m.m.a.RequestMappingHandlerMapping - Mapped "{[/showBlog/articleContent/{articleId}],methods=[GET]}" onto public java.lang.String com.mysiteforme.admin.controller.web.BlogPageController.articleContent(java.lang.Long,org.springframework.ui.Model)
2022-11-08 14:32:50.865 [main] INFO  o.s.w.s.m.m.a.RequestMappingHandlerMapping - Mapped "{[/showBlog/saveMessage],methods=[POST]}" onto public com.mysiteforme.admin.util.RestResponse com.mysiteforme.admin.controller.web.BlogPageController.saveMessage(com.mysiteforme.admin.entity.BlogComment,javax.servlet.http.HttpServletRequest)
2022-11-08 14:32:50.866 [main] INFO  o.s.w.s.m.m.a.RequestMappingHandlerMapping - Mapped "{[/showBlog/replyMessage],methods=[POST]}" onto public com.mysiteforme.admin.util.RestResponse com.mysiteforme.admin.controller.web.BlogPageController.replyMessage(com.mysiteforme.admin.entity.BlogComment,javax.servlet.http.HttpServletRequest)
2022-11-08 14:32:50.866 [main] INFO  o.s.w.s.m.m.a.RequestMappingHandlerMapping - Mapped "{[/showBlog/articleCommentList],methods=[POST]}" onto public com.mysiteforme.admin.util.RestResponse com.mysiteforme.admin.controller.web.BlogPageController.articleCommentList(java.lang.Integer,java.lang.Integer,java.lang.Long,java.lang.Integer)
2022-11-08 14:32:50.866 [main] INFO  o.s.w.s.m.m.a.RequestMappingHandlerMapping - Mapped "{[/showBlog/about],methods=[GET]}" onto public java.lang.String com.mysiteforme.admin.controller.web.BlogPageController.redictSunChannel()
2022-11-08 14:32:50.867 [main] INFO  o.s.w.s.m.m.a.RequestMappingHandlerMapping - Mapped "{[/showBlog/about/**],methods=[GET]}" onto public java.lang.String com.mysiteforme.admin.controller.web.BlogPageController.toAbout(javax.servlet.http.HttpServletRequest,org.springframework.ui.Model)
2022-11-08 14:32:50.867 [main] INFO  o.s.w.s.m.m.a.RequestMappingHandlerMapping - Mapped "{[/showBlog/dddd || /showBlog/dddd/],methods=[GET]}" onto public java.lang.String com.mysiteforme.admin.controller.web.BlogPageController.dddd(javax.servlet.http.HttpServletRequest,org.springframework.ui.Model)
2022-11-08 14:32:50.867 [main] INFO  o.s.w.s.m.m.a.RequestMappingHandlerMapping - Mapped "{[/showBlog/share || /showBlog/share/],methods=[GET]}" onto public java.lang.String com.mysiteforme.admin.controller.web.BlogPageController.rescourceShare(javax.servlet.http.HttpServletRequest,org.springframework.ui.Model)
2022-11-08 14:32:50.870 [main] INFO  o.s.w.s.m.m.a.RequestMappingHandlerMapping - Mapped "{[/error]}" onto public org.springframework.http.ResponseEntity<java.util.Map<java.lang.String, java.lang.Object>> org.springframework.boot.autoconfigure.web.BasicErrorController.error(javax.servlet.http.HttpServletRequest)
2022-11-08 14:32:50.870 [main] INFO  o.s.w.s.m.m.a.RequestMappingHandlerMapping - Mapped "{[/error],produces=[text/html]}" onto public org.springframework.web.servlet.ModelAndView org.springframework.boot.autoconfigure.web.BasicErrorController.errorHtml(javax.servlet.http.HttpServletRequest,javax.servlet.http.HttpServletResponse)
2022-11-08 14:32:51.185 [main] INFO  o.s.web.servlet.handler.SimpleUrlHandlerMapping - Mapped URL path [/static/**] onto handler of type [class org.springframework.web.servlet.resource.ResourceHttpRequestHandler]
2022-11-08 14:32:51.185 [main] INFO  o.s.web.servlet.handler.SimpleUrlHandlerMapping - Mapped URL path [/webjars/**] onto handler of type [class org.springframework.web.servlet.resource.ResourceHttpRequestHandler]
2022-11-08 14:32:51.279 [main] INFO  o.s.w.s.m.m.a.ExceptionHandlerExceptionResolver - Detected @ExceptionHandler methods in globalExceptionHandler
2022-11-08 14:32:51.394 [main] INFO  o.s.web.servlet.handler.SimpleUrlHandlerMapping - Mapped URL path [/**/favicon.ico] onto handler of type [class org.springframework.web.servlet.resource.ResourceHttpRequestHandler]
2022-11-08 14:32:55.812 [main] INFO  o.s.jmx.export.annotation.AnnotationMBeanExporter - Registering beans for JMX exposure on startup
2022-11-08 14:32:55.814 [main] INFO  o.s.jmx.export.annotation.AnnotationMBeanExporter - Bean with name 'dataSource' has been autodetected for JMX exposure
2022-11-08 14:32:55.815 [main] INFO  o.s.jmx.export.annotation.AnnotationMBeanExporter - Bean with name 'statFilter' has been autodetected for JMX exposure
2022-11-08 14:32:55.822 [main] INFO  o.s.jmx.export.annotation.AnnotationMBeanExporter - Located MBean 'dataSource': registering with JMX server as MBean [com.alibaba.druid.pool:name=dataSource,type=DruidDataSource]
2022-11-08 14:32:55.823 [main] INFO  o.s.jmx.export.annotation.AnnotationMBeanExporter - Located MBean 'statFilter': registering with JMX server as MBean [com.alibaba.druid.filter.stat:name=statFilter,type=StatFilter]
2022-11-08 14:32:55.826 [main] INFO  o.s.context.support.DefaultLifecycleProcessor - Starting beans in phase 2147483647
2022-11-08 14:32:55.827 [main] INFO  o.s.scheduling.quartz.SchedulerFactoryBean - Will start Quartz Scheduler [MySiteForMeScheduler] in 20 seconds
2022-11-08 14:32:55.838 [main] INFO  org.apache.coyote.http11.Http11NioProtocol - Initializing ProtocolHandler ["http-nio-8080"]
2022-11-08 14:32:55.846 [main] INFO  org.apache.coyote.http11.Http11NioProtocol - Starting ProtocolHandler ["http-nio-8080"]
2022-11-08 14:32:55.871 [main] INFO  org.apache.tomcat.util.net.NioSelectorPool - Using a shared selector for servlet write/read
2022-11-08 14:32:55.888 [main] INFO  o.s.b.c.e.tomcat.TomcatEmbeddedServletContainer - Tomcat started on port(s): 8080 (http)
2022-11-08 14:32:55.894 [main] INFO  com.mysiteforme.admin.MysiteformeApplication - Started MysiteformeApplication in 19.284 seconds (JVM running for 20.658)
2022-11-08 14:33:15.832 [Quartz Scheduler [MySiteForMeScheduler]] INFO  o.s.scheduling.quartz.SchedulerFactoryBean - Starting Quartz Scheduler now, after delay of 20 seconds
2022-11-08 14:33:15.870 [Quartz Scheduler [MySiteForMeScheduler]] INFO  o.s.scheduling.quartz.LocalDataSourceJobStore - ClusterManager: detected 1 failed or restarted instances.
2022-11-08 14:33:15.870 [Quartz Scheduler [MySiteForMeScheduler]] INFO  o.s.scheduling.quartz.LocalDataSourceJobStore - ClusterManager: Scanning for instance "suyaMacBook-Pro.local1667545198389"'s failed in-progress jobs.
2022-11-08 14:33:15.880 [Quartz Scheduler [MySiteForMeScheduler]] INFO  org.quartz.core.QuartzScheduler - Scheduler MySiteForMeScheduler_$_bogon1667889167015 started.
2022-11-08 14:33:15.891 [QuartzScheduler_MySiteForMeScheduler-bogon1667889167015_MisfireHandler] INFO  o.s.scheduling.quartz.LocalDataSourceJobStore - Handling the first 1 triggers that missed their scheduled fire-time.  More misfired triggers remain to be processed.
2022-11-08 14:33:15.976 [QuartzScheduler_MySiteForMeScheduler-bogon1667889167015_MisfireHandler] INFO  o.s.scheduling.quartz.LocalDataSourceJobStore - Handling 1 trigger(s) that missed their scheduled fire-time.
2022-11-08 14:42:40.269 [http-nio-8080-exec-1] INFO  o.a.c.core.ContainerBase.[Tomcat].[localhost].[/] - Initializing Spring FrameworkServlet 'dispatcherServlet'
2022-11-08 14:42:40.270 [http-nio-8080-exec-1] INFO  org.springframework.web.servlet.DispatcherServlet - FrameworkServlet 'dispatcherServlet': initialization started
2022-11-08 14:42:40.315 [http-nio-8080-exec-1] INFO  org.springframework.web.servlet.DispatcherServlet - FrameworkServlet 'dispatcherServlet': initialization completed in 45 ms
2022-11-08 14:42:40.334 [http-nio-8080-exec-1] INFO  o.a.s.session.mgt.AbstractValidatingSessionManager - Enabling session validation scheduler...
2022-11-08 14:42:40.503 [http-nio-8080-exec-2] INFO  com.mysiteforme.admin.controller.LoginController - 跳到这边的路径为:/login;JSESSIONID=aa7dbd2b-1e37-49b8-97eb-058c96bbff2b
2022-11-08 14:42:40.504 [http-nio-8080-exec-2] INFO  com.mysiteforme.admin.controller.LoginController - 是否记住登录--->true<-----是否有权限登录----->false<----
2022-11-08 14:42:40.885 [http-nio-8080-exec-7] INFO  com.mysiteforme.admin.controller.LoginController - 本次生成的验证码为[r55w],已存放到HttpSession中
2022-11-08 14:42:50.013 [http-nio-8080-exec-3] INFO  com.mysiteforme.admin.util.ToolUtil - ipadd : null
2022-11-08 14:42:50.018 [http-nio-8080-exec-3] INFO  com.mysiteforme.admin.util.ToolUtil -  ip --> 0:0:0:0:0:0:0:1
2022-11-08 14:42:50.217 [http-nio-8080-exec-3] INFO  com.mysiteforme.admin.config.SysMetaObjectHandler - 正在调用该insert填充字段方法
2022-11-08 14:42:51.183 [http-nio-8080-exec-5] INFO  o.s.beans.factory.xml.XmlBeanDefinitionReader - Loading XML bean definitions from class path resource [org/springframework/jdbc/support/sql-error-codes.xml]
2022-11-08 14:42:51.220 [http-nio-8080-exec-5] INFO  o.s.jdbc.support.SQLErrorCodesFactory - SQLErrorCodes loaded: [DB2, Derby, H2, HSQL, Informix, MS-SQL, MySQL, Oracle, PostgreSQL, Sybase, Hana]
2022-11-08 14:42:59.872 [http-nio-8080-exec-8] INFO  com.mysiteforme.admin.util.ToolUtil - ipadd : null
2022-11-08 14:42:59.872 [http-nio-8080-exec-8] INFO  com.mysiteforme.admin.util.ToolUtil -  ip --> 0:0:0:0:0:0:0:1
2022-11-08 14:42:59.878 [http-nio-8080-exec-8] INFO  com.mysiteforme.admin.config.SysMetaObjectHandler - 正在调用该insert填充字段方法
2022-11-08 14:52:46.011 [http-nio-8080-exec-7] INFO  com.mysiteforme.admin.util.ToolUtil - ipadd : null
2022-11-08 14:52:46.011 [http-nio-8080-exec-7] INFO  com.mysiteforme.admin.util.ToolUtil -  ip --> 0:0:0:0:0:0:0:1
2022-11-08 14:52:46.016 [http-nio-8080-exec-7] INFO  com.mysiteforme.admin.config.SysMetaObjectHandler - 正在调用该insert填充字段方法
2022-11-08 15:16:22.807 [http-nio-8080-exec-6] INFO  com.mysiteforme.admin.util.ToolUtil - ipadd : null
2022-11-08 15:16:22.808 [http-nio-8080-exec-6] INFO  com.mysiteforme.admin.util.ToolUtil -  ip --> 0:0:0:0:0:0:0:1
2022-11-08 15:16:22.870 [http-nio-8080-exec-6] INFO  com.mysiteforme.admin.config.SysMetaObjectHandler - 正在调用该insert填充字段方法
2022-11-08 15:16:22.889 [http-nio-8080-exec-6] INFO  com.mysiteforme.admin.config.SysMetaObjectHandler - 正在调用该insert填充字段方法
2022-11-08 15:16:22.995 [http-nio-8080-exec-6] INFO  com.mysiteforme.admin.config.SysMetaObjectHandler - 正在调用该insert填充字段方法
2022-11-08 15:16:23.011 [http-nio-8080-exec-6] INFO  com.mysiteforme.admin.config.SysMetaObjectHandler - 正在调用该insert填充字段方法
2022-11-08 15:16:23.182 [http-nio-8080-exec-6] INFO  com.mysiteforme.admin.config.SysMetaObjectHandler - 正在调用该insert填充字段方法
2022-11-08 15:16:24.950 [http-nio-8080-exec-9] INFO  com.mysiteforme.admin.util.ToolUtil - ipadd : null
2022-11-08 15:16:24.951 [http-nio-8080-exec-9] INFO  com.mysiteforme.admin.util.ToolUtil -  ip --> 0:0:0:0:0:0:0:1
2022-11-08 15:16:24.955 [http-nio-8080-exec-9] INFO  com.mysiteforme.admin.config.SysMetaObjectHandler - 正在调用该insert填充字段方法
2022-11-08 15:17:50.907 [http-nio-8080-exec-10] INFO  com.mysiteforme.admin.util.ToolUtil - ipadd : null
2022-11-08 15:17:50.909 [http-nio-8080-exec-10] INFO  com.mysiteforme.admin.util.ToolUtil -  ip --> 0:0:0:0:0:0:0:1
2022-11-08 15:17:51.372 [http-nio-8080-exec-10] INFO  com.mysiteforme.admin.config.SysMetaObjectHandler - 正在调用该insert填充字段方法
2022-11-08 15:42:40.214 [SessionValidationThread-1] INFO  o.a.s.session.mgt.AbstractValidatingSessionManager - Validating all active sessions...
2022-11-08 15:42:40.225 [SessionValidationThread-1] INFO  o.a.s.session.mgt.AbstractValidatingSessionManager - Finished session validation.  No sessions were stopped.
2022-11-08 16:42:40.115 [SessionValidationThread-1] INFO  o.a.s.session.mgt.AbstractValidatingSessionManager - Validating all active sessions...
2022-11-08 16:42:40.119 [SessionValidationThread-1] INFO  o.a.s.session.mgt.AbstractValidatingSessionManager - Finished session validation.  No sessions were stopped.
2022-11-08 17:42:39.998 [SessionValidationThread-1] INFO  o.a.s.session.mgt.AbstractValidatingSessionManager - Validating all active sessions...
2022-11-08 17:42:40.000 [SessionValidationThread-1] INFO  o.a.s.session.mgt.AbstractValidatingSessionManager - Finished session validation.  No sessions were stopped.
2022-11-08 19:36:52.343 [SessionValidationThread-1] INFO  o.a.s.session.mgt.AbstractValidatingSessionManager - Validating all active sessions...
2022-11-08 19:36:52.346 [SessionValidationThread-1] INFO  o.a.s.session.mgt.AbstractValidatingSessionManager - Finished session validation.  No sessions were stopped.
2022-11-08 20:36:52.227 [SessionValidationThread-1] INFO  o.a.s.session.mgt.AbstractValidatingSessionManager - Validating all active sessions...
2022-11-08 20:36:52.229 [SessionValidationThread-1] INFO  o.a.s.session.mgt.AbstractValidatingSessionManager - Finished session validation.  No sessions were stopped.
2022-11-08 21:36:52.115 [SessionValidationThread-1] INFO  o.a.s.session.mgt.AbstractValidatingSessionManager - Validating all active sessions...
2022-11-08 21:36:52.117 [SessionValidationThread-1] INFO  o.a.s.session.mgt.AbstractValidatingSessionManager - Finished session validation.  No sessions were stopped.
2022-11-08 22:36:51.998 [SessionValidationThread-1] INFO  o.a.s.session.mgt.AbstractValidatingSessionManager - Validating all active sessions...
2022-11-08 22:36:51.999 [SessionValidationThread-1] INFO  o.a.s.session.mgt.AbstractValidatingSessionManager - Finished session validation.  No sessions were stopped.
2022-11-08 23:36:51.880 [SessionValidationThread-1] INFO  o.a.s.session.mgt.AbstractValidatingSessionManager - Validating all active sessions...
2022-11-08 23:36:51.882 [SessionValidationThread-1] INFO  o.a.s.session.mgt.AbstractValidatingSessionManager - Finished session validation.  No sessions were stopped.
