2023-02-06 09:40:04.778 [http-nio-8080-exec-10] WARN  org.springframework.web.servlet.PageNotFound - No mapping found for HTTP request with URI [/vegetable/index] in DispatcherServlet with name 'dispatcherServlet'
2023-02-06 09:40:08.461 [http-nio-8080-exec-5] WARN  org.springframework.web.servlet.PageNotFound - No mapping found for HTTP request with URI [/vegetable/index] in DispatcherServlet with name 'dispatcherServlet'
2023-02-06 09:40:38.754 [http-nio-8080-exec-5] WARN  org.springframework.web.servlet.PageNotFound - No mapping found for HTTP request with URI [/vegetable/%E8%AE%A2%E5%8D%95] in DispatcherServlet with name 'dispatcherServlet'
2023-02-06 09:40:40.692 [http-nio-8080-exec-3] WARN  org.springframework.web.servlet.PageNotFound - No mapping found for HTTP request with URI [/vegetable/%E8%AE%A2%E5%8D%95] in DispatcherServlet with name 'dispatcherServlet'
2023-02-06 09:40:43.396 [http-nio-8080-exec-9] WARN  org.springframework.web.servlet.PageNotFound - No mapping found for HTTP request with URI [/vegetable/%E8%AE%A2%E5%8D%95] in DispatcherServlet with name 'dispatcherServlet'
2023-02-06 09:40:57.088 [http-nio-8080-exec-8] WARN  org.springframework.web.servlet.PageNotFound - No mapping found for HTTP request with URI [/veorder/index] in DispatcherServlet with name 'dispatcherServlet'
2023-02-06 09:41:10.143 [http-nio-8080-exec-4] WARN  org.springframework.web.servlet.PageNotFound - No mapping found for HTTP request with URI [/veorder/index] in DispatcherServlet with name 'dispatcherServlet'
2023-02-06 09:41:11.094 [http-nio-8080-exec-7] WARN  org.springframework.web.servlet.PageNotFound - No mapping found for HTTP request with URI [/veorder/index] in DispatcherServlet with name 'dispatcherServlet'
2023-02-06 09:41:21.042 [http-nio-8080-exec-3] WARN  org.springframework.web.servlet.PageNotFound - No mapping found for HTTP request with URI [/vegetable/%E8%AE%A2%E5%8D%95] in DispatcherServlet with name 'dispatcherServlet'
2023-02-06 09:42:28.761 [http-nio-8080-exec-1] WARN  org.springframework.web.servlet.PageNotFound - No mapping found for HTTP request with URI [/vegetable/%E8%AE%A2%E5%8D%95] in DispatcherServlet with name 'dispatcherServlet'
2023-02-06 10:16:07.587 [http-nio-8080-exec-5] WARN  org.springframework.web.servlet.PageNotFound - No mapping found for HTTP request with URI [/vegetable/index] in DispatcherServlet with name 'dispatcherServlet'
2023-02-06 11:21:12.637 [http-nio-8080-exec-10] WARN  org.springframework.web.servlet.PageNotFound - No mapping found for HTTP request with URI [/shop.html] in DispatcherServlet with name 'dispatcherServlet'
2023-02-06 13:43:47.117 [http-nio-8080-exec-3] WARN  org.springframework.web.servlet.PageNotFound - No mapping found for HTTP request with URI [/vegetable/%E8%AE%A2%E5%8D%95] in DispatcherServlet with name 'dispatcherServlet'
2023-02-06 13:50:17.511 [http-nio-8080-exec-1] WARN  org.springframework.web.servlet.PageNotFound - No mapping found for HTTP request with URI [/product-details.ftl] in DispatcherServlet with name 'dispatcherServlet'
2023-02-06 13:50:18.481 [http-nio-8080-exec-2] WARN  org.springframework.web.servlet.PageNotFound - No mapping found for HTTP request with URI [/product-details.ftl] in DispatcherServlet with name 'dispatcherServlet'
2023-02-06 14:00:22.057 [http-nio-8080-exec-8] WARN  org.springframework.web.servlet.PageNotFound - No mapping found for HTTP request with URI [/product-details.ftl] in DispatcherServlet with name 'dispatcherServlet'
2023-02-06 14:00:25.587 [http-nio-8080-exec-9] WARN  org.springframework.web.servlet.PageNotFound - No mapping found for HTTP request with URI [/product-details.ftl] in DispatcherServlet with name 'dispatcherServlet'
2023-02-06 14:02:04.514 [http-nio-8080-exec-4] WARN  org.springframework.web.servlet.PageNotFound - No mapping found for HTTP request with URI [/product-details.ftl] in DispatcherServlet with name 'dispatcherServlet'
2023-02-06 15:11:53.643 [http-nio-8080-exec-7] WARN  org.springframework.web.servlet.PageNotFound - No mapping found for HTTP request with URI [/vegetable/%E8%AE%A2%E5%8D%95] in DispatcherServlet with name 'dispatcherServlet'
2023-02-06 15:11:58.844 [http-nio-8080-exec-9] WARN  org.springframework.web.servlet.PageNotFound - No mapping found for HTTP request with URI [/vegetable/%E8%AE%A2%E5%8D%95] in DispatcherServlet with name 'dispatcherServlet'
2023-02-06 17:26:46.311 [http-nio-8080-exec-1] WARN  org.springframework.web.servlet.PageNotFound - No mapping found for HTTP request with URI [/blog/assets/css/font.awesome.css] in DispatcherServlet with name 'dispatcherServlet'
2023-02-06 17:26:46.312 [http-nio-8080-exec-7] WARN  org.springframework.web.servlet.PageNotFound - No mapping found for HTTP request with URI [/blog/assets/css/owl.carousel.min.css] in DispatcherServlet with name 'dispatcherServlet'
2023-02-06 17:26:46.312 [http-nio-8080-exec-10] WARN  org.springframework.web.servlet.PageNotFound - No mapping found for HTTP request with URI [/blog/assets/css/ionicons.min.css] in DispatcherServlet with name 'dispatcherServlet'
2023-02-06 17:26:46.311 [http-nio-8080-exec-6] WARN  org.springframework.web.servlet.PageNotFound - No mapping found for HTTP request with URI [/blog/assets/css/bootstrap.min.css] in DispatcherServlet with name 'dispatcherServlet'
2023-02-06 17:26:46.312 [http-nio-8080-exec-9] WARN  org.springframework.web.servlet.PageNotFound - No mapping found for HTTP request with URI [/blog/assets/css/magnific-popup.css] in DispatcherServlet with name 'dispatcherServlet'
2023-02-06 17:26:46.313 [http-nio-8080-exec-8] WARN  org.springframework.web.servlet.PageNotFound - No mapping found for HTTP request with URI [/blog/assets/css/slick.css] in DispatcherServlet with name 'dispatcherServlet'
2023-02-06 17:26:46.576 [http-nio-8080-exec-2] WARN  org.springframework.web.servlet.PageNotFound - No mapping found for HTTP request with URI [/blog/assets/css/linearicons.css] in DispatcherServlet with name 'dispatcherServlet'
2023-02-06 17:26:46.577 [http-nio-8080-exec-4] WARN  org.springframework.web.servlet.PageNotFound - No mapping found for HTTP request with URI [/blog/assets/css/animate.css] in DispatcherServlet with name 'dispatcherServlet'
2023-02-06 17:26:46.582 [http-nio-8080-exec-3] WARN  org.springframework.web.servlet.PageNotFound - No mapping found for HTTP request with URI [/blog/assets/css/jquery-ui.min.css] in DispatcherServlet with name 'dispatcherServlet'
2023-02-06 17:26:46.582 [http-nio-8080-exec-10] WARN  org.springframework.web.servlet.PageNotFound - No mapping found for HTTP request with URI [/blog/assets/css/style.css] in DispatcherServlet with name 'dispatcherServlet'
2023-02-06 17:26:46.583 [http-nio-8080-exec-5] WARN  org.springframework.web.servlet.PageNotFound - No mapping found for HTTP request with URI [/blog/assets/css/slinky.menu.css] in DispatcherServlet with name 'dispatcherServlet'
2023-02-06 17:26:46.584 [http-nio-8080-exec-6] WARN  org.springframework.web.servlet.PageNotFound - No mapping found for HTTP request with URI [/blog/assets/css/plugins.css] in DispatcherServlet with name 'dispatcherServlet'
2023-02-06 17:26:46.665 [http-nio-8080-exec-9] WARN  org.springframework.web.servlet.PageNotFound - No mapping found for HTTP request with URI [/blog/assets/js/vendor/modernizr-3.7.1.min.js] in DispatcherServlet with name 'dispatcherServlet'
2023-02-06 17:26:46.670 [http-nio-8080-exec-8] WARN  org.springframework.web.servlet.PageNotFound - No mapping found for HTTP request with URI [/blog/assets/js/vendor/jquery-3.4.1.min.js] in DispatcherServlet with name 'dispatcherServlet'
2023-02-06 17:26:46.776 [http-nio-8080-exec-6] WARN  org.springframework.web.servlet.PageNotFound - No mapping found for HTTP request with URI [/blog/assets/js/jquery.counterup.min.js] in DispatcherServlet with name 'dispatcherServlet'
2023-02-06 17:26:46.777 [http-nio-8080-exec-7] WARN  org.springframework.web.servlet.PageNotFound - No mapping found for HTTP request with URI [/blog/assets/js/bootstrap.min.js] in DispatcherServlet with name 'dispatcherServlet'
2023-02-06 17:26:46.777 [http-nio-8080-exec-4] WARN  org.springframework.web.servlet.PageNotFound - No mapping found for HTTP request with URI [/blog/assets/js/slick.min.js] in DispatcherServlet with name 'dispatcherServlet'
2023-02-06 17:26:46.777 [http-nio-8080-exec-3] WARN  org.springframework.web.servlet.PageNotFound - No mapping found for HTTP request with URI [/blog/assets/js/jquery.magnific-popup.min.js] in DispatcherServlet with name 'dispatcherServlet'
2023-02-06 17:26:46.777 [http-nio-8080-exec-2] WARN  org.springframework.web.servlet.PageNotFound - No mapping found for HTTP request with URI [/blog/assets/js/owl.carousel.min.js] in DispatcherServlet with name 'dispatcherServlet'
2023-02-06 17:26:46.778 [http-nio-8080-exec-1] WARN  org.springframework.web.servlet.PageNotFound - No mapping found for HTTP request with URI [/blog/assets/js/popper.js] in DispatcherServlet with name 'dispatcherServlet'
2023-02-06 17:26:46.882 [http-nio-8080-exec-10] WARN  org.springframework.web.servlet.PageNotFound - No mapping found for HTTP request with URI [/blog/assets/img/s-product/product.jpg] in DispatcherServlet with name 'dispatcherServlet'
2023-02-06 17:26:46.883 [http-nio-8080-exec-5] WARN  org.springframework.web.servlet.PageNotFound - No mapping found for HTTP request with URI [/blog/assets/img/s-product/product2.jpg] in DispatcherServlet with name 'dispatcherServlet'
2023-02-06 17:26:46.885 [http-nio-8080-exec-8] WARN  org.springframework.web.servlet.PageNotFound - No mapping found for HTTP request with URI [/blog/assets/js/jquery.ui.js] in DispatcherServlet with name 'dispatcherServlet'
2023-02-06 17:26:46.885 [http-nio-8080-exec-9] WARN  org.springframework.web.servlet.PageNotFound - No mapping found for HTTP request with URI [/blog/assets/js/jquery.countdown.js] in DispatcherServlet with name 'dispatcherServlet'
2023-02-06 17:26:46.890 [http-nio-8080-exec-6] WARN  org.springframework.web.servlet.PageNotFound - No mapping found for HTTP request with URI [/blog/assets/js/isotope.pkgd.min.js] in DispatcherServlet with name 'dispatcherServlet'
2023-02-06 17:26:46.890 [http-nio-8080-exec-4] WARN  org.springframework.web.servlet.PageNotFound - No mapping found for HTTP request with URI [/blog/assets/js/jquery.elevatezoom.js] in DispatcherServlet with name 'dispatcherServlet'
2023-02-06 17:26:46.981 [http-nio-8080-exec-1] WARN  org.springframework.web.servlet.PageNotFound - No mapping found for HTTP request with URI [/blog/assets/js/plugins.js] in DispatcherServlet with name 'dispatcherServlet'
2023-02-06 17:26:46.981 [http-nio-8080-exec-3] WARN  org.springframework.web.servlet.PageNotFound - No mapping found for HTTP request with URI [/blog/assets/js/slinky.menu.js] in DispatcherServlet with name 'dispatcherServlet'
2023-02-06 17:26:46.984 [http-nio-8080-exec-2] WARN  org.springframework.web.servlet.PageNotFound - No mapping found for HTTP request with URI [/blog/assets/img/logo/logo.png] in DispatcherServlet with name 'dispatcherServlet'
2023-02-06 17:26:46.985 [http-nio-8080-exec-7] WARN  org.springframework.web.servlet.PageNotFound - No mapping found for HTTP request with URI [/blog/assets/js/main.js] in DispatcherServlet with name 'dispatcherServlet'
2023-02-06 17:26:47.053 [http-nio-8080-exec-9] WARN  org.springframework.web.servlet.PageNotFound - No mapping found for HTTP request with URI [/blog/assets/img/blog/blog1.jpg] in DispatcherServlet with name 'dispatcherServlet'
2023-02-06 17:26:47.054 [http-nio-8080-exec-8] WARN  org.springframework.web.servlet.PageNotFound - No mapping found for HTTP request with URI [/blog/assets/img/blog/blog-big1.jpg] in DispatcherServlet with name 'dispatcherServlet'
2023-02-06 17:26:47.099 [http-nio-8080-exec-6] WARN  org.springframework.web.servlet.PageNotFound - No mapping found for HTTP request with URI [/blog/assets/img/blog/blog2.jpg] in DispatcherServlet with name 'dispatcherServlet'
2023-02-06 17:26:47.101 [http-nio-8080-exec-4] WARN  org.springframework.web.servlet.PageNotFound - No mapping found for HTTP request with URI [/blog/assets/img/blog/blog3.jpg] in DispatcherServlet with name 'dispatcherServlet'
2023-02-06 17:26:47.104 [http-nio-8080-exec-10] WARN  org.springframework.web.servlet.PageNotFound - No mapping found for HTTP request with URI [/blog/assets/img/blog/comment3.png.jpg] in DispatcherServlet with name 'dispatcherServlet'
2023-02-06 17:26:47.130 [http-nio-8080-exec-5] WARN  org.springframework.web.servlet.PageNotFound - No mapping found for HTTP request with URI [/blog/assets/img/blog/comment2.png.jpg] in DispatcherServlet with name 'dispatcherServlet'
2023-02-06 17:26:47.171 [http-nio-8080-exec-3] WARN  org.springframework.web.servlet.PageNotFound - No mapping found for HTTP request with URI [/blog/assets/img/blog/blogs1.jpg] in DispatcherServlet with name 'dispatcherServlet'
2023-02-06 17:26:47.171 [http-nio-8080-exec-1] WARN  org.springframework.web.servlet.PageNotFound - No mapping found for HTTP request with URI [/blog/assets/img/blog/blogs2.jpg] in DispatcherServlet with name 'dispatcherServlet'
2023-02-06 17:26:47.209 [http-nio-8080-exec-7] WARN  org.springframework.web.servlet.PageNotFound - No mapping found for HTTP request with URI [/blog/assets/img/blog/blogs3.jpg] in DispatcherServlet with name 'dispatcherServlet'
2023-02-06 17:26:47.215 [http-nio-8080-exec-2] WARN  org.springframework.web.servlet.PageNotFound - No mapping found for HTTP request with URI [/blog/assets/img/icon/paypal1.jpg] in DispatcherServlet with name 'dispatcherServlet'
2023-02-06 17:26:47.216 [http-nio-8080-exec-8] WARN  org.springframework.web.servlet.PageNotFound - No mapping found for HTTP request with URI [/blog/assets/img/icon/paypal2.jpg] in DispatcherServlet with name 'dispatcherServlet'
2023-02-06 17:26:47.235 [http-nio-8080-exec-9] WARN  org.springframework.web.servlet.PageNotFound - No mapping found for HTTP request with URI [/blog/assets/img/icon/paypal3.jpg] in DispatcherServlet with name 'dispatcherServlet'
2023-02-06 17:26:47.272 [http-nio-8080-exec-6] WARN  org.springframework.web.servlet.PageNotFound - No mapping found for HTTP request with URI [/blog/assets/img/icon/paypal4.jpg] in DispatcherServlet with name 'dispatcherServlet'
2023-02-06 17:26:57.632 [http-nio-8080-exec-5] WARN  org.springframework.web.servlet.PageNotFound - No mapping found for HTTP request with URI [/blog/assets/css/bootstrap.min.css] in DispatcherServlet with name 'dispatcherServlet'
2023-02-06 17:26:57.633 [http-nio-8080-exec-7] WARN  org.springframework.web.servlet.PageNotFound - No mapping found for HTTP request with URI [/blog/assets/css/magnific-popup.css] in DispatcherServlet with name 'dispatcherServlet'
2023-02-06 17:26:57.632 [http-nio-8080-exec-2] WARN  org.springframework.web.servlet.PageNotFound - No mapping found for HTTP request with URI [/blog/assets/css/ionicons.min.css] in DispatcherServlet with name 'dispatcherServlet'
2023-02-06 17:26:57.633 [http-nio-8080-exec-3] WARN  org.springframework.web.servlet.PageNotFound - No mapping found for HTTP request with URI [/blog/assets/css/owl.carousel.min.css] in DispatcherServlet with name 'dispatcherServlet'
2023-02-06 17:26:57.634 [http-nio-8080-exec-1] WARN  org.springframework.web.servlet.PageNotFound - No mapping found for HTTP request with URI [/blog/assets/css/slick.css] in DispatcherServlet with name 'dispatcherServlet'
2023-02-06 17:26:57.638 [http-nio-8080-exec-8] WARN  org.springframework.web.servlet.PageNotFound - No mapping found for HTTP request with URI [/blog/assets/css/font.awesome.css] in DispatcherServlet with name 'dispatcherServlet'
2023-02-06 17:26:57.844 [http-nio-8080-exec-2] WARN  org.springframework.web.servlet.PageNotFound - No mapping found for HTTP request with URI [/blog/assets/css/linearicons.css] in DispatcherServlet with name 'dispatcherServlet'
2023-02-06 17:26:57.848 [http-nio-8080-exec-3] WARN  org.springframework.web.servlet.PageNotFound - No mapping found for HTTP request with URI [/blog/assets/css/style.css] in DispatcherServlet with name 'dispatcherServlet'
2023-02-06 17:26:57.848 [http-nio-8080-exec-9] WARN  org.springframework.web.servlet.PageNotFound - No mapping found for HTTP request with URI [/blog/assets/css/animate.css] in DispatcherServlet with name 'dispatcherServlet'
2023-02-06 17:26:57.856 [http-nio-8080-exec-6] WARN  org.springframework.web.servlet.PageNotFound - No mapping found for HTTP request with URI [/blog/assets/css/jquery-ui.min.css] in DispatcherServlet with name 'dispatcherServlet'
2023-02-06 17:26:57.861 [http-nio-8080-exec-5] WARN  org.springframework.web.servlet.PageNotFound - No mapping found for HTTP request with URI [/blog/assets/css/plugins.css] in DispatcherServlet with name 'dispatcherServlet'
2023-02-06 17:26:57.865 [http-nio-8080-exec-4] WARN  org.springframework.web.servlet.PageNotFound - No mapping found for HTTP request with URI [/blog/assets/css/slinky.menu.css] in DispatcherServlet with name 'dispatcherServlet'
2023-02-06 17:26:58.119 [http-nio-8080-exec-8] WARN  org.springframework.web.servlet.PageNotFound - No mapping found for HTTP request with URI [/blog/assets/js/vendor/modernizr-3.7.1.min.js] in DispatcherServlet with name 'dispatcherServlet'
2023-02-06 17:26:58.130 [http-nio-8080-exec-1] WARN  org.springframework.web.servlet.PageNotFound - No mapping found for HTTP request with URI [/blog/assets/js/vendor/jquery-3.4.1.min.js] in DispatcherServlet with name 'dispatcherServlet'
2023-02-06 17:26:58.415 [http-nio-8080-exec-7] WARN  org.springframework.web.servlet.PageNotFound - No mapping found for HTTP request with URI [/blog/assets/js/owl.carousel.min.js] in DispatcherServlet with name 'dispatcherServlet'
2023-02-06 17:26:58.416 [http-nio-8080-exec-10] WARN  org.springframework.web.servlet.PageNotFound - No mapping found for HTTP request with URI [/blog/assets/js/popper.js] in DispatcherServlet with name 'dispatcherServlet'
2023-02-06 17:26:58.424 [http-nio-8080-exec-6] WARN  org.springframework.web.servlet.PageNotFound - No mapping found for HTTP request with URI [/blog/assets/js/jquery.magnific-popup.min.js] in DispatcherServlet with name 'dispatcherServlet'
2023-02-06 17:26:58.425 [http-nio-8080-exec-3] WARN  org.springframework.web.servlet.PageNotFound - No mapping found for HTTP request with URI [/blog/assets/js/jquery.counterup.min.js] in DispatcherServlet with name 'dispatcherServlet'
2023-02-06 17:26:58.425 [http-nio-8080-exec-2] WARN  org.springframework.web.servlet.PageNotFound - No mapping found for HTTP request with URI [/blog/assets/js/slick.min.js] in DispatcherServlet with name 'dispatcherServlet'
2023-02-06 17:26:58.425 [http-nio-8080-exec-9] WARN  org.springframework.web.servlet.PageNotFound - No mapping found for HTTP request with URI [/blog/assets/js/bootstrap.min.js] in DispatcherServlet with name 'dispatcherServlet'
2023-02-06 17:26:58.750 [http-nio-8080-exec-5] WARN  org.springframework.web.servlet.PageNotFound - No mapping found for HTTP request with URI [/blog/assets/img/s-product/product.jpg] in DispatcherServlet with name 'dispatcherServlet'
2023-02-06 17:26:58.750 [http-nio-8080-exec-6] WARN  org.springframework.web.servlet.PageNotFound - No mapping found for HTTP request with URI [/blog/assets/js/jquery.ui.js] in DispatcherServlet with name 'dispatcherServlet'
2023-02-06 17:26:58.761 [http-nio-8080-exec-1] WARN  org.springframework.web.servlet.PageNotFound - No mapping found for HTTP request with URI [/blog/assets/js/jquery.countdown.js] in DispatcherServlet with name 'dispatcherServlet'
2023-02-06 17:26:58.761 [http-nio-8080-exec-4] WARN  org.springframework.web.servlet.PageNotFound - No mapping found for HTTP request with URI [/blog/assets/img/s-product/product2.jpg] in DispatcherServlet with name 'dispatcherServlet'
2023-02-06 17:26:58.762 [http-nio-8080-exec-10] WARN  org.springframework.web.servlet.PageNotFound - No mapping found for HTTP request with URI [/blog/assets/js/isotope.pkgd.min.js] in DispatcherServlet with name 'dispatcherServlet'
2023-02-06 17:26:58.765 [http-nio-8080-exec-8] WARN  org.springframework.web.servlet.PageNotFound - No mapping found for HTTP request with URI [/blog/assets/js/jquery.elevatezoom.js] in DispatcherServlet with name 'dispatcherServlet'
2023-02-06 17:26:59.014 [http-nio-8080-exec-2] WARN  org.springframework.web.servlet.PageNotFound - No mapping found for HTTP request with URI [/blog/assets/js/plugins.js] in DispatcherServlet with name 'dispatcherServlet'
2023-02-06 17:26:59.033 [http-nio-8080-exec-7] WARN  org.springframework.web.servlet.PageNotFound - No mapping found for HTTP request with URI [/blog/assets/js/slinky.menu.js] in DispatcherServlet with name 'dispatcherServlet'
2023-02-06 17:26:59.060 [http-nio-8080-exec-3] WARN  org.springframework.web.servlet.PageNotFound - No mapping found for HTTP request with URI [/blog/assets/js/main.js] in DispatcherServlet with name 'dispatcherServlet'
2023-02-06 17:26:59.061 [http-nio-8080-exec-6] WARN  org.springframework.web.servlet.PageNotFound - No mapping found for HTTP request with URI [/blog/assets/img/logo/logo.png] in DispatcherServlet with name 'dispatcherServlet'
2023-02-06 17:26:59.067 [http-nio-8080-exec-9] WARN  org.springframework.web.servlet.PageNotFound - No mapping found for HTTP request with URI [/blog/assets/img/blog/blog-big1.jpg] in DispatcherServlet with name 'dispatcherServlet'
2023-02-06 17:26:59.067 [http-nio-8080-exec-5] WARN  org.springframework.web.servlet.PageNotFound - No mapping found for HTTP request with URI [/blog/assets/img/blog/blog1.jpg] in DispatcherServlet with name 'dispatcherServlet'
2023-02-06 17:26:59.176 [http-nio-8080-exec-4] WARN  org.springframework.web.servlet.PageNotFound - No mapping found for HTTP request with URI [/blog/assets/img/blog/blog3.jpg] in DispatcherServlet with name 'dispatcherServlet'
2023-02-06 17:26:59.178 [http-nio-8080-exec-1] WARN  org.springframework.web.servlet.PageNotFound - No mapping found for HTTP request with URI [/blog/assets/img/blog/blog2.jpg] in DispatcherServlet with name 'dispatcherServlet'
2023-02-06 17:26:59.190 [http-nio-8080-exec-2] WARN  org.springframework.web.servlet.PageNotFound - No mapping found for HTTP request with URI [/blog/assets/img/blog/blogs2.jpg] in DispatcherServlet with name 'dispatcherServlet'
2023-02-06 17:26:59.190 [http-nio-8080-exec-10] WARN  org.springframework.web.servlet.PageNotFound - No mapping found for HTTP request with URI [/blog/assets/img/blog/comment3.png.jpg] in DispatcherServlet with name 'dispatcherServlet'
2023-02-06 17:26:59.190 [http-nio-8080-exec-7] WARN  org.springframework.web.servlet.PageNotFound - No mapping found for HTTP request with URI [/blog/assets/img/blog/blogs1.jpg] in DispatcherServlet with name 'dispatcherServlet'
2023-02-06 17:26:59.193 [http-nio-8080-exec-8] WARN  org.springframework.web.servlet.PageNotFound - No mapping found for HTTP request with URI [/blog/assets/img/blog/comment2.png.jpg] in DispatcherServlet with name 'dispatcherServlet'
2023-02-06 17:26:59.284 [http-nio-8080-exec-6] WARN  org.springframework.web.servlet.PageNotFound - No mapping found for HTTP request with URI [/blog/assets/img/blog/blogs3.jpg] in DispatcherServlet with name 'dispatcherServlet'
2023-02-06 17:26:59.284 [http-nio-8080-exec-9] WARN  org.springframework.web.servlet.PageNotFound - No mapping found for HTTP request with URI [/blog/assets/img/icon/paypal1.jpg] in DispatcherServlet with name 'dispatcherServlet'
2023-02-06 17:26:59.293 [http-nio-8080-exec-5] WARN  org.springframework.web.servlet.PageNotFound - No mapping found for HTTP request with URI [/blog/assets/img/icon/paypal3.jpg] in DispatcherServlet with name 'dispatcherServlet'
2023-02-06 17:26:59.293 [http-nio-8080-exec-7] WARN  org.springframework.web.servlet.PageNotFound - No mapping found for HTTP request with URI [/blog/assets/img/icon/paypal2.jpg] in DispatcherServlet with name 'dispatcherServlet'
2023-02-06 17:26:59.293 [http-nio-8080-exec-3] WARN  org.springframework.web.servlet.PageNotFound - No mapping found for HTTP request with URI [/blog/assets/img/icon/paypal4.jpg] in DispatcherServlet with name 'dispatcherServlet'
2023-02-06 17:34:20.533 [http-nio-8080-exec-2] WARN  org.springframework.web.servlet.PageNotFound - No mapping found for HTTP request with URI [/blog/index] in DispatcherServlet with name 'dispatcherServlet'
2023-02-06 17:37:04.704 [http-nio-8080-exec-9] WARN  org.springframework.web.servlet.PageNotFound - No mapping found for HTTP request with URI [/blog/index] in DispatcherServlet with name 'dispatcherServlet'
2023-02-06 17:37:17.924 [http-nio-8080-exec-6] WARN  org.springframework.web.servlet.PageNotFound - No mapping found for HTTP request with URI [/vegetable/%E8%AE%A2%E5%8D%95] in DispatcherServlet with name 'dispatcherServlet'
2023-02-06 17:55:34.477 [http-nio-8080-exec-4] WARN  org.springframework.web.servlet.PageNotFound - No mapping found for HTTP request with URI [/blog-details.ftl] in DispatcherServlet with name 'dispatcherServlet'
2023-02-06 17:55:48.421 [http-nio-8080-exec-2] WARN  org.springframework.web.servlet.PageNotFound - No mapping found for HTTP request with URI [/blog-details.ftl] in DispatcherServlet with name 'dispatcherServlet'
2023-02-06 17:56:25.916 [http-nio-8080-exec-1] WARN  org.springframework.web.servlet.PageNotFound - No mapping found for HTTP request with URI [/shop/index] in DispatcherServlet with name 'dispatcherServlet'
