2023-01-13 10:58:52.912 [main] WARN  o.s.b.c.e.AnnotationConfigEmbeddedWebApplicationContext - Exception encountered during context initialization - cancelling refresh attempt: org.springframework.beans.factory.UnsatisfiedDependencyException: Error creating bean with name 'blogHandlerInterceptor': Unsatisfied dependency expressed through field 'siteService'; nested exception is org.springframework.beans.factory.UnsatisfiedDependencyException: Error creating bean with name 'siteService': Unsatisfied dependency expressed through field 'baseMapper'; nested exception is org.springframework.beans.factory.UnsatisfiedDependencyException: Error creating bean with name 'siteDao' defined in file [/Users/jing/Documents/project/MSFM/mysiteforme/target/classes/com/mysiteforme/admin/dao/SiteDao.class]: Unsatisfied dependency expressed through bean property 'sqlSessionFactory'; nested exception is org.springframework.beans.factory.BeanCreationException: Error creating bean with name 'sqlSessionFactory' defined in class path resource [com/baomidou/mybatisplus/spring/boot/starter/MybatisPlusAutoConfiguration.class]: Bean instantiation via factory method failed; nested exception is org.springframework.beans.BeanInstantiationException: Failed to instantiate [org.apache.ibatis.session.SqlSessionFactory]: Factory method 'sqlSessionFactory' threw exception; nested exception is com.baomidou.mybatisplus.exceptions.MybatisPlusException: Error: GlobalConfigUtils setMetaData Fail !  Cause:java.sql.SQLException: Unable to load authentication plugin 'caching_sha2_password'.
2023-01-13 11:00:22.006 [main] WARN  o.s.b.c.e.AnnotationConfigEmbeddedWebApplicationContext - Exception encountered during context initialization - cancelling refresh attempt: org.springframework.beans.factory.UnsatisfiedDependencyException: Error creating bean with name 'blogArticleController': Unsatisfied dependency expressed through field 'quartzTaskService'; nested exception is org.springframework.beans.factory.BeanCreationException: Error creating bean with name 'quartzTaskServiceImpl': Invocation of init method failed; nested exception is com.mysiteforme.admin.exception.MyException: 获取定时任务CronTrigger出现异常
2023-01-13 11:00:46.593 [main] WARN  o.s.b.c.e.AnnotationConfigEmbeddedWebApplicationContext - Exception encountered during context initialization - cancelling refresh attempt: org.springframework.beans.factory.UnsatisfiedDependencyException: Error creating bean with name 'blogArticleController': Unsatisfied dependency expressed through field 'quartzTaskService'; nested exception is org.springframework.beans.factory.BeanCreationException: Error creating bean with name 'quartzTaskServiceImpl': Invocation of init method failed; nested exception is com.mysiteforme.admin.exception.MyException: 获取定时任务CronTrigger出现异常
2023-01-13 11:04:13.482 [main] WARN  o.s.b.c.e.AnnotationConfigEmbeddedWebApplicationContext - Exception thrown from LifecycleProcessor on context close
java.lang.IllegalStateException: LifecycleProcessor not initialized - call 'refresh' before invoking lifecycle methods via the context: org.springframework.boot.context.embedded.AnnotationConfigEmbeddedWebApplicationContext@316bcf94: startup date [Fri Jan 13 11:04:12 CST 2023]; root of context hierarchy
	at org.springframework.context.support.AbstractApplicationContext.getLifecycleProcessor(AbstractApplicationContext.java:427)
	at org.springframework.context.support.AbstractApplicationContext.doClose(AbstractApplicationContext.java:999)
	at org.springframework.context.support.AbstractApplicationContext.close(AbstractApplicationContext.java:958)
	at org.springframework.boot.SpringApplication.handleRunFailure(SpringApplication.java:750)
	at org.springframework.boot.SpringApplication.run(SpringApplication.java:314)
	at org.springframework.boot.SpringApplication.run(SpringApplication.java:1118)
	at org.springframework.boot.SpringApplication.run(SpringApplication.java:1107)
	at com.mysiteforme.admin.MysiteformeApplication.main(MysiteformeApplication.java:22)
2023-01-13 11:04:13.483 [main] WARN  org.springframework.boot.SpringApplication - Unable to close ApplicationContext
java.lang.TypeNotPresentException: Type org.quartz.Scheduler not present
	at sun.reflect.generics.factory.CoreReflectionFactory.makeNamedType(CoreReflectionFactory.java:117)
	at sun.reflect.generics.visitor.Reifier.visitClassTypeSignature(Reifier.java:125)
	at sun.reflect.generics.tree.ClassTypeSignature.accept(ClassTypeSignature.java:49)
	at sun.reflect.generics.visitor.Reifier.reifyTypeArguments(Reifier.java:68)
	at sun.reflect.generics.visitor.Reifier.visitClassTypeSignature(Reifier.java:138)
	at sun.reflect.generics.tree.ClassTypeSignature.accept(ClassTypeSignature.java:49)
	at sun.reflect.generics.repository.ClassRepository.getSuperInterfaces(ClassRepository.java:108)
	at java.lang.Class.getGenericInterfaces(Class.java:913)
	at org.springframework.core.ResolvableType.getInterfaces(ResolvableType.java:459)
	at org.springframework.core.ResolvableType.as(ResolvableType.java:426)
	at org.springframework.core.GenericTypeResolver.resolveReturnTypeArgument(GenericTypeResolver.java:202)
	at org.springframework.beans.factory.support.AbstractAutowireCapableBeanFactory$3.doWith(AbstractAutowireCapableBeanFactory.java:856)
	at org.springframework.util.ReflectionUtils.doWithMethods(ReflectionUtils.java:530)
	at org.springframework.util.ReflectionUtils.doWithMethods(ReflectionUtils.java:510)
	at org.springframework.beans.factory.support.AbstractAutowireCapableBeanFactory.getTypeForFactoryBeanFromMethod(AbstractAutowireCapableBeanFactory.java:850)
	at org.springframework.beans.factory.support.AbstractAutowireCapableBeanFactory.getTypeForFactoryBean(AbstractAutowireCapableBeanFactory.java:787)
	at org.springframework.beans.factory.support.AbstractBeanFactory.isTypeMatch(AbstractBeanFactory.java:558)
	at org.springframework.beans.factory.support.DefaultListableBeanFactory.doGetBeanNamesForType(DefaultListableBeanFactory.java:432)
	at org.springframework.beans.factory.support.DefaultListableBeanFactory.getBeanNamesForType(DefaultListableBeanFactory.java:395)
	at org.springframework.beans.factory.support.DefaultListableBeanFactory.getBeansOfType(DefaultListableBeanFactory.java:515)
	at org.springframework.beans.factory.support.DefaultListableBeanFactory.getBeansOfType(DefaultListableBeanFactory.java:508)
	at org.springframework.context.support.AbstractApplicationContext.getBeansOfType(AbstractApplicationContext.java:1186)
	at org.springframework.boot.SpringApplication.getExitCodeFromMappedException(SpringApplication.java:818)
	at org.springframework.boot.SpringApplication.getExitCodeFromException(SpringApplication.java:804)
	at org.springframework.boot.SpringApplication.handleExitCode(SpringApplication.java:790)
	at org.springframework.boot.SpringApplication.handleRunFailure(SpringApplication.java:744)
	at org.springframework.boot.SpringApplication.run(SpringApplication.java:314)
	at org.springframework.boot.SpringApplication.run(SpringApplication.java:1118)
	at org.springframework.boot.SpringApplication.run(SpringApplication.java:1107)
	at com.mysiteforme.admin.MysiteformeApplication.main(MysiteformeApplication.java:22)
Caused by: java.lang.ClassNotFoundException: org.quartz.Scheduler
	at java.net.URLClassLoader.findClass(URLClassLoader.java:387)
	at java.lang.ClassLoader.loadClass(ClassLoader.java:419)
	at sun.misc.Launcher$AppClassLoader.loadClass(Launcher.java:352)
	at java.lang.ClassLoader.loadClass(ClassLoader.java:352)
	at java.lang.Class.forName0(Native Method)
	at java.lang.Class.forName(Class.java:348)
	at sun.reflect.generics.factory.CoreReflectionFactory.makeNamedType(CoreReflectionFactory.java:114)
	... 29 common frames omitted
2023-01-13 11:05:10.188 [main] WARN  o.s.b.c.e.AnnotationConfigEmbeddedWebApplicationContext - Exception thrown from LifecycleProcessor on context close
java.lang.IllegalStateException: LifecycleProcessor not initialized - call 'refresh' before invoking lifecycle methods via the context: org.springframework.boot.context.embedded.AnnotationConfigEmbeddedWebApplicationContext@316bcf94: startup date [Fri Jan 13 11:05:09 CST 2023]; root of context hierarchy
	at org.springframework.context.support.AbstractApplicationContext.getLifecycleProcessor(AbstractApplicationContext.java:427)
	at org.springframework.context.support.AbstractApplicationContext.doClose(AbstractApplicationContext.java:999)
	at org.springframework.context.support.AbstractApplicationContext.close(AbstractApplicationContext.java:958)
	at org.springframework.boot.SpringApplication.handleRunFailure(SpringApplication.java:750)
	at org.springframework.boot.SpringApplication.run(SpringApplication.java:314)
	at org.springframework.boot.SpringApplication.run(SpringApplication.java:1118)
	at org.springframework.boot.SpringApplication.run(SpringApplication.java:1107)
	at com.mysiteforme.admin.MysiteformeApplication.main(MysiteformeApplication.java:22)
2023-01-13 11:05:10.190 [main] WARN  org.springframework.boot.SpringApplication - Unable to close ApplicationContext
java.lang.TypeNotPresentException: Type org.quartz.Scheduler not present
	at sun.reflect.generics.factory.CoreReflectionFactory.makeNamedType(CoreReflectionFactory.java:117)
	at sun.reflect.generics.visitor.Reifier.visitClassTypeSignature(Reifier.java:125)
	at sun.reflect.generics.tree.ClassTypeSignature.accept(ClassTypeSignature.java:49)
	at sun.reflect.generics.visitor.Reifier.reifyTypeArguments(Reifier.java:68)
	at sun.reflect.generics.visitor.Reifier.visitClassTypeSignature(Reifier.java:138)
	at sun.reflect.generics.tree.ClassTypeSignature.accept(ClassTypeSignature.java:49)
	at sun.reflect.generics.repository.ClassRepository.getSuperInterfaces(ClassRepository.java:108)
	at java.lang.Class.getGenericInterfaces(Class.java:913)
	at org.springframework.core.ResolvableType.getInterfaces(ResolvableType.java:459)
	at org.springframework.core.ResolvableType.as(ResolvableType.java:426)
	at org.springframework.core.GenericTypeResolver.resolveReturnTypeArgument(GenericTypeResolver.java:202)
	at org.springframework.beans.factory.support.AbstractAutowireCapableBeanFactory$3.doWith(AbstractAutowireCapableBeanFactory.java:856)
	at org.springframework.util.ReflectionUtils.doWithMethods(ReflectionUtils.java:530)
	at org.springframework.util.ReflectionUtils.doWithMethods(ReflectionUtils.java:510)
	at org.springframework.beans.factory.support.AbstractAutowireCapableBeanFactory.getTypeForFactoryBeanFromMethod(AbstractAutowireCapableBeanFactory.java:850)
	at org.springframework.beans.factory.support.AbstractAutowireCapableBeanFactory.getTypeForFactoryBean(AbstractAutowireCapableBeanFactory.java:787)
	at org.springframework.beans.factory.support.AbstractBeanFactory.isTypeMatch(AbstractBeanFactory.java:558)
	at org.springframework.beans.factory.support.DefaultListableBeanFactory.doGetBeanNamesForType(DefaultListableBeanFactory.java:432)
	at org.springframework.beans.factory.support.DefaultListableBeanFactory.getBeanNamesForType(DefaultListableBeanFactory.java:395)
	at org.springframework.beans.factory.support.DefaultListableBeanFactory.getBeansOfType(DefaultListableBeanFactory.java:515)
	at org.springframework.beans.factory.support.DefaultListableBeanFactory.getBeansOfType(DefaultListableBeanFactory.java:508)
	at org.springframework.context.support.AbstractApplicationContext.getBeansOfType(AbstractApplicationContext.java:1186)
	at org.springframework.boot.SpringApplication.getExitCodeFromMappedException(SpringApplication.java:818)
	at org.springframework.boot.SpringApplication.getExitCodeFromException(SpringApplication.java:804)
	at org.springframework.boot.SpringApplication.handleExitCode(SpringApplication.java:790)
	at org.springframework.boot.SpringApplication.handleRunFailure(SpringApplication.java:744)
	at org.springframework.boot.SpringApplication.run(SpringApplication.java:314)
	at org.springframework.boot.SpringApplication.run(SpringApplication.java:1118)
	at org.springframework.boot.SpringApplication.run(SpringApplication.java:1107)
	at com.mysiteforme.admin.MysiteformeApplication.main(MysiteformeApplication.java:22)
Caused by: java.lang.ClassNotFoundException: org.quartz.Scheduler
	at java.net.URLClassLoader.findClass(URLClassLoader.java:387)
	at java.lang.ClassLoader.loadClass(ClassLoader.java:419)
	at sun.misc.Launcher$AppClassLoader.loadClass(Launcher.java:352)
	at java.lang.ClassLoader.loadClass(ClassLoader.java:352)
	at java.lang.Class.forName0(Native Method)
	at java.lang.Class.forName(Class.java:348)
	at sun.reflect.generics.factory.CoreReflectionFactory.makeNamedType(CoreReflectionFactory.java:114)
	... 29 common frames omitted
2023-01-13 11:05:37.933 [main] WARN  o.s.b.c.e.AnnotationConfigEmbeddedWebApplicationContext - Exception encountered during context initialization - cancelling refresh attempt: org.springframework.beans.factory.UnsatisfiedDependencyException: Error creating bean with name 'blogArticleController': Unsatisfied dependency expressed through field 'quartzTaskService'; nested exception is org.springframework.beans.factory.NoSuchBeanDefinitionException: No qualifying bean of type 'com.mysiteforme.admin.service.QuartzTaskService' available: expected at least 1 bean which qualifies as autowire candidate. Dependency annotations: {@org.springframework.beans.factory.annotation.Autowired(required=true)}
2023-01-13 11:14:57.724 [http-nio-8080-exec-8] WARN  org.springframework.web.servlet.PageNotFound - No mapping found for HTTP request with URI [/admin/quartzTask/list] in DispatcherServlet with name 'dispatcherServlet'
2023-01-13 11:14:58.494 [http-nio-8080-exec-9] WARN  org.springframework.web.servlet.PageNotFound - No mapping found for HTTP request with URI [/admin/quartzTaskLog/list] in DispatcherServlet with name 'dispatcherServlet'
2023-01-13 14:51:04.793 [http-nio-8080-exec-2] WARN  org.springframework.web.servlet.PageNotFound - No mapping found for HTTP request with URI [/moban2550/index] in DispatcherServlet with name 'dispatcherServlet'
2023-01-13 14:51:16.101 [http-nio-8080-exec-7] WARN  org.springframework.web.servlet.PageNotFound - No mapping found for HTTP request with URI [/moban2550/index.html] in DispatcherServlet with name 'dispatcherServlet'
2023-01-13 14:53:26.279 [http-nio-8080-exec-3] WARN  org.springframework.web.servlet.PageNotFound - No mapping found for HTTP request with URI [/moban2550/index.html] in DispatcherServlet with name 'dispatcherServlet'
2023-01-13 14:56:04.578 [http-nio-8080-exec-1] WARN  org.springframework.web.servlet.PageNotFound - No mapping found for HTTP request with URI [/moban2550/index] in DispatcherServlet with name 'dispatcherServlet'
2023-01-13 14:57:18.509 [http-nio-8080-exec-2] WARN  org.springframework.web.servlet.PageNotFound - No mapping found for HTTP request with URI [/moban2550/index] in DispatcherServlet with name 'dispatcherServlet'
2023-01-13 14:58:08.917 [http-nio-8080-exec-2] WARN  org.springframework.web.servlet.PageNotFound - No mapping found for HTTP request with URI [/css/bootstrap.css] in DispatcherServlet with name 'dispatcherServlet'
2023-01-13 14:58:08.919 [http-nio-8080-exec-4] WARN  org.springframework.web.servlet.PageNotFound - No mapping found for HTTP request with URI [/css/style.css] in DispatcherServlet with name 'dispatcherServlet'
2023-01-13 14:58:08.921 [http-nio-8080-exec-5] WARN  org.springframework.web.servlet.PageNotFound - No mapping found for HTTP request with URI [/css/flexslider.css] in DispatcherServlet with name 'dispatcherServlet'
2023-01-13 14:58:08.922 [http-nio-8080-exec-3] WARN  org.springframework.web.servlet.PageNotFound - No mapping found for HTTP request with URI [/css/font-awesome.min.css] in DispatcherServlet with name 'dispatcherServlet'
2023-01-13 14:58:08.922 [http-nio-8080-exec-6] WARN  org.springframework.web.servlet.PageNotFound - No mapping found for HTTP request with URI [/images/v4.jpg] in DispatcherServlet with name 'dispatcherServlet'
2023-01-13 14:58:08.923 [http-nio-8080-exec-7] WARN  org.springframework.web.servlet.PageNotFound - No mapping found for HTTP request with URI [/images/v2.jpg] in DispatcherServlet with name 'dispatcherServlet'
2023-01-13 14:58:09.157 [http-nio-8080-exec-8] WARN  org.springframework.web.servlet.PageNotFound - No mapping found for HTTP request with URI [/js/jquery-2.1.4.min.js] in DispatcherServlet with name 'dispatcherServlet'
2023-01-13 14:58:09.165 [http-nio-8080-exec-10] WARN  org.springframework.web.servlet.PageNotFound - No mapping found for HTTP request with URI [/js/bootstrap.js] in DispatcherServlet with name 'dispatcherServlet'
2023-01-13 14:58:09.166 [http-nio-8080-exec-9] WARN  org.springframework.web.servlet.PageNotFound - No mapping found for HTTP request with URI [/js/jquery.countup.js] in DispatcherServlet with name 'dispatcherServlet'
2023-01-13 14:58:09.167 [http-nio-8080-exec-1] WARN  org.springframework.web.servlet.PageNotFound - No mapping found for HTTP request with URI [/js/jquery.waypoints.min.js] in DispatcherServlet with name 'dispatcherServlet'
2023-01-13 14:58:09.168 [http-nio-8080-exec-3] WARN  org.springframework.web.servlet.PageNotFound - No mapping found for HTTP request with URI [/js/jarallax.js] in DispatcherServlet with name 'dispatcherServlet'
2023-01-13 14:58:09.170 [http-nio-8080-exec-6] WARN  org.springframework.web.servlet.PageNotFound - No mapping found for HTTP request with URI [/js/jquery.wmuSlider.js] in DispatcherServlet with name 'dispatcherServlet'
2023-01-13 14:58:09.295 [http-nio-8080-exec-8] WARN  org.springframework.web.servlet.PageNotFound - No mapping found for HTTP request with URI [/js/SmoothScroll.min.js] in DispatcherServlet with name 'dispatcherServlet'
2023-01-13 14:58:09.302 [http-nio-8080-exec-5] WARN  org.springframework.web.servlet.PageNotFound - No mapping found for HTTP request with URI [/js/easing.js] in DispatcherServlet with name 'dispatcherServlet'
2023-01-13 14:58:09.304 [http-nio-8080-exec-10] WARN  org.springframework.web.servlet.PageNotFound - No mapping found for HTTP request with URI [/js/move-top.js] in DispatcherServlet with name 'dispatcherServlet'
2023-01-13 14:58:09.304 [http-nio-8080-exec-7] WARN  org.springframework.web.servlet.PageNotFound - No mapping found for HTTP request with URI [/images/c1.jpg] in DispatcherServlet with name 'dispatcherServlet'
2023-01-13 14:58:09.305 [http-nio-8080-exec-2] WARN  org.springframework.web.servlet.PageNotFound - No mapping found for HTTP request with URI [/images/c2.jpg] in DispatcherServlet with name 'dispatcherServlet'
2023-01-13 14:58:09.305 [http-nio-8080-exec-4] WARN  org.springframework.web.servlet.PageNotFound - No mapping found for HTTP request with URI [/images/v3.jpg] in DispatcherServlet with name 'dispatcherServlet'
2023-01-13 14:58:09.336 [http-nio-8080-exec-9] WARN  org.springframework.web.servlet.PageNotFound - No mapping found for HTTP request with URI [/images/c3.jpg] in DispatcherServlet with name 'dispatcherServlet'
2023-01-13 14:58:09.342 [http-nio-8080-exec-3] WARN  org.springframework.web.servlet.PageNotFound - No mapping found for HTTP request with URI [/images/c4.jpg] in DispatcherServlet with name 'dispatcherServlet'
2023-01-13 14:58:09.345 [http-nio-8080-exec-6] WARN  org.springframework.web.servlet.PageNotFound - No mapping found for HTTP request with URI [/images/c5.jpg] in DispatcherServlet with name 'dispatcherServlet'
2023-01-13 14:58:09.345 [http-nio-8080-exec-5] WARN  org.springframework.web.servlet.PageNotFound - No mapping found for HTTP request with URI [/js/jquery.flexslider.js] in DispatcherServlet with name 'dispatcherServlet'
2023-01-13 14:58:09.345 [http-nio-8080-exec-8] WARN  org.springframework.web.servlet.PageNotFound - No mapping found for HTTP request with URI [/images/c6.jpg] in DispatcherServlet with name 'dispatcherServlet'
2023-01-13 14:58:57.779 [http-nio-8080-exec-1] WARN  org.springframework.web.servlet.PageNotFound - No mapping found for HTTP request with URI [/css/style.css] in DispatcherServlet with name 'dispatcherServlet'
2023-01-13 14:58:57.779 [http-nio-8080-exec-5] WARN  org.springframework.web.servlet.PageNotFound - No mapping found for HTTP request with URI [/css/bootstrap.css] in DispatcherServlet with name 'dispatcherServlet'
2023-01-13 14:58:57.779 [http-nio-8080-exec-4] WARN  org.springframework.web.servlet.PageNotFound - No mapping found for HTTP request with URI [/css/font-awesome.min.css] in DispatcherServlet with name 'dispatcherServlet'
2023-01-13 14:58:57.779 [http-nio-8080-exec-2] WARN  org.springframework.web.servlet.PageNotFound - No mapping found for HTTP request with URI [/css/flexslider.css] in DispatcherServlet with name 'dispatcherServlet'
2023-01-13 14:58:57.787 [http-nio-8080-exec-7] WARN  org.springframework.web.servlet.PageNotFound - No mapping found for HTTP request with URI [/images/v2.jpg] in DispatcherServlet with name 'dispatcherServlet'
2023-01-13 14:58:57.788 [http-nio-8080-exec-10] WARN  org.springframework.web.servlet.PageNotFound - No mapping found for HTTP request with URI [/images/v4.jpg] in DispatcherServlet with name 'dispatcherServlet'
2023-01-13 14:58:57.841 [http-nio-8080-exec-8] WARN  org.springframework.web.servlet.PageNotFound - No mapping found for HTTP request with URI [/js/jquery.waypoints.min.js] in DispatcherServlet with name 'dispatcherServlet'
2023-01-13 14:58:57.842 [http-nio-8080-exec-9] WARN  org.springframework.web.servlet.PageNotFound - No mapping found for HTTP request with URI [/js/jquery-2.1.4.min.js] in DispatcherServlet with name 'dispatcherServlet'
2023-01-13 14:58:57.843 [http-nio-8080-exec-3] WARN  org.springframework.web.servlet.PageNotFound - No mapping found for HTTP request with URI [/js/bootstrap.js] in DispatcherServlet with name 'dispatcherServlet'
2023-01-13 14:58:57.846 [http-nio-8080-exec-6] WARN  org.springframework.web.servlet.PageNotFound - No mapping found for HTTP request with URI [/js/jquery.countup.js] in DispatcherServlet with name 'dispatcherServlet'
2023-01-13 14:58:57.849 [http-nio-8080-exec-2] WARN  org.springframework.web.servlet.PageNotFound - No mapping found for HTTP request with URI [/js/jquery.wmuSlider.js] in DispatcherServlet with name 'dispatcherServlet'
2023-01-13 14:58:57.849 [http-nio-8080-exec-4] WARN  org.springframework.web.servlet.PageNotFound - No mapping found for HTTP request with URI [/js/jarallax.js] in DispatcherServlet with name 'dispatcherServlet'
2023-01-13 14:58:57.882 [http-nio-8080-exec-10] WARN  org.springframework.web.servlet.PageNotFound - No mapping found for HTTP request with URI [/js/SmoothScroll.min.js] in DispatcherServlet with name 'dispatcherServlet'
2023-01-13 14:58:57.883 [http-nio-8080-exec-1] WARN  org.springframework.web.servlet.PageNotFound - No mapping found for HTTP request with URI [/js/easing.js] in DispatcherServlet with name 'dispatcherServlet'
2023-01-13 14:58:57.883 [http-nio-8080-exec-5] WARN  org.springframework.web.servlet.PageNotFound - No mapping found for HTTP request with URI [/js/move-top.js] in DispatcherServlet with name 'dispatcherServlet'
2023-01-13 14:58:57.883 [http-nio-8080-exec-7] WARN  org.springframework.web.servlet.PageNotFound - No mapping found for HTTP request with URI [/images/v3.jpg] in DispatcherServlet with name 'dispatcherServlet'
2023-01-13 14:58:57.891 [http-nio-8080-exec-8] WARN  org.springframework.web.servlet.PageNotFound - No mapping found for HTTP request with URI [/images/c1.jpg] in DispatcherServlet with name 'dispatcherServlet'
2023-01-13 14:58:57.891 [http-nio-8080-exec-3] WARN  org.springframework.web.servlet.PageNotFound - No mapping found for HTTP request with URI [/images/c2.jpg] in DispatcherServlet with name 'dispatcherServlet'
2023-01-13 14:58:57.930 [http-nio-8080-exec-2] WARN  org.springframework.web.servlet.PageNotFound - No mapping found for HTTP request with URI [/images/c5.jpg] in DispatcherServlet with name 'dispatcherServlet'
2023-01-13 14:58:57.930 [http-nio-8080-exec-9] WARN  org.springframework.web.servlet.PageNotFound - No mapping found for HTTP request with URI [/images/c3.jpg] in DispatcherServlet with name 'dispatcherServlet'
2023-01-13 14:58:57.931 [http-nio-8080-exec-12] WARN  org.springframework.web.servlet.PageNotFound - No mapping found for HTTP request with URI [/js/jquery.flexslider.js] in DispatcherServlet with name 'dispatcherServlet'
2023-01-13 14:58:57.931 [http-nio-8080-exec-6] WARN  org.springframework.web.servlet.PageNotFound - No mapping found for HTTP request with URI [/images/c4.jpg] in DispatcherServlet with name 'dispatcherServlet'
2023-01-13 14:58:57.933 [http-nio-8080-exec-11] WARN  org.springframework.web.servlet.PageNotFound - No mapping found for HTTP request with URI [/images/c6.jpg] in DispatcherServlet with name 'dispatcherServlet'
2023-01-13 14:59:07.239 [http-nio-8080-exec-5] WARN  org.springframework.web.servlet.PageNotFound - No mapping found for HTTP request with URI [/css/flexslider.css] in DispatcherServlet with name 'dispatcherServlet'
2023-01-13 14:59:07.240 [http-nio-8080-exec-8] WARN  org.springframework.web.servlet.PageNotFound - No mapping found for HTTP request with URI [/css/font-awesome.min.css] in DispatcherServlet with name 'dispatcherServlet'
2023-01-13 14:59:07.239 [http-nio-8080-exec-4] WARN  org.springframework.web.servlet.PageNotFound - No mapping found for HTTP request with URI [/css/bootstrap.css] in DispatcherServlet with name 'dispatcherServlet'
2023-01-13 14:59:07.241 [http-nio-8080-exec-10] WARN  org.springframework.web.servlet.PageNotFound - No mapping found for HTTP request with URI [/css/style.css] in DispatcherServlet with name 'dispatcherServlet'
2023-01-13 15:00:34.084 [http-nio-8080-exec-6] WARN  org.springframework.web.servlet.PageNotFound - No mapping found for HTTP request with URI [/css/font-awesome.min.css] in DispatcherServlet with name 'dispatcherServlet'
2023-01-13 15:00:34.086 [http-nio-8080-exec-4] WARN  org.springframework.web.servlet.PageNotFound - No mapping found for HTTP request with URI [/css/style.css] in DispatcherServlet with name 'dispatcherServlet'
2023-01-13 15:00:34.087 [http-nio-8080-exec-9] WARN  org.springframework.web.servlet.PageNotFound - No mapping found for HTTP request with URI [/css/bootstrap.css] in DispatcherServlet with name 'dispatcherServlet'
2023-01-13 15:00:34.094 [http-nio-8080-exec-8] WARN  org.springframework.web.servlet.PageNotFound - No mapping found for HTTP request with URI [/css/flexslider.css] in DispatcherServlet with name 'dispatcherServlet'
2023-01-13 15:00:34.127 [http-nio-8080-exec-10] WARN  org.springframework.web.servlet.PageNotFound - No mapping found for HTTP request with URI [/js/jquery-2.1.4.min.js] in DispatcherServlet with name 'dispatcherServlet'
2023-01-13 15:00:34.129 [http-nio-8080-exec-5] WARN  org.springframework.web.servlet.PageNotFound - No mapping found for HTTP request with URI [/js/bootstrap.js] in DispatcherServlet with name 'dispatcherServlet'
2023-01-13 15:00:34.160 [http-nio-8080-exec-11] WARN  org.springframework.web.servlet.PageNotFound - No mapping found for HTTP request with URI [/js/jquery.waypoints.min.js] in DispatcherServlet with name 'dispatcherServlet'
2023-01-13 15:00:34.160 [http-nio-8080-exec-12] WARN  org.springframework.web.servlet.PageNotFound - No mapping found for HTTP request with URI [/js/jquery.wmuSlider.js] in DispatcherServlet with name 'dispatcherServlet'
2023-01-13 15:00:34.161 [http-nio-8080-exec-2] WARN  org.springframework.web.servlet.PageNotFound - No mapping found for HTTP request with URI [/js/jquery.countup.js] in DispatcherServlet with name 'dispatcherServlet'
2023-01-13 15:00:34.161 [http-nio-8080-exec-3] WARN  org.springframework.web.servlet.PageNotFound - No mapping found for HTTP request with URI [/js/jarallax.js] in DispatcherServlet with name 'dispatcherServlet'
2023-01-13 15:00:34.212 [http-nio-8080-exec-6] WARN  org.springframework.web.servlet.PageNotFound - No mapping found for HTTP request with URI [/js/SmoothScroll.min.js] in DispatcherServlet with name 'dispatcherServlet'
2023-01-13 15:00:34.219 [http-nio-8080-exec-9] WARN  org.springframework.web.servlet.PageNotFound - No mapping found for HTTP request with URI [/js/move-top.js] in DispatcherServlet with name 'dispatcherServlet'
2023-01-13 15:00:34.267 [http-nio-8080-exec-10] WARN  org.springframework.web.servlet.PageNotFound - No mapping found for HTTP request with URI [/images/v3.jpg] in DispatcherServlet with name 'dispatcherServlet'
2023-01-13 15:00:34.267 [http-nio-8080-exec-5] WARN  org.springframework.web.servlet.PageNotFound - No mapping found for HTTP request with URI [/images/v4.jpg] in DispatcherServlet with name 'dispatcherServlet'
2023-01-13 15:00:34.268 [http-nio-8080-exec-8] WARN  org.springframework.web.servlet.PageNotFound - No mapping found for HTTP request with URI [/images/v2.jpg] in DispatcherServlet with name 'dispatcherServlet'
2023-01-13 15:00:34.268 [http-nio-8080-exec-4] WARN  org.springframework.web.servlet.PageNotFound - No mapping found for HTTP request with URI [/js/easing.js] in DispatcherServlet with name 'dispatcherServlet'
2023-01-13 15:00:34.338 [http-nio-8080-exec-11] WARN  org.springframework.web.servlet.PageNotFound - No mapping found for HTTP request with URI [/images/c1.jpg] in DispatcherServlet with name 'dispatcherServlet'
2023-01-13 15:00:34.349 [http-nio-8080-exec-2] WARN  org.springframework.web.servlet.PageNotFound - No mapping found for HTTP request with URI [/images/c2.jpg] in DispatcherServlet with name 'dispatcherServlet'
2023-01-13 15:00:34.381 [http-nio-8080-exec-3] WARN  org.springframework.web.servlet.PageNotFound - No mapping found for HTTP request with URI [/images/c4.jpg] in DispatcherServlet with name 'dispatcherServlet'
2023-01-13 15:00:34.381 [http-nio-8080-exec-9] WARN  org.springframework.web.servlet.PageNotFound - No mapping found for HTTP request with URI [/images/c6.jpg] in DispatcherServlet with name 'dispatcherServlet'
2023-01-13 15:00:34.381 [http-nio-8080-exec-12] WARN  org.springframework.web.servlet.PageNotFound - No mapping found for HTTP request with URI [/images/c3.jpg] in DispatcherServlet with name 'dispatcherServlet'
2023-01-13 15:00:34.384 [http-nio-8080-exec-6] WARN  org.springframework.web.servlet.PageNotFound - No mapping found for HTTP request with URI [/images/c5.jpg] in DispatcherServlet with name 'dispatcherServlet'
2023-01-13 15:00:34.425 [http-nio-8080-exec-8] WARN  org.springframework.web.servlet.PageNotFound - No mapping found for HTTP request with URI [/js/jquery.flexslider.js] in DispatcherServlet with name 'dispatcherServlet'
2023-01-13 15:00:43.414 [http-nio-8080-exec-11] WARN  org.springframework.web.servlet.PageNotFound - No mapping found for HTTP request with URI [/css/style.css] in DispatcherServlet with name 'dispatcherServlet'
2023-01-13 15:00:43.414 [http-nio-8080-exec-10] WARN  org.springframework.web.servlet.PageNotFound - No mapping found for HTTP request with URI [/css/bootstrap.css] in DispatcherServlet with name 'dispatcherServlet'
2023-01-13 15:00:43.415 [http-nio-8080-exec-2] WARN  org.springframework.web.servlet.PageNotFound - No mapping found for HTTP request with URI [/css/font-awesome.min.css] in DispatcherServlet with name 'dispatcherServlet'
2023-01-13 15:00:43.417 [http-nio-8080-exec-9] WARN  org.springframework.web.servlet.PageNotFound - No mapping found for HTTP request with URI [/css/flexslider.css] in DispatcherServlet with name 'dispatcherServlet'
2023-01-13 15:00:43.484 [http-nio-8080-exec-8] WARN  org.springframework.web.servlet.PageNotFound - No mapping found for HTTP request with URI [/images/c1.jpg] in DispatcherServlet with name 'dispatcherServlet'
2023-01-13 15:00:43.485 [http-nio-8080-exec-3] WARN  org.springframework.web.servlet.PageNotFound - No mapping found for HTTP request with URI [/images/v3.jpg] in DispatcherServlet with name 'dispatcherServlet'
2023-01-13 15:00:43.495 [http-nio-8080-exec-5] WARN  org.springframework.web.servlet.PageNotFound - No mapping found for HTTP request with URI [/images/c2.jpg] in DispatcherServlet with name 'dispatcherServlet'
2023-01-13 15:00:43.495 [http-nio-8080-exec-4] WARN  org.springframework.web.servlet.PageNotFound - No mapping found for HTTP request with URI [/images/c3.jpg] in DispatcherServlet with name 'dispatcherServlet'
2023-01-13 15:00:43.495 [http-nio-8080-exec-12] WARN  org.springframework.web.servlet.PageNotFound - No mapping found for HTTP request with URI [/images/v4.jpg] in DispatcherServlet with name 'dispatcherServlet'
2023-01-13 15:00:43.495 [http-nio-8080-exec-6] WARN  org.springframework.web.servlet.PageNotFound - No mapping found for HTTP request with URI [/images/v2.jpg] in DispatcherServlet with name 'dispatcherServlet'
2023-01-13 15:00:43.542 [http-nio-8080-exec-11] WARN  org.springframework.web.servlet.PageNotFound - No mapping found for HTTP request with URI [/js/jquery-2.1.4.min.js] in DispatcherServlet with name 'dispatcherServlet'
2023-01-13 15:00:43.545 [http-nio-8080-exec-9] WARN  org.springframework.web.servlet.PageNotFound - No mapping found for HTTP request with URI [/js/bootstrap.js] in DispatcherServlet with name 'dispatcherServlet'
2023-01-13 15:00:43.554 [http-nio-8080-exec-3] WARN  org.springframework.web.servlet.PageNotFound - No mapping found for HTTP request with URI [/js/jquery.wmuSlider.js] in DispatcherServlet with name 'dispatcherServlet'
2023-01-13 15:00:43.555 [http-nio-8080-exec-10] WARN  org.springframework.web.servlet.PageNotFound - No mapping found for HTTP request with URI [/js/jquery.countup.js] in DispatcherServlet with name 'dispatcherServlet'
2023-01-13 15:00:43.559 [http-nio-8080-exec-8] WARN  org.springframework.web.servlet.PageNotFound - No mapping found for HTTP request with URI [/js/jarallax.js] in DispatcherServlet with name 'dispatcherServlet'
2023-01-13 15:00:43.559 [http-nio-8080-exec-2] WARN  org.springframework.web.servlet.PageNotFound - No mapping found for HTTP request with URI [/js/jquery.waypoints.min.js] in DispatcherServlet with name 'dispatcherServlet'
2023-01-13 15:00:43.595 [http-nio-8080-exec-5] WARN  org.springframework.web.servlet.PageNotFound - No mapping found for HTTP request with URI [/js/SmoothScroll.min.js] in DispatcherServlet with name 'dispatcherServlet'
2023-01-13 15:00:43.598 [http-nio-8080-exec-12] WARN  org.springframework.web.servlet.PageNotFound - No mapping found for HTTP request with URI [/js/easing.js] in DispatcherServlet with name 'dispatcherServlet'
2023-01-13 15:00:43.599 [http-nio-8080-exec-4] WARN  org.springframework.web.servlet.PageNotFound - No mapping found for HTTP request with URI [/images/c4.jpg] in DispatcherServlet with name 'dispatcherServlet'
2023-01-13 15:00:43.600 [http-nio-8080-exec-6] WARN  org.springframework.web.servlet.PageNotFound - No mapping found for HTTP request with URI [/js/move-top.js] in DispatcherServlet with name 'dispatcherServlet'
2023-01-13 15:00:43.605 [http-nio-8080-exec-9] WARN  org.springframework.web.servlet.PageNotFound - No mapping found for HTTP request with URI [/images/c6.jpg] in DispatcherServlet with name 'dispatcherServlet'
2023-01-13 15:00:43.607 [http-nio-8080-exec-11] WARN  org.springframework.web.servlet.PageNotFound - No mapping found for HTTP request with URI [/images/c5.jpg] in DispatcherServlet with name 'dispatcherServlet'
2023-01-13 15:00:43.632 [http-nio-8080-exec-10] WARN  org.springframework.web.servlet.PageNotFound - No mapping found for HTTP request with URI [/js/jquery.flexslider.js] in DispatcherServlet with name 'dispatcherServlet'
2023-01-13 15:00:54.849 [http-nio-8080-exec-12] WARN  org.springframework.web.servlet.PageNotFound - No mapping found for HTTP request with URI [/css/style.css] in DispatcherServlet with name 'dispatcherServlet'
2023-01-13 15:00:54.850 [http-nio-8080-exec-6] WARN  org.springframework.web.servlet.PageNotFound - No mapping found for HTTP request with URI [/css/bootstrap.css] in DispatcherServlet with name 'dispatcherServlet'
2023-01-13 15:00:54.850 [http-nio-8080-exec-3] WARN  org.springframework.web.servlet.PageNotFound - No mapping found for HTTP request with URI [/js/jquery-2.1.4.min.js] in DispatcherServlet with name 'dispatcherServlet'
2023-01-13 15:00:54.851 [http-nio-8080-exec-4] WARN  org.springframework.web.servlet.PageNotFound - No mapping found for HTTP request with URI [/css/font-awesome.min.css] in DispatcherServlet with name 'dispatcherServlet'
2023-01-13 15:00:54.853 [http-nio-8080-exec-8] WARN  org.springframework.web.servlet.PageNotFound - No mapping found for HTTP request with URI [/css/flexslider.css] in DispatcherServlet with name 'dispatcherServlet'
2023-01-13 15:00:54.853 [http-nio-8080-exec-10] WARN  org.springframework.web.servlet.PageNotFound - No mapping found for HTTP request with URI [/js/bootstrap.js] in DispatcherServlet with name 'dispatcherServlet'
2023-01-13 15:00:54.922 [http-nio-8080-exec-11] WARN  org.springframework.web.servlet.PageNotFound - No mapping found for HTTP request with URI [/js/jquery.waypoints.min.js] in DispatcherServlet with name 'dispatcherServlet'
2023-01-13 15:00:54.923 [http-nio-8080-exec-5] WARN  org.springframework.web.servlet.PageNotFound - No mapping found for HTTP request with URI [/js/jquery.wmuSlider.js] in DispatcherServlet with name 'dispatcherServlet'
2023-01-13 15:00:54.926 [http-nio-8080-exec-9] WARN  org.springframework.web.servlet.PageNotFound - No mapping found for HTTP request with URI [/js/SmoothScroll.min.js] in DispatcherServlet with name 'dispatcherServlet'
2023-01-13 15:00:54.927 [http-nio-8080-exec-4] WARN  org.springframework.web.servlet.PageNotFound - No mapping found for HTTP request with URI [/js/jarallax.js] in DispatcherServlet with name 'dispatcherServlet'
2023-01-13 15:00:54.927 [http-nio-8080-exec-3] WARN  org.springframework.web.servlet.PageNotFound - No mapping found for HTTP request with URI [/js/move-top.js] in DispatcherServlet with name 'dispatcherServlet'
2023-01-13 15:00:54.927 [http-nio-8080-exec-2] WARN  org.springframework.web.servlet.PageNotFound - No mapping found for HTTP request with URI [/js/jquery.countup.js] in DispatcherServlet with name 'dispatcherServlet'
2023-01-13 15:00:54.961 [http-nio-8080-exec-12] WARN  org.springframework.web.servlet.PageNotFound - No mapping found for HTTP request with URI [/js/easing.js] in DispatcherServlet with name 'dispatcherServlet'
2023-01-13 15:00:54.964 [http-nio-8080-exec-8] WARN  org.springframework.web.servlet.PageNotFound - No mapping found for HTTP request with URI [/images/v4.jpg] in DispatcherServlet with name 'dispatcherServlet'
2023-01-13 15:00:54.968 [http-nio-8080-exec-6] WARN  org.springframework.web.servlet.PageNotFound - No mapping found for HTTP request with URI [/images/v2.jpg] in DispatcherServlet with name 'dispatcherServlet'
2023-01-13 15:00:54.969 [http-nio-8080-exec-11] WARN  org.springframework.web.servlet.PageNotFound - No mapping found for HTTP request with URI [/images/c1.jpg] in DispatcherServlet with name 'dispatcherServlet'
2023-01-13 15:00:54.969 [http-nio-8080-exec-10] WARN  org.springframework.web.servlet.PageNotFound - No mapping found for HTTP request with URI [/images/v3.jpg] in DispatcherServlet with name 'dispatcherServlet'
2023-01-13 15:00:54.971 [http-nio-8080-exec-5] WARN  org.springframework.web.servlet.PageNotFound - No mapping found for HTTP request with URI [/images/c2.jpg] in DispatcherServlet with name 'dispatcherServlet'
2023-01-13 15:00:54.998 [http-nio-8080-exec-9] WARN  org.springframework.web.servlet.PageNotFound - No mapping found for HTTP request with URI [/images/c3.jpg] in DispatcherServlet with name 'dispatcherServlet'
2023-01-13 15:00:55.000 [http-nio-8080-exec-3] WARN  org.springframework.web.servlet.PageNotFound - No mapping found for HTTP request with URI [/images/c4.jpg] in DispatcherServlet with name 'dispatcherServlet'
2023-01-13 15:00:55.007 [http-nio-8080-exec-2] WARN  org.springframework.web.servlet.PageNotFound - No mapping found for HTTP request with URI [/images/c5.jpg] in DispatcherServlet with name 'dispatcherServlet'
2023-01-13 15:00:55.008 [http-nio-8080-exec-12] WARN  org.springframework.web.servlet.PageNotFound - No mapping found for HTTP request with URI [/js/jquery.flexslider.js] in DispatcherServlet with name 'dispatcherServlet'
2023-01-13 15:00:55.008 [http-nio-8080-exec-4] WARN  org.springframework.web.servlet.PageNotFound - No mapping found for HTTP request with URI [/images/c6.jpg] in DispatcherServlet with name 'dispatcherServlet'
2023-01-13 15:01:00.264 [http-nio-8080-exec-5] WARN  org.springframework.web.servlet.PageNotFound - No mapping found for HTTP request with URI [/css/flexslider.css] in DispatcherServlet with name 'dispatcherServlet'
2023-01-13 15:01:00.265 [http-nio-8080-exec-10] WARN  org.springframework.web.servlet.PageNotFound - No mapping found for HTTP request with URI [/css/style.css] in DispatcherServlet with name 'dispatcherServlet'
2023-01-13 15:01:00.264 [http-nio-8080-exec-11] WARN  org.springframework.web.servlet.PageNotFound - No mapping found for HTTP request with URI [/css/font-awesome.min.css] in DispatcherServlet with name 'dispatcherServlet'
2023-01-13 15:01:00.278 [http-nio-8080-exec-6] WARN  org.springframework.web.servlet.PageNotFound - No mapping found for HTTP request with URI [/css/bootstrap.css] in DispatcherServlet with name 'dispatcherServlet'
2023-01-13 15:01:19.112 [http-nio-8080-exec-8] WARN  org.springframework.web.servlet.PageNotFound - No mapping found for HTTP request with URI [/js/jquery-2.1.4.min.js] in DispatcherServlet with name 'dispatcherServlet'
2023-01-13 15:01:19.114 [http-nio-8080-exec-4] WARN  org.springframework.web.servlet.PageNotFound - No mapping found for HTTP request with URI [/css/font-awesome.min.css] in DispatcherServlet with name 'dispatcherServlet'
2023-01-13 15:01:19.114 [http-nio-8080-exec-2] WARN  org.springframework.web.servlet.PageNotFound - No mapping found for HTTP request with URI [/css/style.css] in DispatcherServlet with name 'dispatcherServlet'
2023-01-13 15:01:19.117 [http-nio-8080-exec-3] WARN  org.springframework.web.servlet.PageNotFound - No mapping found for HTTP request with URI [/css/bootstrap.css] in DispatcherServlet with name 'dispatcherServlet'
2023-01-13 15:01:19.112 [http-nio-8080-exec-12] WARN  org.springframework.web.servlet.PageNotFound - No mapping found for HTTP request with URI [/css/flexslider.css] in DispatcherServlet with name 'dispatcherServlet'
2023-01-13 15:01:19.123 [http-nio-8080-exec-10] WARN  org.springframework.web.servlet.PageNotFound - No mapping found for HTTP request with URI [/js/bootstrap.js] in DispatcherServlet with name 'dispatcherServlet'
2023-01-13 15:01:19.176 [http-nio-8080-exec-5] WARN  org.springframework.web.servlet.PageNotFound - No mapping found for HTTP request with URI [/js/jquery.waypoints.min.js] in DispatcherServlet with name 'dispatcherServlet'
2023-01-13 15:01:19.179 [http-nio-8080-exec-6] WARN  org.springframework.web.servlet.PageNotFound - No mapping found for HTTP request with URI [/js/jquery.countup.js] in DispatcherServlet with name 'dispatcherServlet'
2023-01-13 15:01:19.186 [http-nio-8080-exec-9] WARN  org.springframework.web.servlet.PageNotFound - No mapping found for HTTP request with URI [/js/jquery.wmuSlider.js] in DispatcherServlet with name 'dispatcherServlet'
2023-01-13 15:01:19.187 [http-nio-8080-exec-11] WARN  org.springframework.web.servlet.PageNotFound - No mapping found for HTTP request with URI [/js/jarallax.js] in DispatcherServlet with name 'dispatcherServlet'
2023-01-13 15:01:19.187 [http-nio-8080-exec-2] WARN  org.springframework.web.servlet.PageNotFound - No mapping found for HTTP request with URI [/js/move-top.js] in DispatcherServlet with name 'dispatcherServlet'
2023-01-13 15:01:19.187 [http-nio-8080-exec-3] WARN  org.springframework.web.servlet.PageNotFound - No mapping found for HTTP request with URI [/js/SmoothScroll.min.js] in DispatcherServlet with name 'dispatcherServlet'
2023-01-13 15:01:19.226 [http-nio-8080-exec-4] WARN  org.springframework.web.servlet.PageNotFound - No mapping found for HTTP request with URI [/images/c5.jpg] in DispatcherServlet with name 'dispatcherServlet'
2023-01-13 15:01:19.226 [http-nio-8080-exec-10] WARN  org.springframework.web.servlet.PageNotFound - No mapping found for HTTP request with URI [/images/c6.jpg] in DispatcherServlet with name 'dispatcherServlet'
2023-01-13 15:01:19.234 [http-nio-8080-exec-5] WARN  org.springframework.web.servlet.PageNotFound - No mapping found for HTTP request with URI [/js/easing.js] in DispatcherServlet with name 'dispatcherServlet'
2023-01-13 15:01:19.234 [http-nio-8080-exec-6] WARN  org.springframework.web.servlet.PageNotFound - No mapping found for HTTP request with URI [/images/v4.jpg] in DispatcherServlet with name 'dispatcherServlet'
2023-01-13 15:01:19.234 [http-nio-8080-exec-12] WARN  org.springframework.web.servlet.PageNotFound - No mapping found for HTTP request with URI [/images/c2.jpg] in DispatcherServlet with name 'dispatcherServlet'
2023-01-13 15:01:19.234 [http-nio-8080-exec-8] WARN  org.springframework.web.servlet.PageNotFound - No mapping found for HTTP request with URI [/images/c3.jpg] in DispatcherServlet with name 'dispatcherServlet'
2023-01-13 15:01:19.267 [http-nio-8080-exec-2] WARN  org.springframework.web.servlet.PageNotFound - No mapping found for HTTP request with URI [/images/v2.jpg] in DispatcherServlet with name 'dispatcherServlet'
2023-01-13 15:01:19.267 [http-nio-8080-exec-9] WARN  org.springframework.web.servlet.PageNotFound - No mapping found for HTTP request with URI [/images/v3.jpg] in DispatcherServlet with name 'dispatcherServlet'
2023-01-13 15:01:19.274 [http-nio-8080-exec-11] WARN  org.springframework.web.servlet.PageNotFound - No mapping found for HTTP request with URI [/images/c4.jpg] in DispatcherServlet with name 'dispatcherServlet'
2023-01-13 15:01:19.277 [http-nio-8080-exec-3] WARN  org.springframework.web.servlet.PageNotFound - No mapping found for HTTP request with URI [/js/jquery.flexslider.js] in DispatcherServlet with name 'dispatcherServlet'
2023-01-13 15:01:19.277 [http-nio-8080-exec-10] WARN  org.springframework.web.servlet.PageNotFound - No mapping found for HTTP request with URI [/images/c1.jpg] in DispatcherServlet with name 'dispatcherServlet'
2023-01-13 15:01:54.632 [http-nio-8080-exec-5] WARN  org.springframework.web.servlet.PageNotFound - No mapping found for HTTP request with URI [/css/font-awesome.min.css] in DispatcherServlet with name 'dispatcherServlet'
2023-01-13 15:01:54.632 [http-nio-8080-exec-4] WARN  org.springframework.web.servlet.PageNotFound - No mapping found for HTTP request with URI [/css/style.css] in DispatcherServlet with name 'dispatcherServlet'
2023-01-13 15:01:54.632 [http-nio-8080-exec-2] WARN  org.springframework.web.servlet.PageNotFound - No mapping found for HTTP request with URI [/templates/moban2550/css/bootstrap.css] in DispatcherServlet with name 'dispatcherServlet'
2023-01-13 15:01:54.633 [http-nio-8080-exec-3] WARN  org.springframework.web.servlet.PageNotFound - No mapping found for HTTP request with URI [/css/flexslider.css] in DispatcherServlet with name 'dispatcherServlet'
2023-01-13 15:01:54.658 [http-nio-8080-exec-6] WARN  org.springframework.web.servlet.PageNotFound - No mapping found for HTTP request with URI [/js/jquery-2.1.4.min.js] in DispatcherServlet with name 'dispatcherServlet'
2023-01-13 15:01:54.658 [http-nio-8080-exec-7] WARN  org.springframework.web.servlet.PageNotFound - No mapping found for HTTP request with URI [/js/bootstrap.js] in DispatcherServlet with name 'dispatcherServlet'
2023-01-13 15:01:54.854 [http-nio-8080-exec-8] WARN  org.springframework.web.servlet.PageNotFound - No mapping found for HTTP request with URI [/js/jquery.waypoints.min.js] in DispatcherServlet with name 'dispatcherServlet'
2023-01-13 15:01:54.855 [http-nio-8080-exec-1] WARN  org.springframework.web.servlet.PageNotFound - No mapping found for HTTP request with URI [/js/jarallax.js] in DispatcherServlet with name 'dispatcherServlet'
2023-01-13 15:01:54.855 [http-nio-8080-exec-10] WARN  org.springframework.web.servlet.PageNotFound - No mapping found for HTTP request with URI [/js/jquery.wmuSlider.js] in DispatcherServlet with name 'dispatcherServlet'
2023-01-13 15:01:54.856 [http-nio-8080-exec-9] WARN  org.springframework.web.servlet.PageNotFound - No mapping found for HTTP request with URI [/js/jquery.countup.js] in DispatcherServlet with name 'dispatcherServlet'
2023-01-13 15:01:54.864 [http-nio-8080-exec-2] WARN  org.springframework.web.servlet.PageNotFound - No mapping found for HTTP request with URI [/js/SmoothScroll.min.js] in DispatcherServlet with name 'dispatcherServlet'
2023-01-13 15:01:54.864 [http-nio-8080-exec-4] WARN  org.springframework.web.servlet.PageNotFound - No mapping found for HTTP request with URI [/js/move-top.js] in DispatcherServlet with name 'dispatcherServlet'
2023-01-13 15:01:54.905 [http-nio-8080-exec-3] WARN  org.springframework.web.servlet.PageNotFound - No mapping found for HTTP request with URI [/js/easing.js] in DispatcherServlet with name 'dispatcherServlet'
2023-01-13 15:01:54.906 [http-nio-8080-exec-9] WARN  org.springframework.web.servlet.PageNotFound - No mapping found for HTTP request with URI [/images/v2.jpg] in DispatcherServlet with name 'dispatcherServlet'
2023-01-13 15:01:54.906 [http-nio-8080-exec-5] WARN  org.springframework.web.servlet.PageNotFound - No mapping found for HTTP request with URI [/images/v3.jpg] in DispatcherServlet with name 'dispatcherServlet'
2023-01-13 15:01:54.906 [http-nio-8080-exec-6] WARN  org.springframework.web.servlet.PageNotFound - No mapping found for HTTP request with URI [/images/v4.jpg] in DispatcherServlet with name 'dispatcherServlet'
2023-01-13 15:01:54.915 [http-nio-8080-exec-8] WARN  org.springframework.web.servlet.PageNotFound - No mapping found for HTTP request with URI [/images/c1.jpg] in DispatcherServlet with name 'dispatcherServlet'
2023-01-13 15:01:54.915 [http-nio-8080-exec-2] WARN  org.springframework.web.servlet.PageNotFound - No mapping found for HTTP request with URI [/images/c2.jpg] in DispatcherServlet with name 'dispatcherServlet'
2023-01-13 15:01:54.955 [http-nio-8080-exec-7] WARN  org.springframework.web.servlet.PageNotFound - No mapping found for HTTP request with URI [/images/c3.jpg] in DispatcherServlet with name 'dispatcherServlet'
2023-01-13 15:01:55.059 [http-nio-8080-exec-10] WARN  org.springframework.web.servlet.PageNotFound - No mapping found for HTTP request with URI [/images/c6.jpg] in DispatcherServlet with name 'dispatcherServlet'
2023-01-13 15:01:55.059 [http-nio-8080-exec-1] WARN  org.springframework.web.servlet.PageNotFound - No mapping found for HTTP request with URI [/images/c4.jpg] in DispatcherServlet with name 'dispatcherServlet'
2023-01-13 15:01:55.060 [http-nio-8080-exec-3] WARN  org.springframework.web.servlet.PageNotFound - No mapping found for HTTP request with URI [/js/jquery.flexslider.js] in DispatcherServlet with name 'dispatcherServlet'
2023-01-13 15:01:55.061 [http-nio-8080-exec-4] WARN  org.springframework.web.servlet.PageNotFound - No mapping found for HTTP request with URI [/images/c5.jpg] in DispatcherServlet with name 'dispatcherServlet'
2023-01-13 15:01:57.492 [http-nio-8080-exec-9] WARN  org.springframework.web.servlet.PageNotFound - No mapping found for HTTP request with URI [/templates/moban2550/css/bootstrap.css] in DispatcherServlet with name 'dispatcherServlet'
2023-01-13 15:01:57.493 [http-nio-8080-exec-7] WARN  org.springframework.web.servlet.PageNotFound - No mapping found for HTTP request with URI [/css/style.css] in DispatcherServlet with name 'dispatcherServlet'
2023-01-13 15:01:57.494 [http-nio-8080-exec-8] WARN  org.springframework.web.servlet.PageNotFound - No mapping found for HTTP request with URI [/css/flexslider.css] in DispatcherServlet with name 'dispatcherServlet'
2023-01-13 15:01:57.499 [http-nio-8080-exec-2] WARN  org.springframework.web.servlet.PageNotFound - No mapping found for HTTP request with URI [/css/font-awesome.min.css] in DispatcherServlet with name 'dispatcherServlet'
2023-01-13 15:01:57.534 [http-nio-8080-exec-3] WARN  org.springframework.web.servlet.PageNotFound - No mapping found for HTTP request with URI [/js/bootstrap.js] in DispatcherServlet with name 'dispatcherServlet'
2023-01-13 15:01:57.535 [http-nio-8080-exec-10] WARN  org.springframework.web.servlet.PageNotFound - No mapping found for HTTP request with URI [/js/jquery-2.1.4.min.js] in DispatcherServlet with name 'dispatcherServlet'
2023-01-13 15:01:57.544 [http-nio-8080-exec-4] WARN  org.springframework.web.servlet.PageNotFound - No mapping found for HTTP request with URI [/js/jquery.wmuSlider.js] in DispatcherServlet with name 'dispatcherServlet'
2023-01-13 15:01:57.546 [http-nio-8080-exec-5] WARN  org.springframework.web.servlet.PageNotFound - No mapping found for HTTP request with URI [/js/jquery.countup.js] in DispatcherServlet with name 'dispatcherServlet'
2023-01-13 15:01:57.546 [http-nio-8080-exec-11] WARN  org.springframework.web.servlet.PageNotFound - No mapping found for HTTP request with URI [/js/jarallax.js] in DispatcherServlet with name 'dispatcherServlet'
2023-01-13 15:01:57.546 [http-nio-8080-exec-1] WARN  org.springframework.web.servlet.PageNotFound - No mapping found for HTTP request with URI [/js/jquery.waypoints.min.js] in DispatcherServlet with name 'dispatcherServlet'
2023-01-13 15:01:57.580 [http-nio-8080-exec-6] WARN  org.springframework.web.servlet.PageNotFound - No mapping found for HTTP request with URI [/js/SmoothScroll.min.js] in DispatcherServlet with name 'dispatcherServlet'
2023-01-13 15:01:57.582 [http-nio-8080-exec-2] WARN  org.springframework.web.servlet.PageNotFound - No mapping found for HTTP request with URI [/js/move-top.js] in DispatcherServlet with name 'dispatcherServlet'
2023-01-13 15:01:57.596 [http-nio-8080-exec-8] WARN  org.springframework.web.servlet.PageNotFound - No mapping found for HTTP request with URI [/js/easing.js] in DispatcherServlet with name 'dispatcherServlet'
2023-01-13 15:01:57.596 [http-nio-8080-exec-7] WARN  org.springframework.web.servlet.PageNotFound - No mapping found for HTTP request with URI [/images/v4.jpg] in DispatcherServlet with name 'dispatcherServlet'
2023-01-13 15:01:57.597 [http-nio-8080-exec-9] WARN  org.springframework.web.servlet.PageNotFound - No mapping found for HTTP request with URI [/images/v2.jpg] in DispatcherServlet with name 'dispatcherServlet'
2023-01-13 15:01:57.602 [http-nio-8080-exec-3] WARN  org.springframework.web.servlet.PageNotFound - No mapping found for HTTP request with URI [/images/v3.jpg] in DispatcherServlet with name 'dispatcherServlet'
2023-01-13 15:01:57.633 [http-nio-8080-exec-10] WARN  org.springframework.web.servlet.PageNotFound - No mapping found for HTTP request with URI [/images/c1.jpg] in DispatcherServlet with name 'dispatcherServlet'
2023-01-13 15:01:57.634 [http-nio-8080-exec-4] WARN  org.springframework.web.servlet.PageNotFound - No mapping found for HTTP request with URI [/images/c2.jpg] in DispatcherServlet with name 'dispatcherServlet'
2023-01-13 15:01:57.642 [http-nio-8080-exec-1] WARN  org.springframework.web.servlet.PageNotFound - No mapping found for HTTP request with URI [/images/c5.jpg] in DispatcherServlet with name 'dispatcherServlet'
2023-01-13 15:01:57.646 [http-nio-8080-exec-11] WARN  org.springframework.web.servlet.PageNotFound - No mapping found for HTTP request with URI [/images/c4.jpg] in DispatcherServlet with name 'dispatcherServlet'
2023-01-13 15:01:57.646 [http-nio-8080-exec-5] WARN  org.springframework.web.servlet.PageNotFound - No mapping found for HTTP request with URI [/images/c3.jpg] in DispatcherServlet with name 'dispatcherServlet'
2023-01-13 15:01:57.651 [http-nio-8080-exec-6] WARN  org.springframework.web.servlet.PageNotFound - No mapping found for HTTP request with URI [/images/c6.jpg] in DispatcherServlet with name 'dispatcherServlet'
2023-01-13 15:01:57.676 [http-nio-8080-exec-2] WARN  org.springframework.web.servlet.PageNotFound - No mapping found for HTTP request with URI [/js/jquery.flexslider.js] in DispatcherServlet with name 'dispatcherServlet'
2023-01-13 15:02:08.114 [http-nio-8080-exec-3] WARN  org.springframework.web.servlet.PageNotFound - No mapping found for HTTP request with URI [/templates/moban2550/css/bootstrap.css] in DispatcherServlet with name 'dispatcherServlet'
2023-01-13 15:02:08.116 [http-nio-8080-exec-4] WARN  org.springframework.web.servlet.PageNotFound - No mapping found for HTTP request with URI [/css/style.css] in DispatcherServlet with name 'dispatcherServlet'
2023-01-13 15:02:08.127 [http-nio-8080-exec-11] WARN  org.springframework.web.servlet.PageNotFound - No mapping found for HTTP request with URI [/css/flexslider.css] in DispatcherServlet with name 'dispatcherServlet'
2023-01-13 15:02:08.127 [http-nio-8080-exec-10] WARN  org.springframework.web.servlet.PageNotFound - No mapping found for HTTP request with URI [/css/font-awesome.min.css] in DispatcherServlet with name 'dispatcherServlet'
2023-01-13 15:02:08.166 [http-nio-8080-exec-1] WARN  org.springframework.web.servlet.PageNotFound - No mapping found for HTTP request with URI [/images/v4.jpg] in DispatcherServlet with name 'dispatcherServlet'
2023-01-13 15:02:08.166 [http-nio-8080-exec-5] WARN  org.springframework.web.servlet.PageNotFound - No mapping found for HTTP request with URI [/images/v2.jpg] in DispatcherServlet with name 'dispatcherServlet'
2023-01-13 15:02:08.181 [http-nio-8080-exec-6] WARN  org.springframework.web.servlet.PageNotFound - No mapping found for HTTP request with URI [/js/jquery-2.1.4.min.js] in DispatcherServlet with name 'dispatcherServlet'
2023-01-13 15:02:08.185 [http-nio-8080-exec-9] WARN  org.springframework.web.servlet.PageNotFound - No mapping found for HTTP request with URI [/js/jquery.waypoints.min.js] in DispatcherServlet with name 'dispatcherServlet'
2023-01-13 15:02:08.185 [http-nio-8080-exec-7] WARN  org.springframework.web.servlet.PageNotFound - No mapping found for HTTP request with URI [/js/jquery.countup.js] in DispatcherServlet with name 'dispatcherServlet'
2023-01-13 15:02:08.185 [http-nio-8080-exec-2] WARN  org.springframework.web.servlet.PageNotFound - No mapping found for HTTP request with URI [/js/bootstrap.js] in DispatcherServlet with name 'dispatcherServlet'
2023-01-13 15:02:08.216 [http-nio-8080-exec-8] WARN  org.springframework.web.servlet.PageNotFound - No mapping found for HTTP request with URI [/js/jquery.wmuSlider.js] in DispatcherServlet with name 'dispatcherServlet'
2023-01-13 15:02:08.216 [http-nio-8080-exec-4] WARN  org.springframework.web.servlet.PageNotFound - No mapping found for HTTP request with URI [/js/jarallax.js] in DispatcherServlet with name 'dispatcherServlet'
2023-01-13 15:02:08.228 [http-nio-8080-exec-3] WARN  org.springframework.web.servlet.PageNotFound - No mapping found for HTTP request with URI [/js/SmoothScroll.min.js] in DispatcherServlet with name 'dispatcherServlet'
2023-01-13 15:02:08.230 [http-nio-8080-exec-11] WARN  org.springframework.web.servlet.PageNotFound - No mapping found for HTTP request with URI [/js/move-top.js] in DispatcherServlet with name 'dispatcherServlet'
2023-01-13 15:02:08.230 [http-nio-8080-exec-1] WARN  org.springframework.web.servlet.PageNotFound - No mapping found for HTTP request with URI [/js/easing.js] in DispatcherServlet with name 'dispatcherServlet'
2023-01-13 15:02:08.233 [http-nio-8080-exec-5] WARN  org.springframework.web.servlet.PageNotFound - No mapping found for HTTP request with URI [/images/v3.jpg] in DispatcherServlet with name 'dispatcherServlet'
2023-01-13 15:02:08.335 [http-nio-8080-exec-10] WARN  org.springframework.web.servlet.PageNotFound - No mapping found for HTTP request with URI [/images/c2.jpg] in DispatcherServlet with name 'dispatcherServlet'
2023-01-13 15:02:08.336 [http-nio-8080-exec-8] WARN  org.springframework.web.servlet.PageNotFound - No mapping found for HTTP request with URI [/images/c6.jpg] in DispatcherServlet with name 'dispatcherServlet'
2023-01-13 15:02:08.340 [http-nio-8080-exec-2] WARN  org.springframework.web.servlet.PageNotFound - No mapping found for HTTP request with URI [/images/c3.jpg] in DispatcherServlet with name 'dispatcherServlet'
2023-01-13 15:02:08.340 [http-nio-8080-exec-7] WARN  org.springframework.web.servlet.PageNotFound - No mapping found for HTTP request with URI [/images/c5.jpg] in DispatcherServlet with name 'dispatcherServlet'
2023-01-13 15:02:08.340 [http-nio-8080-exec-6] WARN  org.springframework.web.servlet.PageNotFound - No mapping found for HTTP request with URI [/images/c1.jpg] in DispatcherServlet with name 'dispatcherServlet'
2023-01-13 15:02:08.341 [http-nio-8080-exec-9] WARN  org.springframework.web.servlet.PageNotFound - No mapping found for HTTP request with URI [/images/c4.jpg] in DispatcherServlet with name 'dispatcherServlet'
2023-01-13 15:02:08.380 [http-nio-8080-exec-4] WARN  org.springframework.web.servlet.PageNotFound - No mapping found for HTTP request with URI [/js/jquery.flexslider.js] in DispatcherServlet with name 'dispatcherServlet'
2023-01-13 15:04:27.401 [http-nio-8080-exec-8] WARN  org.springframework.web.servlet.PageNotFound - No mapping found for HTTP request with URI [/css/flexslider.css] in DispatcherServlet with name 'dispatcherServlet'
2023-01-13 15:04:27.403 [http-nio-8080-exec-2] WARN  org.springframework.web.servlet.PageNotFound - No mapping found for HTTP request with URI [/css/style.css] in DispatcherServlet with name 'dispatcherServlet'
2023-01-13 15:04:27.404 [http-nio-8080-exec-6] WARN  org.springframework.web.servlet.PageNotFound - No mapping found for HTTP request with URI [/css/font-awesome.min.css] in DispatcherServlet with name 'dispatcherServlet'
2023-01-13 15:04:27.412 [http-nio-8080-exec-10] WARN  org.springframework.web.servlet.PageNotFound - No mapping found for HTTP request with URI [/templates/moban2550/css/bootstrap.css] in DispatcherServlet with name 'dispatcherServlet'
2023-01-13 15:04:27.479 [http-nio-8080-exec-9] WARN  org.springframework.web.servlet.PageNotFound - No mapping found for HTTP request with URI [/js/bootstrap.js] in DispatcherServlet with name 'dispatcherServlet'
2023-01-13 15:04:27.479 [http-nio-8080-exec-7] WARN  org.springframework.web.servlet.PageNotFound - No mapping found for HTTP request with URI [/js/jquery-2.1.4.min.js] in DispatcherServlet with name 'dispatcherServlet'
2023-01-13 15:04:27.525 [http-nio-8080-exec-4] WARN  org.springframework.web.servlet.PageNotFound - No mapping found for HTTP request with URI [/js/jquery.waypoints.min.js] in DispatcherServlet with name 'dispatcherServlet'
2023-01-13 15:04:27.525 [http-nio-8080-exec-11] WARN  org.springframework.web.servlet.PageNotFound - No mapping found for HTTP request with URI [/js/jquery.wmuSlider.js] in DispatcherServlet with name 'dispatcherServlet'
2023-01-13 15:04:27.525 [http-nio-8080-exec-6] WARN  org.springframework.web.servlet.PageNotFound - No mapping found for HTTP request with URI [/js/jquery.countup.js] in DispatcherServlet with name 'dispatcherServlet'
2023-01-13 15:04:27.536 [http-nio-8080-exec-3] WARN  org.springframework.web.servlet.PageNotFound - No mapping found for HTTP request with URI [/js/jarallax.js] in DispatcherServlet with name 'dispatcherServlet'
2023-01-13 15:04:27.567 [http-nio-8080-exec-2] WARN  org.springframework.web.servlet.PageNotFound - No mapping found for HTTP request with URI [/images/v2.jpg] in DispatcherServlet with name 'dispatcherServlet'
2023-01-13 15:04:27.576 [http-nio-8080-exec-8] WARN  org.springframework.web.servlet.PageNotFound - No mapping found for HTTP request with URI [/js/SmoothScroll.min.js] in DispatcherServlet with name 'dispatcherServlet'
2023-01-13 15:04:27.593 [http-nio-8080-exec-5] WARN  org.springframework.web.servlet.PageNotFound - No mapping found for HTTP request with URI [/js/move-top.js] in DispatcherServlet with name 'dispatcherServlet'
2023-01-13 15:04:27.596 [http-nio-8080-exec-10] WARN  org.springframework.web.servlet.PageNotFound - No mapping found for HTTP request with URI [/js/easing.js] in DispatcherServlet with name 'dispatcherServlet'
2023-01-13 15:04:27.597 [http-nio-8080-exec-7] WARN  org.springframework.web.servlet.PageNotFound - No mapping found for HTTP request with URI [/images/v4.jpg] in DispatcherServlet with name 'dispatcherServlet'
2023-01-13 15:04:27.599 [http-nio-8080-exec-9] WARN  org.springframework.web.servlet.PageNotFound - No mapping found for HTTP request with URI [/images/v3.jpg] in DispatcherServlet with name 'dispatcherServlet'
2023-01-13 15:04:27.636 [http-nio-8080-exec-11] WARN  org.springframework.web.servlet.PageNotFound - No mapping found for HTTP request with URI [/images/c1.jpg] in DispatcherServlet with name 'dispatcherServlet'
2023-01-13 15:04:27.643 [http-nio-8080-exec-6] WARN  org.springframework.web.servlet.PageNotFound - No mapping found for HTTP request with URI [/images/c2.jpg] in DispatcherServlet with name 'dispatcherServlet'
2023-01-13 15:04:27.665 [http-nio-8080-exec-3] WARN  org.springframework.web.servlet.PageNotFound - No mapping found for HTTP request with URI [/images/c4.jpg] in DispatcherServlet with name 'dispatcherServlet'
2023-01-13 15:04:27.665 [http-nio-8080-exec-4] WARN  org.springframework.web.servlet.PageNotFound - No mapping found for HTTP request with URI [/images/c3.jpg] in DispatcherServlet with name 'dispatcherServlet'
2023-01-13 15:04:27.665 [http-nio-8080-exec-2] WARN  org.springframework.web.servlet.PageNotFound - No mapping found for HTTP request with URI [/images/c5.jpg] in DispatcherServlet with name 'dispatcherServlet'
2023-01-13 15:04:27.673 [http-nio-8080-exec-8] WARN  org.springframework.web.servlet.PageNotFound - No mapping found for HTTP request with URI [/images/c6.jpg] in DispatcherServlet with name 'dispatcherServlet'
2023-01-13 15:04:27.703 [http-nio-8080-exec-7] WARN  org.springframework.web.servlet.PageNotFound - No mapping found for HTTP request with URI [/js/jquery.flexslider.js] in DispatcherServlet with name 'dispatcherServlet'
2023-01-13 15:04:31.072 [http-nio-8080-exec-6] WARN  org.springframework.web.servlet.PageNotFound - No mapping found for HTTP request with URI [/css/font-awesome.min.css] in DispatcherServlet with name 'dispatcherServlet'
2023-01-13 15:04:31.075 [http-nio-8080-exec-9] WARN  org.springframework.web.servlet.PageNotFound - No mapping found for HTTP request with URI [/templates/moban2550/css/bootstrap.css] in DispatcherServlet with name 'dispatcherServlet'
2023-01-13 15:04:31.084 [http-nio-8080-exec-11] WARN  org.springframework.web.servlet.PageNotFound - No mapping found for HTTP request with URI [/css/style.css] in DispatcherServlet with name 'dispatcherServlet'
2023-01-13 15:04:31.091 [http-nio-8080-exec-4] WARN  org.springframework.web.servlet.PageNotFound - No mapping found for HTTP request with URI [/css/flexslider.css] in DispatcherServlet with name 'dispatcherServlet'
2023-01-13 15:04:31.124 [http-nio-8080-exec-2] WARN  org.springframework.web.servlet.PageNotFound - No mapping found for HTTP request with URI [/js/jquery-2.1.4.min.js] in DispatcherServlet with name 'dispatcherServlet'
2023-01-13 15:04:31.125 [http-nio-8080-exec-3] WARN  org.springframework.web.servlet.PageNotFound - No mapping found for HTTP request with URI [/js/bootstrap.js] in DispatcherServlet with name 'dispatcherServlet'
2023-01-13 15:04:31.132 [http-nio-8080-exec-8] WARN  org.springframework.web.servlet.PageNotFound - No mapping found for HTTP request with URI [/js/jquery.waypoints.min.js] in DispatcherServlet with name 'dispatcherServlet'
2023-01-13 15:04:31.135 [http-nio-8080-exec-5] WARN  org.springframework.web.servlet.PageNotFound - No mapping found for HTTP request with URI [/js/jquery.countup.js] in DispatcherServlet with name 'dispatcherServlet'
2023-01-13 15:04:31.136 [http-nio-8080-exec-10] WARN  org.springframework.web.servlet.PageNotFound - No mapping found for HTTP request with URI [/js/jquery.wmuSlider.js] in DispatcherServlet with name 'dispatcherServlet'
2023-01-13 15:04:31.139 [http-nio-8080-exec-6] WARN  org.springframework.web.servlet.PageNotFound - No mapping found for HTTP request with URI [/js/jarallax.js] in DispatcherServlet with name 'dispatcherServlet'
2023-01-13 15:04:31.174 [http-nio-8080-exec-11] WARN  org.springframework.web.servlet.PageNotFound - No mapping found for HTTP request with URI [/js/SmoothScroll.min.js] in DispatcherServlet with name 'dispatcherServlet'
2023-01-13 15:04:31.176 [http-nio-8080-exec-7] WARN  org.springframework.web.servlet.PageNotFound - No mapping found for HTTP request with URI [/js/move-top.js] in DispatcherServlet with name 'dispatcherServlet'
2023-01-13 15:04:31.183 [http-nio-8080-exec-9] WARN  org.springframework.web.servlet.PageNotFound - No mapping found for HTTP request with URI [/js/easing.js] in DispatcherServlet with name 'dispatcherServlet'
2023-01-13 15:04:31.183 [http-nio-8080-exec-4] WARN  org.springframework.web.servlet.PageNotFound - No mapping found for HTTP request with URI [/images/v4.jpg] in DispatcherServlet with name 'dispatcherServlet'
2023-01-13 15:04:31.183 [http-nio-8080-exec-2] WARN  org.springframework.web.servlet.PageNotFound - No mapping found for HTTP request with URI [/images/v2.jpg] in DispatcherServlet with name 'dispatcherServlet'
2023-01-13 15:04:31.184 [http-nio-8080-exec-3] WARN  org.springframework.web.servlet.PageNotFound - No mapping found for HTTP request with URI [/images/v3.jpg] in DispatcherServlet with name 'dispatcherServlet'
2023-01-13 15:04:31.221 [http-nio-8080-exec-8] WARN  org.springframework.web.servlet.PageNotFound - No mapping found for HTTP request with URI [/images/c1.jpg] in DispatcherServlet with name 'dispatcherServlet'
2023-01-13 15:04:31.224 [http-nio-8080-exec-5] WARN  org.springframework.web.servlet.PageNotFound - No mapping found for HTTP request with URI [/images/c2.jpg] in DispatcherServlet with name 'dispatcherServlet'
2023-01-13 15:04:31.232 [http-nio-8080-exec-6] WARN  org.springframework.web.servlet.PageNotFound - No mapping found for HTTP request with URI [/images/c4.jpg] in DispatcherServlet with name 'dispatcherServlet'
2023-01-13 15:04:31.233 [http-nio-8080-exec-10] WARN  org.springframework.web.servlet.PageNotFound - No mapping found for HTTP request with URI [/images/c3.jpg] in DispatcherServlet with name 'dispatcherServlet'
2023-01-13 15:04:31.236 [http-nio-8080-exec-11] WARN  org.springframework.web.servlet.PageNotFound - No mapping found for HTTP request with URI [/images/c5.jpg] in DispatcherServlet with name 'dispatcherServlet'
2023-01-13 15:04:31.239 [http-nio-8080-exec-7] WARN  org.springframework.web.servlet.PageNotFound - No mapping found for HTTP request with URI [/images/c6.jpg] in DispatcherServlet with name 'dispatcherServlet'
2023-01-13 15:04:31.259 [http-nio-8080-exec-9] WARN  org.springframework.web.servlet.PageNotFound - No mapping found for HTTP request with URI [/js/jquery.flexslider.js] in DispatcherServlet with name 'dispatcherServlet'
2023-01-13 15:04:52.267 [http-nio-8080-exec-7] WARN  org.springframework.web.servlet.PageNotFound - No mapping found for HTTP request with URI [/js/bootstrap.js] in DispatcherServlet with name 'dispatcherServlet'
2023-01-13 15:04:52.270 [http-nio-8080-exec-6] WARN  org.springframework.web.servlet.PageNotFound - No mapping found for HTTP request with URI [/js/jquery-2.1.4.min.js] in DispatcherServlet with name 'dispatcherServlet'
2023-01-13 15:04:52.302 [http-nio-8080-exec-2] WARN  org.springframework.web.servlet.PageNotFound - No mapping found for HTTP request with URI [/js/jquery.waypoints.min.js] in DispatcherServlet with name 'dispatcherServlet'
2023-01-13 15:04:52.306 [http-nio-8080-exec-1] WARN  org.springframework.web.servlet.PageNotFound - No mapping found for HTTP request with URI [/js/jarallax.js] in DispatcherServlet with name 'dispatcherServlet'
2023-01-13 15:04:52.307 [http-nio-8080-exec-3] WARN  org.springframework.web.servlet.PageNotFound - No mapping found for HTTP request with URI [/js/jquery.wmuSlider.js] in DispatcherServlet with name 'dispatcherServlet'
2023-01-13 15:04:52.308 [http-nio-8080-exec-4] WARN  org.springframework.web.servlet.PageNotFound - No mapping found for HTTP request with URI [/js/jquery.countup.js] in DispatcherServlet with name 'dispatcherServlet'
2023-01-13 15:04:52.719 [http-nio-8080-exec-10] WARN  org.springframework.web.servlet.PageNotFound - No mapping found for HTTP request with URI [/js/SmoothScroll.min.js] in DispatcherServlet with name 'dispatcherServlet'
2023-01-13 15:04:52.730 [http-nio-8080-exec-5] WARN  org.springframework.web.servlet.PageNotFound - No mapping found for HTTP request with URI [/js/move-top.js] in DispatcherServlet with name 'dispatcherServlet'
2023-01-13 15:04:52.902 [http-nio-8080-exec-7] WARN  org.springframework.web.servlet.PageNotFound - No mapping found for HTTP request with URI [/js/easing.js] in DispatcherServlet with name 'dispatcherServlet'
2023-01-13 15:04:52.933 [http-nio-8080-exec-6] WARN  org.springframework.web.servlet.PageNotFound - No mapping found for HTTP request with URI [/images/v4.jpg] in DispatcherServlet with name 'dispatcherServlet'
2023-01-13 15:04:52.994 [http-nio-8080-exec-4] WARN  org.springframework.web.servlet.PageNotFound - No mapping found for HTTP request with URI [/images/v2.jpg] in DispatcherServlet with name 'dispatcherServlet'
2023-01-13 15:04:53.066 [http-nio-8080-exec-8] WARN  org.springframework.web.servlet.PageNotFound - No mapping found for HTTP request with URI [/images/v3.jpg] in DispatcherServlet with name 'dispatcherServlet'
2023-01-13 15:04:53.086 [http-nio-8080-exec-2] WARN  org.springframework.web.servlet.PageNotFound - No mapping found for HTTP request with URI [/images/c1.jpg] in DispatcherServlet with name 'dispatcherServlet'
2023-01-13 15:04:53.092 [http-nio-8080-exec-9] WARN  org.springframework.web.servlet.PageNotFound - No mapping found for HTTP request with URI [/images/c2.jpg] in DispatcherServlet with name 'dispatcherServlet'
2023-01-13 15:04:53.127 [http-nio-8080-exec-3] WARN  org.springframework.web.servlet.PageNotFound - No mapping found for HTTP request with URI [/images/c3.jpg] in DispatcherServlet with name 'dispatcherServlet'
2023-01-13 15:04:53.158 [http-nio-8080-exec-10] WARN  org.springframework.web.servlet.PageNotFound - No mapping found for HTTP request with URI [/images/c4.jpg] in DispatcherServlet with name 'dispatcherServlet'
2023-01-13 15:04:53.189 [http-nio-8080-exec-5] WARN  org.springframework.web.servlet.PageNotFound - No mapping found for HTTP request with URI [/images/c5.jpg] in DispatcherServlet with name 'dispatcherServlet'
2023-01-13 15:04:53.202 [http-nio-8080-exec-7] WARN  org.springframework.web.servlet.PageNotFound - No mapping found for HTTP request with URI [/images/c6.jpg] in DispatcherServlet with name 'dispatcherServlet'
2023-01-13 15:04:53.209 [http-nio-8080-exec-6] WARN  org.springframework.web.servlet.PageNotFound - No mapping found for HTTP request with URI [/js/jquery.flexslider.js] in DispatcherServlet with name 'dispatcherServlet'
2023-01-13 15:06:46.637 [http-nio-8080-exec-6] WARN  org.springframework.web.servlet.PageNotFound - No mapping found for HTTP request with URI [/images/v2.jpg] in DispatcherServlet with name 'dispatcherServlet'
2023-01-13 15:06:46.642 [http-nio-8080-exec-7] WARN  org.springframework.web.servlet.PageNotFound - No mapping found for HTTP request with URI [/images/v4.jpg] in DispatcherServlet with name 'dispatcherServlet'
2023-01-13 15:06:46.715 [http-nio-8080-exec-2] WARN  org.springframework.web.servlet.PageNotFound - No mapping found for HTTP request with URI [/js/jquery.countup.js] in DispatcherServlet with name 'dispatcherServlet'
2023-01-13 15:06:46.715 [http-nio-8080-exec-8] WARN  org.springframework.web.servlet.PageNotFound - No mapping found for HTTP request with URI [/js/jquery-2.1.4.min.js] in DispatcherServlet with name 'dispatcherServlet'
2023-01-13 15:06:46.716 [http-nio-8080-exec-4] WARN  org.springframework.web.servlet.PageNotFound - No mapping found for HTTP request with URI [/js/jquery.waypoints.min.js] in DispatcherServlet with name 'dispatcherServlet'
2023-01-13 15:06:46.722 [http-nio-8080-exec-1] WARN  org.springframework.web.servlet.PageNotFound - No mapping found for HTTP request with URI [/js/bootstrap.js] in DispatcherServlet with name 'dispatcherServlet'
2023-01-13 15:06:46.811 [http-nio-8080-exec-4] WARN  org.springframework.web.servlet.PageNotFound - No mapping found for HTTP request with URI [/js/jarallax.js] in DispatcherServlet with name 'dispatcherServlet'
2023-01-13 15:06:46.813 [http-nio-8080-exec-3] WARN  org.springframework.web.servlet.PageNotFound - No mapping found for HTTP request with URI [/js/jquery.wmuSlider.js] in DispatcherServlet with name 'dispatcherServlet'
2023-01-13 15:06:46.820 [http-nio-8080-exec-7] WARN  org.springframework.web.servlet.PageNotFound - No mapping found for HTTP request with URI [/js/SmoothScroll.min.js] in DispatcherServlet with name 'dispatcherServlet'
2023-01-13 15:06:46.858 [http-nio-8080-exec-8] WARN  org.springframework.web.servlet.PageNotFound - No mapping found for HTTP request with URI [/js/move-top.js] in DispatcherServlet with name 'dispatcherServlet'
2023-01-13 15:06:46.859 [http-nio-8080-exec-10] WARN  org.springframework.web.servlet.PageNotFound - No mapping found for HTTP request with URI [/js/easing.js] in DispatcherServlet with name 'dispatcherServlet'
2023-01-13 15:06:46.864 [http-nio-8080-exec-1] WARN  org.springframework.web.servlet.PageNotFound - No mapping found for HTTP request with URI [/images/v3.jpg] in DispatcherServlet with name 'dispatcherServlet'
2023-01-13 15:06:46.883 [http-nio-8080-exec-9] WARN  org.springframework.web.servlet.PageNotFound - No mapping found for HTTP request with URI [/images/c1.jpg] in DispatcherServlet with name 'dispatcherServlet'
2023-01-13 15:06:46.889 [http-nio-8080-exec-5] WARN  org.springframework.web.servlet.PageNotFound - No mapping found for HTTP request with URI [/images/c2.jpg] in DispatcherServlet with name 'dispatcherServlet'
2023-01-13 15:06:46.914 [http-nio-8080-exec-4] WARN  org.springframework.web.servlet.PageNotFound - No mapping found for HTTP request with URI [/images/c3.jpg] in DispatcherServlet with name 'dispatcherServlet'
2023-01-13 15:06:46.929 [http-nio-8080-exec-3] WARN  org.springframework.web.servlet.PageNotFound - No mapping found for HTTP request with URI [/images/c4.jpg] in DispatcherServlet with name 'dispatcherServlet'
2023-01-13 15:06:46.931 [http-nio-8080-exec-2] WARN  org.springframework.web.servlet.PageNotFound - No mapping found for HTTP request with URI [/images/c5.jpg] in DispatcherServlet with name 'dispatcherServlet'
2023-01-13 15:06:46.960 [http-nio-8080-exec-8] WARN  org.springframework.web.servlet.PageNotFound - No mapping found for HTTP request with URI [/js/jquery.flexslider.js] in DispatcherServlet with name 'dispatcherServlet'
2023-01-13 15:06:46.962 [http-nio-8080-exec-7] WARN  org.springframework.web.servlet.PageNotFound - No mapping found for HTTP request with URI [/images/c6.jpg] in DispatcherServlet with name 'dispatcherServlet'
2023-01-13 15:06:48.825 [http-nio-8080-exec-3] WARN  org.springframework.web.servlet.PageNotFound - No mapping found for HTTP request with URI [/images/v4.jpg] in DispatcherServlet with name 'dispatcherServlet'
2023-01-13 15:06:48.825 [http-nio-8080-exec-2] WARN  org.springframework.web.servlet.PageNotFound - No mapping found for HTTP request with URI [/images/v2.jpg] in DispatcherServlet with name 'dispatcherServlet'
2023-01-13 15:06:48.828 [http-nio-8080-exec-10] WARN  org.springframework.web.servlet.PageNotFound - No mapping found for HTTP request with URI [/images/c3.jpg] in DispatcherServlet with name 'dispatcherServlet'
2023-01-13 15:06:48.834 [http-nio-8080-exec-6] WARN  org.springframework.web.servlet.PageNotFound - No mapping found for HTTP request with URI [/images/c2.jpg] in DispatcherServlet with name 'dispatcherServlet'
2023-01-13 15:06:48.836 [http-nio-8080-exec-8] WARN  org.springframework.web.servlet.PageNotFound - No mapping found for HTTP request with URI [/images/v3.jpg] in DispatcherServlet with name 'dispatcherServlet'
2023-01-13 15:06:48.840 [http-nio-8080-exec-7] WARN  org.springframework.web.servlet.PageNotFound - No mapping found for HTTP request with URI [/images/c1.jpg] in DispatcherServlet with name 'dispatcherServlet'
2023-01-13 15:06:48.877 [http-nio-8080-exec-4] WARN  org.springframework.web.servlet.PageNotFound - No mapping found for HTTP request with URI [/js/jquery-2.1.4.min.js] in DispatcherServlet with name 'dispatcherServlet'
2023-01-13 15:06:48.880 [http-nio-8080-exec-2] WARN  org.springframework.web.servlet.PageNotFound - No mapping found for HTTP request with URI [/js/jquery.waypoints.min.js] in DispatcherServlet with name 'dispatcherServlet'
2023-01-13 15:06:48.882 [http-nio-8080-exec-3] WARN  org.springframework.web.servlet.PageNotFound - No mapping found for HTTP request with URI [/js/bootstrap.js] in DispatcherServlet with name 'dispatcherServlet'
2023-01-13 15:06:48.914 [http-nio-8080-exec-10] WARN  org.springframework.web.servlet.PageNotFound - No mapping found for HTTP request with URI [/js/jquery.countup.js] in DispatcherServlet with name 'dispatcherServlet'
2023-01-13 15:06:48.916 [http-nio-8080-exec-8] WARN  org.springframework.web.servlet.PageNotFound - No mapping found for HTTP request with URI [/js/jquery.wmuSlider.js] in DispatcherServlet with name 'dispatcherServlet'
2023-01-13 15:06:48.918 [http-nio-8080-exec-6] WARN  org.springframework.web.servlet.PageNotFound - No mapping found for HTTP request with URI [/js/jarallax.js] in DispatcherServlet with name 'dispatcherServlet'
2023-01-13 15:06:48.949 [http-nio-8080-exec-1] WARN  org.springframework.web.servlet.PageNotFound - No mapping found for HTTP request with URI [/js/SmoothScroll.min.js] in DispatcherServlet with name 'dispatcherServlet'
2023-01-13 15:06:48.951 [http-nio-8080-exec-9] WARN  org.springframework.web.servlet.PageNotFound - No mapping found for HTTP request with URI [/js/move-top.js] in DispatcherServlet with name 'dispatcherServlet'
2023-01-13 15:06:48.952 [http-nio-8080-exec-7] WARN  org.springframework.web.servlet.PageNotFound - No mapping found for HTTP request with URI [/js/easing.js] in DispatcherServlet with name 'dispatcherServlet'
2023-01-13 15:06:48.954 [http-nio-8080-exec-4] WARN  org.springframework.web.servlet.PageNotFound - No mapping found for HTTP request with URI [/images/c4.jpg] in DispatcherServlet with name 'dispatcherServlet'
2023-01-13 15:06:48.955 [http-nio-8080-exec-2] WARN  org.springframework.web.servlet.PageNotFound - No mapping found for HTTP request with URI [/images/c5.jpg] in DispatcherServlet with name 'dispatcherServlet'
2023-01-13 15:06:48.987 [http-nio-8080-exec-10] WARN  org.springframework.web.servlet.PageNotFound - No mapping found for HTTP request with URI [/js/jquery.flexslider.js] in DispatcherServlet with name 'dispatcherServlet'
2023-01-13 15:06:48.987 [http-nio-8080-exec-3] WARN  org.springframework.web.servlet.PageNotFound - No mapping found for HTTP request with URI [/images/c6.jpg] in DispatcherServlet with name 'dispatcherServlet'
2023-01-13 15:07:43.221 [http-nio-8080-exec-6] WARN  org.springframework.web.servlet.PageNotFound - No mapping found for HTTP request with URI [/js/jquery-2.1.4.min.js] in DispatcherServlet with name 'dispatcherServlet'
2023-01-13 15:07:43.224 [http-nio-8080-exec-7] WARN  org.springframework.web.servlet.PageNotFound - No mapping found for HTTP request with URI [/js/bootstrap.js] in DispatcherServlet with name 'dispatcherServlet'
2023-01-13 15:07:43.235 [http-nio-8080-exec-9] WARN  org.springframework.web.servlet.PageNotFound - No mapping found for HTTP request with URI [/js/jquery.wmuSlider.js] in DispatcherServlet with name 'dispatcherServlet'
2023-01-13 15:07:43.237 [http-nio-8080-exec-8] WARN  org.springframework.web.servlet.PageNotFound - No mapping found for HTTP request with URI [/js/jquery.countup.js] in DispatcherServlet with name 'dispatcherServlet'
2023-01-13 15:07:43.238 [http-nio-8080-exec-1] WARN  org.springframework.web.servlet.PageNotFound - No mapping found for HTTP request with URI [/js/jquery.waypoints.min.js] in DispatcherServlet with name 'dispatcherServlet'
2023-01-13 15:07:43.238 [http-nio-8080-exec-10] WARN  org.springframework.web.servlet.PageNotFound - No mapping found for HTTP request with URI [/js/jarallax.js] in DispatcherServlet with name 'dispatcherServlet'
2023-01-13 15:07:43.441 [http-nio-8080-exec-7] WARN  org.springframework.web.servlet.PageNotFound - No mapping found for HTTP request with URI [/js/SmoothScroll.min.js] in DispatcherServlet with name 'dispatcherServlet'
2023-01-13 15:07:43.441 [http-nio-8080-exec-8] WARN  org.springframework.web.servlet.PageNotFound - No mapping found for HTTP request with URI [/js/move-top.js] in DispatcherServlet with name 'dispatcherServlet'
2023-01-13 15:07:43.447 [http-nio-8080-exec-6] WARN  org.springframework.web.servlet.PageNotFound - No mapping found for HTTP request with URI [/js/easing.js] in DispatcherServlet with name 'dispatcherServlet'
2023-01-13 15:07:43.483 [http-nio-8080-exec-3] WARN  org.springframework.web.servlet.PageNotFound - No mapping found for HTTP request with URI [/images/v4.jpg] in DispatcherServlet with name 'dispatcherServlet'
2023-01-13 15:07:43.484 [http-nio-8080-exec-10] WARN  org.springframework.web.servlet.PageNotFound - No mapping found for HTTP request with URI [/images/v2.jpg] in DispatcherServlet with name 'dispatcherServlet'
2023-01-13 15:07:43.494 [http-nio-8080-exec-9] WARN  org.springframework.web.servlet.PageNotFound - No mapping found for HTTP request with URI [/images/v3.jpg] in DispatcherServlet with name 'dispatcherServlet'
2023-01-13 15:07:43.524 [http-nio-8080-exec-4] WARN  org.springframework.web.servlet.PageNotFound - No mapping found for HTTP request with URI [/images/c1.jpg] in DispatcherServlet with name 'dispatcherServlet'
2023-01-13 15:07:43.524 [http-nio-8080-exec-2] WARN  org.springframework.web.servlet.PageNotFound - No mapping found for HTTP request with URI [/images/c2.jpg] in DispatcherServlet with name 'dispatcherServlet'
2023-01-13 15:07:43.585 [http-nio-8080-exec-1] WARN  org.springframework.web.servlet.PageNotFound - No mapping found for HTTP request with URI [/images/c3.jpg] in DispatcherServlet with name 'dispatcherServlet'
2023-01-13 15:07:43.591 [http-nio-8080-exec-7] WARN  org.springframework.web.servlet.PageNotFound - No mapping found for HTTP request with URI [/images/c4.jpg] in DispatcherServlet with name 'dispatcherServlet'
2023-01-13 15:07:43.598 [http-nio-8080-exec-8] WARN  org.springframework.web.servlet.PageNotFound - No mapping found for HTTP request with URI [/images/c5.jpg] in DispatcherServlet with name 'dispatcherServlet'
2023-01-13 15:07:43.599 [http-nio-8080-exec-6] WARN  org.springframework.web.servlet.PageNotFound - No mapping found for HTTP request with URI [/images/c6.jpg] in DispatcherServlet with name 'dispatcherServlet'
2023-01-13 15:07:43.603 [http-nio-8080-exec-10] WARN  org.springframework.web.servlet.PageNotFound - No mapping found for HTTP request with URI [/js/jquery.flexslider.js] in DispatcherServlet with name 'dispatcherServlet'
