2023-01-30 09:47:43.607 [http-nio-8080-exec-2] WARN  org.springframework.web.servlet.PageNotFound - No mapping found for HTTP request with URI [/vegetable/product-details.html] in DispatcherServlet with name 'dispatcherServlet'
2023-01-30 09:50:38.957 [http-nio-8080-exec-7] WARN  org.springframework.web.servlet.PageNotFound - No mapping found for HTTP request with URI [/vegetable/detail] in DispatcherServlet with name 'dispatcherServlet'
2023-01-30 09:55:20.459 [http-nio-8080-exec-3] WARN  org.springframework.web.servlet.PageNotFound - No mapping found for HTTP request with URI [/vegetable/assets/css/owl.carousel.min.css] in DispatcherServlet with name 'dispatcherServlet'
2023-01-30 09:55:20.459 [http-nio-8080-exec-5] WARN  org.springframework.web.servlet.PageNotFound - No mapping found for HTTP request with URI [/vegetable/assets/css/font.awesome.css] in DispatcherServlet with name 'dispatcherServlet'
2023-01-30 09:55:20.459 [http-nio-8080-exec-4] WARN  org.springframework.web.servlet.PageNotFound - No mapping found for HTTP request with URI [/vegetable/assets/css/slick.css] in DispatcherServlet with name 'dispatcherServlet'
2023-01-30 09:55:20.460 [http-nio-8080-exec-2] WARN  org.springframework.web.servlet.PageNotFound - No mapping found for HTTP request with URI [/vegetable/assets/css/bootstrap.min.css] in DispatcherServlet with name 'dispatcherServlet'
2023-01-30 09:55:20.460 [http-nio-8080-exec-7] WARN  org.springframework.web.servlet.PageNotFound - No mapping found for HTTP request with URI [/vegetable/assets/css/ionicons.min.css] in DispatcherServlet with name 'dispatcherServlet'
2023-01-30 09:55:20.461 [http-nio-8080-exec-6] WARN  org.springframework.web.servlet.PageNotFound - No mapping found for HTTP request with URI [/vegetable/assets/css/magnific-popup.css] in DispatcherServlet with name 'dispatcherServlet'
2023-01-30 09:55:20.678 [http-nio-8080-exec-8] WARN  org.springframework.web.servlet.PageNotFound - No mapping found for HTTP request with URI [/vegetable/assets/css/linearicons.css] in DispatcherServlet with name 'dispatcherServlet'
2023-01-30 09:55:20.679 [http-nio-8080-exec-1] WARN  org.springframework.web.servlet.PageNotFound - No mapping found for HTTP request with URI [/vegetable/assets/css/jquery-ui.min.css] in DispatcherServlet with name 'dispatcherServlet'
2023-01-30 09:55:20.678 [http-nio-8080-exec-5] WARN  org.springframework.web.servlet.PageNotFound - No mapping found for HTTP request with URI [/vegetable/assets/css/plugins.css] in DispatcherServlet with name 'dispatcherServlet'
2023-01-30 09:55:20.679 [http-nio-8080-exec-4] WARN  org.springframework.web.servlet.PageNotFound - No mapping found for HTTP request with URI [/vegetable/assets/css/style.css] in DispatcherServlet with name 'dispatcherServlet'
2023-01-30 09:55:20.679 [http-nio-8080-exec-9] WARN  org.springframework.web.servlet.PageNotFound - No mapping found for HTTP request with URI [/vegetable/assets/css/animate.css] in DispatcherServlet with name 'dispatcherServlet'
2023-01-30 09:55:20.680 [http-nio-8080-exec-10] WARN  org.springframework.web.servlet.PageNotFound - No mapping found for HTTP request with URI [/vegetable/assets/css/slinky.menu.css] in DispatcherServlet with name 'dispatcherServlet'
2023-01-30 09:55:20.719 [http-nio-8080-exec-2] WARN  org.springframework.web.servlet.PageNotFound - No mapping found for HTTP request with URI [/vegetable/assets/js/vendor/modernizr-3.7.1.min.js] in DispatcherServlet with name 'dispatcherServlet'
2023-01-30 09:55:20.719 [http-nio-8080-exec-9] WARN  org.springframework.web.servlet.PageNotFound - No mapping found for HTTP request with URI [/vegetable/assets/js/vendor/jquery-3.4.1.min.js] in DispatcherServlet with name 'dispatcherServlet'
2023-01-30 09:55:20.795 [http-nio-8080-exec-6] WARN  org.springframework.web.servlet.PageNotFound - No mapping found for HTTP request with URI [/vegetable/assets/js/bootstrap.min.js] in DispatcherServlet with name 'dispatcherServlet'
2023-01-30 09:55:20.795 [http-nio-8080-exec-1] WARN  org.springframework.web.servlet.PageNotFound - No mapping found for HTTP request with URI [/vegetable/assets/js/slick.min.js] in DispatcherServlet with name 'dispatcherServlet'
2023-01-30 09:55:20.795 [http-nio-8080-exec-4] WARN  org.springframework.web.servlet.PageNotFound - No mapping found for HTTP request with URI [/vegetable/assets/js/owl.carousel.min.js] in DispatcherServlet with name 'dispatcherServlet'
2023-01-30 09:55:20.795 [http-nio-8080-exec-8] WARN  org.springframework.web.servlet.PageNotFound - No mapping found for HTTP request with URI [/vegetable/assets/js/jquery.counterup.min.js] in DispatcherServlet with name 'dispatcherServlet'
2023-01-30 09:55:20.795 [http-nio-8080-exec-10] WARN  org.springframework.web.servlet.PageNotFound - No mapping found for HTTP request with URI [/vegetable/assets/js/jquery.magnific-popup.min.js] in DispatcherServlet with name 'dispatcherServlet'
2023-01-30 09:55:20.795 [http-nio-8080-exec-3] WARN  org.springframework.web.servlet.PageNotFound - No mapping found for HTTP request with URI [/vegetable/assets/js/popper.js] in DispatcherServlet with name 'dispatcherServlet'
2023-01-30 09:55:20.852 [http-nio-8080-exec-5] WARN  org.springframework.web.servlet.PageNotFound - No mapping found for HTTP request with URI [/vegetable/assets/img/s-product/product2.jpg] in DispatcherServlet with name 'dispatcherServlet'
2023-01-30 09:55:20.852 [http-nio-8080-exec-7] WARN  org.springframework.web.servlet.PageNotFound - No mapping found for HTTP request with URI [/vegetable/assets/img/s-product/product.jpg] in DispatcherServlet with name 'dispatcherServlet'
2023-01-30 09:55:20.852 [http-nio-8080-exec-2] WARN  org.springframework.web.servlet.PageNotFound - No mapping found for HTTP request with URI [/vegetable/assets/js/jquery.countdown.js] in DispatcherServlet with name 'dispatcherServlet'
2023-01-30 09:55:20.853 [http-nio-8080-exec-4] WARN  org.springframework.web.servlet.PageNotFound - No mapping found for HTTP request with URI [/vegetable/assets/js/isotope.pkgd.min.js] in DispatcherServlet with name 'dispatcherServlet'
2023-01-30 09:55:20.854 [http-nio-8080-exec-9] WARN  org.springframework.web.servlet.PageNotFound - No mapping found for HTTP request with URI [/vegetable/assets/js/jquery.ui.js] in DispatcherServlet with name 'dispatcherServlet'
2023-01-30 09:55:20.856 [http-nio-8080-exec-8] WARN  org.springframework.web.servlet.PageNotFound - No mapping found for HTTP request with URI [/vegetable/assets/js/jquery.elevatezoom.js] in DispatcherServlet with name 'dispatcherServlet'
2023-01-30 09:55:20.890 [http-nio-8080-exec-1] WARN  org.springframework.web.servlet.PageNotFound - No mapping found for HTTP request with URI [/vegetable/assets/js/slinky.menu.js] in DispatcherServlet with name 'dispatcherServlet'
2023-01-30 09:55:20.893 [http-nio-8080-exec-10] WARN  org.springframework.web.servlet.PageNotFound - No mapping found for HTTP request with URI [/vegetable/assets/js/plugins.js] in DispatcherServlet with name 'dispatcherServlet'
2023-01-30 09:55:20.893 [http-nio-8080-exec-6] WARN  org.springframework.web.servlet.PageNotFound - No mapping found for HTTP request with URI [/vegetable/assets/js/main.js] in DispatcherServlet with name 'dispatcherServlet'
2023-01-30 09:55:20.896 [http-nio-8080-exec-3] WARN  org.springframework.web.servlet.PageNotFound - No mapping found for HTTP request with URI [/vegetable/assets/img/logo/logo.png] in DispatcherServlet with name 'dispatcherServlet'
2023-01-30 09:55:20.940 [http-nio-8080-exec-9] WARN  org.springframework.web.servlet.PageNotFound - No mapping found for HTTP request with URI [/vegetable/assets/img/product/productbig2.jpg] in DispatcherServlet with name 'dispatcherServlet'
2023-01-30 09:55:20.940 [http-nio-8080-exec-2] WARN  org.springframework.web.servlet.PageNotFound - No mapping found for HTTP request with URI [/vegetable/assets/img/product/productbig4.jpg] in DispatcherServlet with name 'dispatcherServlet'
2023-01-30 09:55:20.940 [http-nio-8080-exec-7] WARN  org.springframework.web.servlet.PageNotFound - No mapping found for HTTP request with URI [/vegetable/assets/img/product/productbig1.jpg] in DispatcherServlet with name 'dispatcherServlet'
2023-01-30 09:55:20.942 [http-nio-8080-exec-4] WARN  org.springframework.web.servlet.PageNotFound - No mapping found for HTTP request with URI [/vegetable/assets/img/product/productbig3.jpg] in DispatcherServlet with name 'dispatcherServlet'
2023-01-30 09:55:20.944 [http-nio-8080-exec-8] WARN  org.springframework.web.servlet.PageNotFound - No mapping found for HTTP request with URI [/vegetable/assets/img/blog/comment2.jpg] in DispatcherServlet with name 'dispatcherServlet'
2023-01-30 09:55:20.990 [http-nio-8080-exec-5] WARN  org.springframework.web.servlet.PageNotFound - No mapping found for HTTP request with URI [/vegetable/assets/img/product/product20.jpg] in DispatcherServlet with name 'dispatcherServlet'
2023-01-30 09:55:21.006 [http-nio-8080-exec-10] WARN  org.springframework.web.servlet.PageNotFound - No mapping found for HTTP request with URI [/vegetable/assets/img/product/product21.jpg] in DispatcherServlet with name 'dispatcherServlet'
2023-01-30 09:55:21.006 [http-nio-8080-exec-2] WARN  org.springframework.web.servlet.PageNotFound - No mapping found for HTTP request with URI [/vegetable/assets/img/product/product14.jpg] in DispatcherServlet with name 'dispatcherServlet'
2023-01-30 09:55:21.006 [http-nio-8080-exec-6] WARN  org.springframework.web.servlet.PageNotFound - No mapping found for HTTP request with URI [/vegetable/assets/img/product/product17.jpg] in DispatcherServlet with name 'dispatcherServlet'
2023-01-30 09:55:21.010 [http-nio-8080-exec-9] WARN  org.springframework.web.servlet.PageNotFound - No mapping found for HTTP request with URI [/vegetable/assets/img/product/product15.jpg] in DispatcherServlet with name 'dispatcherServlet'
2023-01-30 09:55:21.017 [http-nio-8080-exec-3] WARN  org.springframework.web.servlet.PageNotFound - No mapping found for HTTP request with URI [/vegetable/assets/img/product/product16.jpg] in DispatcherServlet with name 'dispatcherServlet'
2023-01-30 09:55:21.039 [http-nio-8080-exec-4] WARN  org.springframework.web.servlet.PageNotFound - No mapping found for HTTP request with URI [/vegetable/assets/img/product/product18.jpg] in DispatcherServlet with name 'dispatcherServlet'
2023-01-30 09:55:21.052 [http-nio-8080-exec-7] WARN  org.springframework.web.servlet.PageNotFound - No mapping found for HTTP request with URI [/vegetable/assets/img/product/product19.jpg] in DispatcherServlet with name 'dispatcherServlet'
2023-01-30 09:55:21.055 [http-nio-8080-exec-8] WARN  org.springframework.web.servlet.PageNotFound - No mapping found for HTTP request with URI [/vegetable/assets/img/product/product9.jpg] in DispatcherServlet with name 'dispatcherServlet'
2023-01-30 09:55:21.055 [http-nio-8080-exec-1] WARN  org.springframework.web.servlet.PageNotFound - No mapping found for HTTP request with URI [/vegetable/assets/img/product/product1.jpg] in DispatcherServlet with name 'dispatcherServlet'
2023-01-30 09:55:21.055 [http-nio-8080-exec-5] WARN  org.springframework.web.servlet.PageNotFound - No mapping found for HTTP request with URI [/vegetable/assets/img/product/product2.jpg] in DispatcherServlet with name 'dispatcherServlet'
2023-01-30 09:55:21.060 [http-nio-8080-exec-2] WARN  org.springframework.web.servlet.PageNotFound - No mapping found for HTTP request with URI [/vegetable/assets/img/product/product4.jpg] in DispatcherServlet with name 'dispatcherServlet'
2023-01-30 09:55:21.087 [http-nio-8080-exec-6] WARN  org.springframework.web.servlet.PageNotFound - No mapping found for HTTP request with URI [/vegetable/assets/img/product/product13.jpg] in DispatcherServlet with name 'dispatcherServlet'
2023-01-30 09:55:21.098 [http-nio-8080-exec-10] WARN  org.springframework.web.servlet.PageNotFound - No mapping found for HTTP request with URI [/vegetable/assets/img/product/product12.jpg] in DispatcherServlet with name 'dispatcherServlet'
2023-01-30 09:55:21.107 [http-nio-8080-exec-9] WARN  org.springframework.web.servlet.PageNotFound - No mapping found for HTTP request with URI [/vegetable/assets/img/product/product3.jpg] in DispatcherServlet with name 'dispatcherServlet'
2023-01-30 09:55:21.107 [http-nio-8080-exec-11] WARN  org.springframework.web.servlet.PageNotFound - No mapping found for HTTP request with URI [/vegetable/assets/img/icon/paypal3.jpg] in DispatcherServlet with name 'dispatcherServlet'
2023-01-30 09:55:21.107 [http-nio-8080-exec-3] WARN  org.springframework.web.servlet.PageNotFound - No mapping found for HTTP request with URI [/vegetable/assets/img/icon/paypal1.jpg] in DispatcherServlet with name 'dispatcherServlet'
2023-01-30 09:55:21.107 [http-nio-8080-exec-4] WARN  org.springframework.web.servlet.PageNotFound - No mapping found for HTTP request with URI [/vegetable/assets/img/icon/paypal2.jpg] in DispatcherServlet with name 'dispatcherServlet'
2023-01-30 09:55:21.136 [http-nio-8080-exec-7] WARN  org.springframework.web.servlet.PageNotFound - No mapping found for HTTP request with URI [/vegetable/assets/img/icon/paypal4.jpg] in DispatcherServlet with name 'dispatcherServlet'
2023-01-30 09:55:21.141 [http-nio-8080-exec-5] WARN  org.springframework.web.servlet.PageNotFound - No mapping found for HTTP request with URI [/vegetable/assets/img/product/product6.jpg] in DispatcherServlet with name 'dispatcherServlet'
2023-01-30 09:55:21.147 [http-nio-8080-exec-2] WARN  org.springframework.web.servlet.PageNotFound - No mapping found for HTTP request with URI [/vegetable/assets/img/product/product7.jpg] in DispatcherServlet with name 'dispatcherServlet'
2023-01-30 09:55:45.154 [http-nio-8080-exec-9] WARN  org.springframework.web.servlet.PageNotFound - No mapping found for HTTP request with URI [/vegetable/assets/css/font.awesome.css] in DispatcherServlet with name 'dispatcherServlet'
2023-01-30 09:55:45.154 [http-nio-8080-exec-8] WARN  org.springframework.web.servlet.PageNotFound - No mapping found for HTTP request with URI [/vegetable/assets/css/bootstrap.min.css] in DispatcherServlet with name 'dispatcherServlet'
2023-01-30 09:55:45.162 [http-nio-8080-exec-6] WARN  org.springframework.web.servlet.PageNotFound - No mapping found for HTTP request with URI [/vegetable/assets/css/owl.carousel.min.css] in DispatcherServlet with name 'dispatcherServlet'
2023-01-30 09:55:45.165 [http-nio-8080-exec-10] WARN  org.springframework.web.servlet.PageNotFound - No mapping found for HTTP request with URI [/vegetable/assets/css/slick.css] in DispatcherServlet with name 'dispatcherServlet'
2023-01-30 09:55:45.165 [http-nio-8080-exec-4] WARN  org.springframework.web.servlet.PageNotFound - No mapping found for HTTP request with URI [/vegetable/assets/css/magnific-popup.css] in DispatcherServlet with name 'dispatcherServlet'
2023-01-30 09:55:45.165 [http-nio-8080-exec-3] WARN  org.springframework.web.servlet.PageNotFound - No mapping found for HTTP request with URI [/vegetable/assets/css/ionicons.min.css] in DispatcherServlet with name 'dispatcherServlet'
2023-01-30 09:55:45.221 [http-nio-8080-exec-11] WARN  org.springframework.web.servlet.PageNotFound - No mapping found for HTTP request with URI [/vegetable/assets/css/linearicons.css] in DispatcherServlet with name 'dispatcherServlet'
2023-01-30 09:55:45.221 [http-nio-8080-exec-7] WARN  org.springframework.web.servlet.PageNotFound - No mapping found for HTTP request with URI [/vegetable/assets/css/animate.css] in DispatcherServlet with name 'dispatcherServlet'
2023-01-30 09:55:45.224 [http-nio-8080-exec-1] WARN  org.springframework.web.servlet.PageNotFound - No mapping found for HTTP request with URI [/vegetable/assets/css/slinky.menu.css] in DispatcherServlet with name 'dispatcherServlet'
2023-01-30 09:55:45.228 [http-nio-8080-exec-8] WARN  org.springframework.web.servlet.PageNotFound - No mapping found for HTTP request with URI [/vegetable/assets/css/style.css] in DispatcherServlet with name 'dispatcherServlet'
2023-01-30 09:55:45.229 [http-nio-8080-exec-5] WARN  org.springframework.web.servlet.PageNotFound - No mapping found for HTTP request with URI [/vegetable/assets/css/plugins.css] in DispatcherServlet with name 'dispatcherServlet'
2023-01-30 09:55:45.246 [http-nio-8080-exec-2] WARN  org.springframework.web.servlet.PageNotFound - No mapping found for HTTP request with URI [/vegetable/assets/css/jquery-ui.min.css] in DispatcherServlet with name 'dispatcherServlet'
2023-01-30 09:55:45.299 [http-nio-8080-exec-9] WARN  org.springframework.web.servlet.PageNotFound - No mapping found for HTTP request with URI [/vegetable/assets/js/vendor/modernizr-3.7.1.min.js] in DispatcherServlet with name 'dispatcherServlet'
2023-01-30 09:55:45.362 [http-nio-8080-exec-4] WARN  org.springframework.web.servlet.PageNotFound - No mapping found for HTTP request with URI [/vegetable/assets/js/vendor/jquery-3.4.1.min.js] in DispatcherServlet with name 'dispatcherServlet'
2023-01-30 09:55:45.445 [http-nio-8080-exec-10] WARN  org.springframework.web.servlet.PageNotFound - No mapping found for HTTP request with URI [/vegetable/assets/js/bootstrap.min.js] in DispatcherServlet with name 'dispatcherServlet'
2023-01-30 09:55:45.445 [http-nio-8080-exec-6] WARN  org.springframework.web.servlet.PageNotFound - No mapping found for HTTP request with URI [/vegetable/assets/js/slick.min.js] in DispatcherServlet with name 'dispatcherServlet'
2023-01-30 09:55:45.450 [http-nio-8080-exec-11] WARN  org.springframework.web.servlet.PageNotFound - No mapping found for HTTP request with URI [/vegetable/assets/js/owl.carousel.min.js] in DispatcherServlet with name 'dispatcherServlet'
2023-01-30 09:55:45.450 [http-nio-8080-exec-7] WARN  org.springframework.web.servlet.PageNotFound - No mapping found for HTTP request with URI [/vegetable/assets/js/jquery.magnific-popup.min.js] in DispatcherServlet with name 'dispatcherServlet'
2023-01-30 09:55:45.450 [http-nio-8080-exec-3] WARN  org.springframework.web.servlet.PageNotFound - No mapping found for HTTP request with URI [/vegetable/assets/js/popper.js] in DispatcherServlet with name 'dispatcherServlet'
2023-01-30 09:55:45.486 [http-nio-8080-exec-5] WARN  org.springframework.web.servlet.PageNotFound - No mapping found for HTTP request with URI [/vegetable/assets/img/s-product/product2.jpg] in DispatcherServlet with name 'dispatcherServlet'
2023-01-30 09:55:45.567 [http-nio-8080-exec-12] WARN  org.springframework.web.servlet.PageNotFound - No mapping found for HTTP request with URI [/vegetable/assets/js/jquery.ui.js] in DispatcherServlet with name 'dispatcherServlet'
2023-01-30 09:55:45.567 [http-nio-8080-exec-1] WARN  org.springframework.web.servlet.PageNotFound - No mapping found for HTTP request with URI [/vegetable/assets/img/s-product/product.jpg] in DispatcherServlet with name 'dispatcherServlet'
2023-01-30 09:55:45.575 [http-nio-8080-exec-7] WARN  org.springframework.web.servlet.PageNotFound - No mapping found for HTTP request with URI [/vegetable/assets/js/jquery.elevatezoom.js] in DispatcherServlet with name 'dispatcherServlet'
2023-01-30 09:55:45.578 [http-nio-8080-exec-8] WARN  org.springframework.web.servlet.PageNotFound - No mapping found for HTTP request with URI [/vegetable/assets/js/jquery.countdown.js] in DispatcherServlet with name 'dispatcherServlet'
2023-01-30 09:55:45.586 [http-nio-8080-exec-2] WARN  org.springframework.web.servlet.PageNotFound - No mapping found for HTTP request with URI [/vegetable/assets/js/jquery.counterup.min.js] in DispatcherServlet with name 'dispatcherServlet'
2023-01-30 09:55:45.596 [http-nio-8080-exec-4] WARN  org.springframework.web.servlet.PageNotFound - No mapping found for HTTP request with URI [/vegetable/assets/js/isotope.pkgd.min.js] in DispatcherServlet with name 'dispatcherServlet'
2023-01-30 09:55:45.636 [http-nio-8080-exec-9] WARN  org.springframework.web.servlet.PageNotFound - No mapping found for HTTP request with URI [/vegetable/assets/js/slinky.menu.js] in DispatcherServlet with name 'dispatcherServlet'
2023-01-30 09:55:45.643 [http-nio-8080-exec-10] WARN  org.springframework.web.servlet.PageNotFound - No mapping found for HTTP request with URI [/vegetable/assets/js/main.js] in DispatcherServlet with name 'dispatcherServlet'
2023-01-30 09:55:45.646 [http-nio-8080-exec-3] WARN  org.springframework.web.servlet.PageNotFound - No mapping found for HTTP request with URI [/vegetable/assets/js/plugins.js] in DispatcherServlet with name 'dispatcherServlet'
2023-01-30 09:55:45.647 [http-nio-8080-exec-6] WARN  org.springframework.web.servlet.PageNotFound - No mapping found for HTTP request with URI [/vegetable/assets/img/logo/logo.png] in DispatcherServlet with name 'dispatcherServlet'
2023-01-30 09:55:45.655 [http-nio-8080-exec-5] WARN  org.springframework.web.servlet.PageNotFound - No mapping found for HTTP request with URI [/vegetable/assets/img/product/productbig1.jpg] in DispatcherServlet with name 'dispatcherServlet'
2023-01-30 09:55:45.655 [http-nio-8080-exec-11] WARN  org.springframework.web.servlet.PageNotFound - No mapping found for HTTP request with URI [/vegetable/assets/img/product/productbig4.jpg] in DispatcherServlet with name 'dispatcherServlet'
2023-01-30 09:55:45.701 [http-nio-8080-exec-1] WARN  org.springframework.web.servlet.PageNotFound - No mapping found for HTTP request with URI [/vegetable/assets/img/product/productbig2.jpg] in DispatcherServlet with name 'dispatcherServlet'
2023-01-30 09:55:45.714 [http-nio-8080-exec-12] WARN  org.springframework.web.servlet.PageNotFound - No mapping found for HTTP request with URI [/vegetable/assets/img/product/productbig3.jpg] in DispatcherServlet with name 'dispatcherServlet'
2023-01-30 09:55:45.718 [http-nio-8080-exec-7] WARN  org.springframework.web.servlet.PageNotFound - No mapping found for HTTP request with URI [/vegetable/assets/img/blog/comment2.jpg] in DispatcherServlet with name 'dispatcherServlet'
2023-01-30 09:55:45.718 [http-nio-8080-exec-8] WARN  org.springframework.web.servlet.PageNotFound - No mapping found for HTTP request with URI [/vegetable/assets/img/product/product20.jpg] in DispatcherServlet with name 'dispatcherServlet'
2023-01-30 09:55:45.763 [http-nio-8080-exec-2] WARN  org.springframework.web.servlet.PageNotFound - No mapping found for HTTP request with URI [/vegetable/assets/img/product/product21.jpg] in DispatcherServlet with name 'dispatcherServlet'
2023-01-30 09:55:45.764 [http-nio-8080-exec-4] WARN  org.springframework.web.servlet.PageNotFound - No mapping found for HTTP request with URI [/vegetable/assets/img/product/product15.jpg] in DispatcherServlet with name 'dispatcherServlet'
2023-01-30 09:55:45.782 [http-nio-8080-exec-9] WARN  org.springframework.web.servlet.PageNotFound - No mapping found for HTTP request with URI [/vegetable/assets/img/product/product14.jpg] in DispatcherServlet with name 'dispatcherServlet'
2023-01-30 09:55:45.791 [http-nio-8080-exec-3] WARN  org.springframework.web.servlet.PageNotFound - No mapping found for HTTP request with URI [/vegetable/assets/img/product/product17.jpg] in DispatcherServlet with name 'dispatcherServlet'
2023-01-30 09:55:45.791 [http-nio-8080-exec-10] WARN  org.springframework.web.servlet.PageNotFound - No mapping found for HTTP request with URI [/vegetable/assets/img/product/product16.jpg] in DispatcherServlet with name 'dispatcherServlet'
2023-01-30 09:55:45.805 [http-nio-8080-exec-6] WARN  org.springframework.web.servlet.PageNotFound - No mapping found for HTTP request with URI [/vegetable/assets/img/product/product18.jpg] in DispatcherServlet with name 'dispatcherServlet'
2023-01-30 09:55:45.850 [http-nio-8080-exec-5] WARN  org.springframework.web.servlet.PageNotFound - No mapping found for HTTP request with URI [/vegetable/assets/img/product/product1.jpg] in DispatcherServlet with name 'dispatcherServlet'
2023-01-30 09:55:45.926 [http-nio-8080-exec-11] WARN  org.springframework.web.servlet.PageNotFound - No mapping found for HTTP request with URI [/vegetable/assets/img/product/product19.jpg] in DispatcherServlet with name 'dispatcherServlet'
2023-01-30 09:55:45.940 [http-nio-8080-exec-1] WARN  org.springframework.web.servlet.PageNotFound - No mapping found for HTTP request with URI [/vegetable/assets/img/product/product2.jpg] in DispatcherServlet with name 'dispatcherServlet'
2023-01-30 09:55:45.951 [http-nio-8080-exec-12] WARN  org.springframework.web.servlet.PageNotFound - No mapping found for HTTP request with URI [/vegetable/assets/img/product/product9.jpg] in DispatcherServlet with name 'dispatcherServlet'
2023-01-30 09:55:45.953 [http-nio-8080-exec-8] WARN  org.springframework.web.servlet.PageNotFound - No mapping found for HTTP request with URI [/vegetable/assets/img/product/product4.jpg] in DispatcherServlet with name 'dispatcherServlet'
2023-01-30 09:55:45.967 [http-nio-8080-exec-7] WARN  org.springframework.web.servlet.PageNotFound - No mapping found for HTTP request with URI [/vegetable/assets/img/product/product13.jpg] in DispatcherServlet with name 'dispatcherServlet'
2023-01-30 09:55:46.004 [http-nio-8080-exec-4] WARN  org.springframework.web.servlet.PageNotFound - No mapping found for HTTP request with URI [/vegetable/assets/img/product/product12.jpg] in DispatcherServlet with name 'dispatcherServlet'
2023-01-30 09:55:46.012 [http-nio-8080-exec-2] WARN  org.springframework.web.servlet.PageNotFound - No mapping found for HTTP request with URI [/vegetable/assets/img/product/product3.jpg] in DispatcherServlet with name 'dispatcherServlet'
2023-01-30 09:55:46.023 [http-nio-8080-exec-9] WARN  org.springframework.web.servlet.PageNotFound - No mapping found for HTTP request with URI [/vegetable/assets/img/icon/paypal1.jpg] in DispatcherServlet with name 'dispatcherServlet'
2023-01-30 09:55:46.033 [http-nio-8080-exec-3] WARN  org.springframework.web.servlet.PageNotFound - No mapping found for HTTP request with URI [/vegetable/assets/img/icon/paypal3.jpg] in DispatcherServlet with name 'dispatcherServlet'
2023-01-30 09:55:46.033 [http-nio-8080-exec-10] WARN  org.springframework.web.servlet.PageNotFound - No mapping found for HTTP request with URI [/vegetable/assets/img/icon/paypal2.jpg] in DispatcherServlet with name 'dispatcherServlet'
2023-01-30 09:55:46.041 [http-nio-8080-exec-6] WARN  org.springframework.web.servlet.PageNotFound - No mapping found for HTTP request with URI [/vegetable/assets/img/icon/paypal4.jpg] in DispatcherServlet with name 'dispatcherServlet'
2023-01-30 09:55:46.065 [http-nio-8080-exec-11] WARN  org.springframework.web.servlet.PageNotFound - No mapping found for HTTP request with URI [/vegetable/assets/img/product/product7.jpg] in DispatcherServlet with name 'dispatcherServlet'
2023-01-30 09:55:46.065 [http-nio-8080-exec-5] WARN  org.springframework.web.servlet.PageNotFound - No mapping found for HTTP request with URI [/vegetable/assets/img/product/product6.jpg] in DispatcherServlet with name 'dispatcherServlet'
2023-01-30 09:56:12.897 [http-nio-8080-exec-12] WARN  org.springframework.web.servlet.PageNotFound - No mapping found for HTTP request with URI [/vegetable/variable-product.html] in DispatcherServlet with name 'dispatcherServlet'
2023-01-30 10:06:15.425 [http-nio-8080-exec-8] WARN  org.springframework.web.servlet.PageNotFound - No mapping found for HTTP request with URI [/vegetable/login.html] in DispatcherServlet with name 'dispatcherServlet'
2023-01-30 10:11:19.820 [http-nio-8080-exec-2] WARN  org.springframework.web.servlet.PageNotFound - No mapping found for HTTP request with URI [/vegetable/product-details.html] in DispatcherServlet with name 'dispatcherServlet'
2023-01-30 10:11:28.488 [http-nio-8080-exec-3] WARN  org.springframework.web.servlet.PageNotFound - No mapping found for HTTP request with URI [/vegetable/product-details.html] in DispatcherServlet with name 'dispatcherServlet'
2023-01-30 10:11:33.504 [http-nio-8080-exec-4] WARN  org.springframework.web.servlet.PageNotFound - No mapping found for HTTP request with URI [/vegetable/product-details.html] in DispatcherServlet with name 'dispatcherServlet'
2023-01-30 10:12:24.095 [http-nio-8080-exec-1] WARN  org.springframework.web.servlet.PageNotFound - No mapping found for HTTP request with URI [/vegetable/product-details.html] in DispatcherServlet with name 'dispatcherServlet'
2023-01-30 10:12:29.453 [http-nio-8080-exec-3] WARN  org.springframework.web.servlet.PageNotFound - No mapping found for HTTP request with URI [/vegetable/assets/css/owl.carousel.min.css] in DispatcherServlet with name 'dispatcherServlet'
2023-01-30 10:12:29.454 [http-nio-8080-exec-4] WARN  org.springframework.web.servlet.PageNotFound - No mapping found for HTTP request with URI [/vegetable/assets/css/slick.css] in DispatcherServlet with name 'dispatcherServlet'
2023-01-30 10:12:29.454 [http-nio-8080-exec-5] WARN  org.springframework.web.servlet.PageNotFound - No mapping found for HTTP request with URI [/vegetable/assets/css/magnific-popup.css] in DispatcherServlet with name 'dispatcherServlet'
2023-01-30 10:12:29.454 [http-nio-8080-exec-7] WARN  org.springframework.web.servlet.PageNotFound - No mapping found for HTTP request with URI [/vegetable/assets/css/ionicons.min.css] in DispatcherServlet with name 'dispatcherServlet'
2023-01-30 10:12:29.455 [http-nio-8080-exec-6] WARN  org.springframework.web.servlet.PageNotFound - No mapping found for HTTP request with URI [/vegetable/assets/css/font.awesome.css] in DispatcherServlet with name 'dispatcherServlet'
2023-01-30 10:12:29.455 [http-nio-8080-exec-2] WARN  org.springframework.web.servlet.PageNotFound - No mapping found for HTTP request with URI [/vegetable/assets/css/bootstrap.min.css] in DispatcherServlet with name 'dispatcherServlet'
2023-01-30 10:12:29.576 [http-nio-8080-exec-10] WARN  org.springframework.web.servlet.PageNotFound - No mapping found for HTTP request with URI [/vegetable/assets/css/jquery-ui.min.css] in DispatcherServlet with name 'dispatcherServlet'
2023-01-30 10:12:29.576 [http-nio-8080-exec-1] WARN  org.springframework.web.servlet.PageNotFound - No mapping found for HTTP request with URI [/vegetable/assets/css/plugins.css] in DispatcherServlet with name 'dispatcherServlet'
2023-01-30 10:12:29.576 [http-nio-8080-exec-9] WARN  org.springframework.web.servlet.PageNotFound - No mapping found for HTTP request with URI [/vegetable/assets/css/animate.css] in DispatcherServlet with name 'dispatcherServlet'
2023-01-30 10:12:29.576 [http-nio-8080-exec-8] WARN  org.springframework.web.servlet.PageNotFound - No mapping found for HTTP request with URI [/vegetable/assets/css/linearicons.css] in DispatcherServlet with name 'dispatcherServlet'
2023-01-30 10:12:29.577 [http-nio-8080-exec-4] WARN  org.springframework.web.servlet.PageNotFound - No mapping found for HTTP request with URI [/vegetable/assets/css/style.css] in DispatcherServlet with name 'dispatcherServlet'
2023-01-30 10:12:29.578 [http-nio-8080-exec-11] WARN  org.springframework.web.servlet.PageNotFound - No mapping found for HTTP request with URI [/vegetable/assets/css/slinky.menu.css] in DispatcherServlet with name 'dispatcherServlet'
2023-01-30 10:12:29.605 [http-nio-8080-exec-5] WARN  org.springframework.web.servlet.PageNotFound - No mapping found for HTTP request with URI [/vegetable/assets/js/vendor/modernizr-3.7.1.min.js] in DispatcherServlet with name 'dispatcherServlet'
2023-01-30 10:12:29.607 [http-nio-8080-exec-2] WARN  org.springframework.web.servlet.PageNotFound - No mapping found for HTTP request with URI [/vegetable/assets/js/vendor/jquery-3.4.1.min.js] in DispatcherServlet with name 'dispatcherServlet'
2023-01-30 10:12:29.679 [http-nio-8080-exec-1] WARN  org.springframework.web.servlet.PageNotFound - No mapping found for HTTP request with URI [/vegetable/assets/js/jquery.counterup.min.js] in DispatcherServlet with name 'dispatcherServlet'
2023-01-30 10:12:29.680 [http-nio-8080-exec-3] WARN  org.springframework.web.servlet.PageNotFound - No mapping found for HTTP request with URI [/vegetable/assets/js/popper.js] in DispatcherServlet with name 'dispatcherServlet'
2023-01-30 10:12:29.680 [http-nio-8080-exec-9] WARN  org.springframework.web.servlet.PageNotFound - No mapping found for HTTP request with URI [/vegetable/assets/js/slick.min.js] in DispatcherServlet with name 'dispatcherServlet'
2023-01-30 10:12:29.680 [http-nio-8080-exec-6] WARN  org.springframework.web.servlet.PageNotFound - No mapping found for HTTP request with URI [/vegetable/assets/js/bootstrap.min.js] in DispatcherServlet with name 'dispatcherServlet'
2023-01-30 10:12:29.681 [http-nio-8080-exec-10] WARN  org.springframework.web.servlet.PageNotFound - No mapping found for HTTP request with URI [/vegetable/assets/js/jquery.magnific-popup.min.js] in DispatcherServlet with name 'dispatcherServlet'
2023-01-30 10:12:29.681 [http-nio-8080-exec-7] WARN  org.springframework.web.servlet.PageNotFound - No mapping found for HTTP request with URI [/vegetable/assets/js/owl.carousel.min.js] in DispatcherServlet with name 'dispatcherServlet'
2023-01-30 10:12:29.724 [http-nio-8080-exec-8] WARN  org.springframework.web.servlet.PageNotFound - No mapping found for HTTP request with URI [/vegetable/assets/img/s-product/product.jpg] in DispatcherServlet with name 'dispatcherServlet'
2023-01-30 10:12:29.724 [http-nio-8080-exec-11] WARN  org.springframework.web.servlet.PageNotFound - No mapping found for HTTP request with URI [/vegetable/assets/img/s-product/product2.jpg] in DispatcherServlet with name 'dispatcherServlet'
2023-01-30 10:12:29.724 [http-nio-8080-exec-4] WARN  org.springframework.web.servlet.PageNotFound - No mapping found for HTTP request with URI [/vegetable/assets/js/jquery.countdown.js] in DispatcherServlet with name 'dispatcherServlet'
2023-01-30 10:12:29.725 [http-nio-8080-exec-5] WARN  org.springframework.web.servlet.PageNotFound - No mapping found for HTTP request with URI [/vegetable/assets/js/jquery.ui.js] in DispatcherServlet with name 'dispatcherServlet'
2023-01-30 10:12:29.727 [http-nio-8080-exec-1] WARN  org.springframework.web.servlet.PageNotFound - No mapping found for HTTP request with URI [/vegetable/assets/js/jquery.elevatezoom.js] in DispatcherServlet with name 'dispatcherServlet'
2023-01-30 10:12:29.728 [http-nio-8080-exec-3] WARN  org.springframework.web.servlet.PageNotFound - No mapping found for HTTP request with URI [/vegetable/assets/js/isotope.pkgd.min.js] in DispatcherServlet with name 'dispatcherServlet'
2023-01-30 10:12:29.761 [http-nio-8080-exec-9] WARN  org.springframework.web.servlet.PageNotFound - No mapping found for HTTP request with URI [/vegetable/assets/js/slinky.menu.js] in DispatcherServlet with name 'dispatcherServlet'
2023-01-30 10:12:29.762 [http-nio-8080-exec-7] WARN  org.springframework.web.servlet.PageNotFound - No mapping found for HTTP request with URI [/vegetable/assets/js/plugins.js] in DispatcherServlet with name 'dispatcherServlet'
2023-01-30 10:12:29.762 [http-nio-8080-exec-6] WARN  org.springframework.web.servlet.PageNotFound - No mapping found for HTTP request with URI [/vegetable/assets/img/logo/logo.png] in DispatcherServlet with name 'dispatcherServlet'
2023-01-30 10:12:29.763 [http-nio-8080-exec-10] WARN  org.springframework.web.servlet.PageNotFound - No mapping found for HTTP request with URI [/vegetable/assets/js/main.js] in DispatcherServlet with name 'dispatcherServlet'
2023-01-30 10:12:29.802 [http-nio-8080-exec-3] WARN  org.springframework.web.servlet.PageNotFound - No mapping found for HTTP request with URI [/vegetable/assets/img/icon/paypal4.jpg] in DispatcherServlet with name 'dispatcherServlet'
2023-01-30 10:12:29.802 [http-nio-8080-exec-2] WARN  org.springframework.web.servlet.PageNotFound - No mapping found for HTTP request with URI [/vegetable/assets/img/icon/paypal1.jpg] in DispatcherServlet with name 'dispatcherServlet'
2023-01-30 10:12:29.802 [http-nio-8080-exec-5] WARN  org.springframework.web.servlet.PageNotFound - No mapping found for HTTP request with URI [/vegetable/assets/img/icon/paypal3.jpg] in DispatcherServlet with name 'dispatcherServlet'
2023-01-30 10:12:29.805 [http-nio-8080-exec-4] WARN  org.springframework.web.servlet.PageNotFound - No mapping found for HTTP request with URI [/vegetable/assets/img/icon/paypal2.jpg] in DispatcherServlet with name 'dispatcherServlet'
2023-01-30 10:12:59.533 [http-nio-8080-exec-1] WARN  org.springframework.web.servlet.PageNotFound - No mapping found for HTTP request with URI [/vegetable/product-details.html] in DispatcherServlet with name 'dispatcherServlet'
2023-01-30 10:12:59.656 [http-nio-8080-exec-8] WARN  org.springframework.web.servlet.PageNotFound - No mapping found for HTTP request with URI [/vegetable/assets/css/owl.carousel.min.css] in DispatcherServlet with name 'dispatcherServlet'
2023-01-30 10:12:59.656 [http-nio-8080-exec-10] WARN  org.springframework.web.servlet.PageNotFound - No mapping found for HTTP request with URI [/vegetable/assets/css/bootstrap.min.css] in DispatcherServlet with name 'dispatcherServlet'
2023-01-30 10:12:59.657 [http-nio-8080-exec-9] WARN  org.springframework.web.servlet.PageNotFound - No mapping found for HTTP request with URI [/vegetable/assets/css/font.awesome.css] in DispatcherServlet with name 'dispatcherServlet'
2023-01-30 10:12:59.661 [http-nio-8080-exec-6] WARN  org.springframework.web.servlet.PageNotFound - No mapping found for HTTP request with URI [/vegetable/assets/css/ionicons.min.css] in DispatcherServlet with name 'dispatcherServlet'
2023-01-30 10:12:59.661 [http-nio-8080-exec-7] WARN  org.springframework.web.servlet.PageNotFound - No mapping found for HTTP request with URI [/vegetable/assets/css/magnific-popup.css] in DispatcherServlet with name 'dispatcherServlet'
2023-01-30 10:12:59.659 [http-nio-8080-exec-11] WARN  org.springframework.web.servlet.PageNotFound - No mapping found for HTTP request with URI [/vegetable/assets/css/slick.css] in DispatcherServlet with name 'dispatcherServlet'
2023-01-30 10:12:59.721 [http-nio-8080-exec-11] WARN  org.springframework.web.servlet.PageNotFound - No mapping found for HTTP request with URI [/vegetable/assets/css/animate.css] in DispatcherServlet with name 'dispatcherServlet'
2023-01-30 10:12:59.726 [http-nio-8080-exec-3] WARN  org.springframework.web.servlet.PageNotFound - No mapping found for HTTP request with URI [/vegetable/assets/css/linearicons.css] in DispatcherServlet with name 'dispatcherServlet'
2023-01-30 10:12:59.727 [http-nio-8080-exec-1] WARN  org.springframework.web.servlet.PageNotFound - No mapping found for HTTP request with URI [/vegetable/assets/css/slinky.menu.css] in DispatcherServlet with name 'dispatcherServlet'
2023-01-30 10:12:59.727 [http-nio-8080-exec-6] WARN  org.springframework.web.servlet.PageNotFound - No mapping found for HTTP request with URI [/vegetable/assets/css/jquery-ui.min.css] in DispatcherServlet with name 'dispatcherServlet'
2023-01-30 10:12:59.728 [http-nio-8080-exec-7] WARN  org.springframework.web.servlet.PageNotFound - No mapping found for HTTP request with URI [/vegetable/assets/css/style.css] in DispatcherServlet with name 'dispatcherServlet'
2023-01-30 10:12:59.730 [http-nio-8080-exec-2] WARN  org.springframework.web.servlet.PageNotFound - No mapping found for HTTP request with URI [/vegetable/assets/css/plugins.css] in DispatcherServlet with name 'dispatcherServlet'
2023-01-30 10:12:59.761 [http-nio-8080-exec-5] WARN  org.springframework.web.servlet.PageNotFound - No mapping found for HTTP request with URI [/vegetable/assets/js/vendor/modernizr-3.7.1.min.js] in DispatcherServlet with name 'dispatcherServlet'
2023-01-30 10:12:59.765 [http-nio-8080-exec-10] WARN  org.springframework.web.servlet.PageNotFound - No mapping found for HTTP request with URI [/vegetable/assets/js/vendor/jquery-3.4.1.min.js] in DispatcherServlet with name 'dispatcherServlet'
2023-01-30 10:12:59.870 [http-nio-8080-exec-3] WARN  org.springframework.web.servlet.PageNotFound - No mapping found for HTTP request with URI [/vegetable/assets/js/jquery.counterup.min.js] in DispatcherServlet with name 'dispatcherServlet'
2023-01-30 10:12:59.870 [http-nio-8080-exec-4] WARN  org.springframework.web.servlet.PageNotFound - No mapping found for HTTP request with URI [/vegetable/assets/js/owl.carousel.min.js] in DispatcherServlet with name 'dispatcherServlet'
2023-01-30 10:12:59.871 [http-nio-8080-exec-11] WARN  org.springframework.web.servlet.PageNotFound - No mapping found for HTTP request with URI [/vegetable/assets/js/slick.min.js] in DispatcherServlet with name 'dispatcherServlet'
2023-01-30 10:12:59.871 [http-nio-8080-exec-8] WARN  org.springframework.web.servlet.PageNotFound - No mapping found for HTTP request with URI [/vegetable/assets/js/bootstrap.min.js] in DispatcherServlet with name 'dispatcherServlet'
2023-01-30 10:12:59.872 [http-nio-8080-exec-9] WARN  org.springframework.web.servlet.PageNotFound - No mapping found for HTTP request with URI [/vegetable/assets/js/popper.js] in DispatcherServlet with name 'dispatcherServlet'
2023-01-30 10:12:59.872 [http-nio-8080-exec-1] WARN  org.springframework.web.servlet.PageNotFound - No mapping found for HTTP request with URI [/vegetable/assets/js/jquery.magnific-popup.min.js] in DispatcherServlet with name 'dispatcherServlet'
2023-01-30 10:12:59.962 [http-nio-8080-exec-5] WARN  org.springframework.web.servlet.PageNotFound - No mapping found for HTTP request with URI [/vegetable/assets/js/jquery.ui.js] in DispatcherServlet with name 'dispatcherServlet'
2023-01-30 10:12:59.962 [http-nio-8080-exec-6] WARN  org.springframework.web.servlet.PageNotFound - No mapping found for HTTP request with URI [/vegetable/assets/img/s-product/product2.jpg] in DispatcherServlet with name 'dispatcherServlet'
2023-01-30 10:12:59.966 [http-nio-8080-exec-12] WARN  org.springframework.web.servlet.PageNotFound - No mapping found for HTTP request with URI [/vegetable/assets/js/jquery.elevatezoom.js] in DispatcherServlet with name 'dispatcherServlet'
2023-01-30 10:12:59.968 [http-nio-8080-exec-2] WARN  org.springframework.web.servlet.PageNotFound - No mapping found for HTTP request with URI [/vegetable/assets/js/jquery.countdown.js] in DispatcherServlet with name 'dispatcherServlet'
2023-01-30 10:12:59.969 [http-nio-8080-exec-7] WARN  org.springframework.web.servlet.PageNotFound - No mapping found for HTTP request with URI [/vegetable/assets/img/s-product/product.jpg] in DispatcherServlet with name 'dispatcherServlet'
2023-01-30 10:12:59.979 [http-nio-8080-exec-13] WARN  org.springframework.web.servlet.PageNotFound - No mapping found for HTTP request with URI [/vegetable/assets/js/isotope.pkgd.min.js] in DispatcherServlet with name 'dispatcherServlet'
2023-01-30 10:13:00.061 [http-nio-8080-exec-4] WARN  org.springframework.web.servlet.PageNotFound - No mapping found for HTTP request with URI [/vegetable/assets/js/main.js] in DispatcherServlet with name 'dispatcherServlet'
2023-01-30 10:13:00.066 [http-nio-8080-exec-11] WARN  org.springframework.web.servlet.PageNotFound - No mapping found for HTTP request with URI [/vegetable/assets/js/plugins.js] in DispatcherServlet with name 'dispatcherServlet'
2023-01-30 10:13:00.066 [http-nio-8080-exec-10] WARN  org.springframework.web.servlet.PageNotFound - No mapping found for HTTP request with URI [/vegetable/assets/js/slinky.menu.js] in DispatcherServlet with name 'dispatcherServlet'
2023-01-30 10:13:00.069 [http-nio-8080-exec-3] WARN  org.springframework.web.servlet.PageNotFound - No mapping found for HTTP request with URI [/vegetable/assets/img/icon/paypal1.jpg] in DispatcherServlet with name 'dispatcherServlet'
2023-01-30 10:13:00.079 [http-nio-8080-exec-1] WARN  org.springframework.web.servlet.PageNotFound - No mapping found for HTTP request with URI [/vegetable/assets/img/logo/logo.png] in DispatcherServlet with name 'dispatcherServlet'
2023-01-30 10:13:00.082 [http-nio-8080-exec-8] WARN  org.springframework.web.servlet.PageNotFound - No mapping found for HTTP request with URI [/vegetable/assets/img/icon/paypal2.jpg] in DispatcherServlet with name 'dispatcherServlet'
2023-01-30 10:13:00.167 [http-nio-8080-exec-5] WARN  org.springframework.web.servlet.PageNotFound - No mapping found for HTTP request with URI [/vegetable/assets/img/icon/paypal3.jpg] in DispatcherServlet with name 'dispatcherServlet'
2023-01-30 10:13:00.169 [http-nio-8080-exec-9] WARN  org.springframework.web.servlet.PageNotFound - No mapping found for HTTP request with URI [/vegetable/assets/img/icon/paypal4.jpg] in DispatcherServlet with name 'dispatcherServlet'
2023-01-30 10:13:01.074 [http-nio-8080-exec-12] WARN  org.springframework.web.servlet.PageNotFound - No mapping found for HTTP request with URI [/vegetable/product-details.html] in DispatcherServlet with name 'dispatcherServlet'
2023-01-30 10:13:45.015 [http-nio-8080-exec-6] WARN  org.springframework.web.servlet.PageNotFound - No mapping found for HTTP request with URI [/vegetable/product-details.html] in DispatcherServlet with name 'dispatcherServlet'
2023-01-30 10:13:45.700 [http-nio-8080-exec-7] WARN  org.springframework.web.servlet.PageNotFound - No mapping found for HTTP request with URI [/vegetable/product-details.html] in DispatcherServlet with name 'dispatcherServlet'
2023-01-30 10:15:00.592 [http-nio-8080-exec-4] WARN  org.springframework.web.servlet.PageNotFound - No mapping found for HTTP request with URI [/vegetable/product-details.html] in DispatcherServlet with name 'dispatcherServlet'
2023-01-30 10:15:33.629 [http-nio-8080-exec-1] WARN  org.springframework.web.servlet.PageNotFound - No mapping found for HTTP request with URI [/vegetable/product-details.html] in DispatcherServlet with name 'dispatcherServlet'
2023-01-30 10:15:59.856 [http-nio-8080-exec-3] WARN  org.springframework.web.servlet.PageNotFound - No mapping found for HTTP request with URI [/vegetable/product-details.html] in DispatcherServlet with name 'dispatcherServlet'
2023-01-30 10:16:01.312 [http-nio-8080-exec-9] WARN  org.springframework.web.servlet.PageNotFound - No mapping found for HTTP request with URI [/vegetable/product-details.html] in DispatcherServlet with name 'dispatcherServlet'
2023-01-30 10:16:06.730 [http-nio-8080-exec-5] WARN  org.springframework.web.servlet.PageNotFound - No mapping found for HTTP request with URI [/vegetable/product-details.html] in DispatcherServlet with name 'dispatcherServlet'
2023-01-30 10:16:07.612 [http-nio-8080-exec-12] WARN  org.springframework.web.servlet.PageNotFound - No mapping found for HTTP request with URI [/vegetable/product-details.html] in DispatcherServlet with name 'dispatcherServlet'
2023-01-30 10:16:11.117 [http-nio-8080-exec-6] WARN  org.springframework.web.servlet.PageNotFound - No mapping found for HTTP request with URI [/vegetable/product-details.html] in DispatcherServlet with name 'dispatcherServlet'
2023-01-30 10:16:19.899 [http-nio-8080-exec-7] WARN  org.springframework.web.servlet.PageNotFound - No mapping found for HTTP request with URI [/vegetable/product-details.html] in DispatcherServlet with name 'dispatcherServlet'
2023-01-30 10:16:26.063 [http-nio-8080-exec-10] WARN  org.springframework.web.servlet.PageNotFound - No mapping found for HTTP request with URI [/vegetable/product-details.html] in DispatcherServlet with name 'dispatcherServlet'
2023-01-30 10:16:27.363 [http-nio-8080-exec-4] WARN  org.springframework.web.servlet.PageNotFound - No mapping found for HTTP request with URI [/vegetable/product-details.html] in DispatcherServlet with name 'dispatcherServlet'
2023-01-30 10:16:36.751 [http-nio-8080-exec-1] WARN  org.springframework.web.servlet.PageNotFound - No mapping found for HTTP request with URI [/vegetable/product-details.html] in DispatcherServlet with name 'dispatcherServlet'
2023-01-30 10:16:37.423 [http-nio-8080-exec-3] WARN  org.springframework.web.servlet.PageNotFound - No mapping found for HTTP request with URI [/vegetable/product-details.html] in DispatcherServlet with name 'dispatcherServlet'
2023-01-30 10:16:38.577 [http-nio-8080-exec-8] WARN  org.springframework.web.servlet.PageNotFound - No mapping found for HTTP request with URI [/vegetable/index] in DispatcherServlet with name 'dispatcherServlet'
2023-01-30 10:16:39.723 [http-nio-8080-exec-9] WARN  org.springframework.web.servlet.PageNotFound - No mapping found for HTTP request with URI [/vegetable/index] in DispatcherServlet with name 'dispatcherServlet'
2023-01-30 10:16:40.465 [http-nio-8080-exec-5] WARN  org.springframework.web.servlet.PageNotFound - No mapping found for HTTP request with URI [/vegetable/index] in DispatcherServlet with name 'dispatcherServlet'
2023-01-30 10:16:41.157 [http-nio-8080-exec-12] WARN  org.springframework.web.servlet.PageNotFound - No mapping found for HTTP request with URI [/vegetable/index] in DispatcherServlet with name 'dispatcherServlet'
2023-01-30 10:16:47.670 [http-nio-8080-exec-6] WARN  org.springframework.web.servlet.PageNotFound - No mapping found for HTTP request with URI [/vegetable/index] in DispatcherServlet with name 'dispatcherServlet'
2023-01-30 10:16:48.690 [http-nio-8080-exec-7] WARN  org.springframework.web.servlet.PageNotFound - No mapping found for HTTP request with URI [/vegetable/index] in DispatcherServlet with name 'dispatcherServlet'
2023-01-30 10:16:49.411 [http-nio-8080-exec-10] WARN  org.springframework.web.servlet.PageNotFound - No mapping found for HTTP request with URI [/vegetable/home] in DispatcherServlet with name 'dispatcherServlet'
2023-01-30 10:16:50.110 [http-nio-8080-exec-4] WARN  org.springframework.web.servlet.PageNotFound - No mapping found for HTTP request with URI [/vegetable/home] in DispatcherServlet with name 'dispatcherServlet'
2023-01-30 10:16:50.784 [http-nio-8080-exec-1] WARN  org.springframework.web.servlet.PageNotFound - No mapping found for HTTP request with URI [/vegetable/home] in DispatcherServlet with name 'dispatcherServlet'
2023-01-30 10:16:51.448 [http-nio-8080-exec-3] WARN  org.springframework.web.servlet.PageNotFound - No mapping found for HTTP request with URI [/vegetable/home] in DispatcherServlet with name 'dispatcherServlet'
2023-01-30 10:17:17.104 [http-nio-8080-exec-9] WARN  org.springframework.web.servlet.PageNotFound - No mapping found for HTTP request with URI [/vegetable/home] in DispatcherServlet with name 'dispatcherServlet'
2023-01-30 10:17:17.696 [http-nio-8080-exec-5] WARN  org.springframework.web.servlet.PageNotFound - No mapping found for HTTP request with URI [/vegetable/home] in DispatcherServlet with name 'dispatcherServlet'
2023-01-30 10:17:29.224 [http-nio-8080-exec-4] WARN  org.springframework.web.servlet.PageNotFound - No mapping found for HTTP request with URI [/vegetable/product-details.html] in DispatcherServlet with name 'dispatcherServlet'
2023-01-30 10:17:33.592 [http-nio-8080-exec-1] WARN  org.springframework.web.servlet.PageNotFound - No mapping found for HTTP request with URI [/vegetable/index.ftl] in DispatcherServlet with name 'dispatcherServlet'
2023-01-30 10:17:45.249 [http-nio-8080-exec-3] WARN  org.springframework.web.servlet.PageNotFound - No mapping found for HTTP request with URI [/vegetable/index.ftl] in DispatcherServlet with name 'dispatcherServlet'
2023-01-30 10:17:46.044 [http-nio-8080-exec-8] WARN  org.springframework.web.servlet.PageNotFound - No mapping found for HTTP request with URI [/vegetable/index.ftl] in DispatcherServlet with name 'dispatcherServlet'
2023-01-30 10:17:47.734 [http-nio-8080-exec-9] WARN  org.springframework.web.servlet.PageNotFound - No mapping found for HTTP request with URI [/vegetable/index.ftl] in DispatcherServlet with name 'dispatcherServlet'
2023-01-30 10:18:16.075 [http-nio-8080-exec-12] WARN  org.springframework.web.servlet.PageNotFound - No mapping found for HTTP request with URI [/cart.html] in DispatcherServlet with name 'dispatcherServlet'
2023-01-30 10:21:51.061 [http-nio-8080-exec-5] WARN  org.springframework.web.servlet.PageNotFound - No mapping found for HTTP request with URI [/shop/index] in DispatcherServlet with name 'dispatcherServlet'
2023-01-30 10:22:12.525 [http-nio-8080-exec-6] WARN  org.springframework.web.servlet.PageNotFound - No mapping found for HTTP request with URI [/shop/index] in DispatcherServlet with name 'dispatcherServlet'
2023-01-30 10:28:20.639 [http-nio-8080-exec-5] WARN  org.springframework.web.servlet.PageNotFound - No mapping found for HTTP request with URI [/assets/css/bootstrap.min.css] in DispatcherServlet with name 'dispatcherServlet'
2023-01-30 10:28:20.647 [http-nio-8080-exec-7] WARN  org.springframework.web.servlet.PageNotFound - No mapping found for HTTP request with URI [/assets/css/slick.css] in DispatcherServlet with name 'dispatcherServlet'
2023-01-30 10:28:20.648 [http-nio-8080-exec-6] WARN  org.springframework.web.servlet.PageNotFound - No mapping found for HTTP request with URI [/assets/css/owl.carousel.min.css] in DispatcherServlet with name 'dispatcherServlet'
2023-01-30 10:28:20.649 [http-nio-8080-exec-10] WARN  org.springframework.web.servlet.PageNotFound - No mapping found for HTTP request with URI [/assets/css/ionicons.min.css] in DispatcherServlet with name 'dispatcherServlet'
2023-01-30 10:28:20.650 [http-nio-8080-exec-9] WARN  org.springframework.web.servlet.PageNotFound - No mapping found for HTTP request with URI [/assets/css/font.awesome.css] in DispatcherServlet with name 'dispatcherServlet'
2023-01-30 10:28:20.650 [http-nio-8080-exec-8] WARN  org.springframework.web.servlet.PageNotFound - No mapping found for HTTP request with URI [/assets/css/magnific-popup.css] in DispatcherServlet with name 'dispatcherServlet'
2023-01-30 10:28:20.869 [http-nio-8080-exec-1] WARN  org.springframework.web.servlet.PageNotFound - No mapping found for HTTP request with URI [/assets/css/linearicons.css] in DispatcherServlet with name 'dispatcherServlet'
2023-01-30 10:28:20.875 [http-nio-8080-exec-2] WARN  org.springframework.web.servlet.PageNotFound - No mapping found for HTTP request with URI [/assets/css/animate.css] in DispatcherServlet with name 'dispatcherServlet'
2023-01-30 10:28:20.877 [http-nio-8080-exec-3] WARN  org.springframework.web.servlet.PageNotFound - No mapping found for HTTP request with URI [/assets/css/jquery-ui.min.css] in DispatcherServlet with name 'dispatcherServlet'
2023-01-30 10:28:20.879 [http-nio-8080-exec-8] WARN  org.springframework.web.servlet.PageNotFound - No mapping found for HTTP request with URI [/assets/css/style.css] in DispatcherServlet with name 'dispatcherServlet'
2023-01-30 10:28:20.880 [http-nio-8080-exec-5] WARN  org.springframework.web.servlet.PageNotFound - No mapping found for HTTP request with URI [/assets/css/plugins.css] in DispatcherServlet with name 'dispatcherServlet'
2023-01-30 10:28:20.880 [http-nio-8080-exec-4] WARN  org.springframework.web.servlet.PageNotFound - No mapping found for HTTP request with URI [/assets/css/slinky.menu.css] in DispatcherServlet with name 'dispatcherServlet'
2023-01-30 10:28:20.960 [http-nio-8080-exec-10] WARN  org.springframework.web.servlet.PageNotFound - No mapping found for HTTP request with URI [/assets/js/vendor/modernizr-3.7.1.min.js] in DispatcherServlet with name 'dispatcherServlet'
2023-01-30 10:28:20.969 [http-nio-8080-exec-7] WARN  org.springframework.web.servlet.PageNotFound - No mapping found for HTTP request with URI [/assets/js/vendor/jquery-3.4.1.min.js] in DispatcherServlet with name 'dispatcherServlet'
2023-01-30 10:28:21.060 [http-nio-8080-exec-1] WARN  org.springframework.web.servlet.PageNotFound - No mapping found for HTTP request with URI [/assets/js/owl.carousel.min.js] in DispatcherServlet with name 'dispatcherServlet'
2023-01-30 10:28:21.060 [http-nio-8080-exec-3] WARN  org.springframework.web.servlet.PageNotFound - No mapping found for HTTP request with URI [/assets/js/jquery.magnific-popup.min.js] in DispatcherServlet with name 'dispatcherServlet'
2023-01-30 10:28:21.062 [http-nio-8080-exec-2] WARN  org.springframework.web.servlet.PageNotFound - No mapping found for HTTP request with URI [/assets/js/slick.min.js] in DispatcherServlet with name 'dispatcherServlet'
2023-01-30 10:28:21.062 [http-nio-8080-exec-8] WARN  org.springframework.web.servlet.PageNotFound - No mapping found for HTTP request with URI [/assets/js/jquery.counterup.min.js] in DispatcherServlet with name 'dispatcherServlet'
2023-01-30 10:28:21.062 [http-nio-8080-exec-6] WARN  org.springframework.web.servlet.PageNotFound - No mapping found for HTTP request with URI [/assets/js/popper.js] in DispatcherServlet with name 'dispatcherServlet'
2023-01-30 10:28:21.062 [http-nio-8080-exec-9] WARN  org.springframework.web.servlet.PageNotFound - No mapping found for HTTP request with URI [/assets/js/bootstrap.min.js] in DispatcherServlet with name 'dispatcherServlet'
2023-01-30 10:28:21.156 [http-nio-8080-exec-5] WARN  org.springframework.web.servlet.PageNotFound - No mapping found for HTTP request with URI [/assets/img/s-product/product.jpg] in DispatcherServlet with name 'dispatcherServlet'
2023-01-30 10:28:21.158 [http-nio-8080-exec-10] WARN  org.springframework.web.servlet.PageNotFound - No mapping found for HTTP request with URI [/assets/js/jquery.countdown.js] in DispatcherServlet with name 'dispatcherServlet'
2023-01-30 10:28:21.158 [http-nio-8080-exec-4] WARN  org.springframework.web.servlet.PageNotFound - No mapping found for HTTP request with URI [/assets/img/s-product/product2.jpg] in DispatcherServlet with name 'dispatcherServlet'
2023-01-30 10:28:21.158 [http-nio-8080-exec-3] WARN  org.springframework.web.servlet.PageNotFound - No mapping found for HTTP request with URI [/assets/js/jquery.elevatezoom.js] in DispatcherServlet with name 'dispatcherServlet'
2023-01-30 10:28:21.161 [http-nio-8080-exec-1] WARN  org.springframework.web.servlet.PageNotFound - No mapping found for HTTP request with URI [/assets/js/isotope.pkgd.min.js] in DispatcherServlet with name 'dispatcherServlet'
2023-01-30 10:28:21.162 [http-nio-8080-exec-7] WARN  org.springframework.web.servlet.PageNotFound - No mapping found for HTTP request with URI [/assets/js/jquery.ui.js] in DispatcherServlet with name 'dispatcherServlet'
2023-01-30 10:28:21.240 [http-nio-8080-exec-9] WARN  org.springframework.web.servlet.PageNotFound - No mapping found for HTTP request with URI [/assets/js/slinky.menu.js] in DispatcherServlet with name 'dispatcherServlet'
2023-01-30 10:28:21.240 [http-nio-8080-exec-8] WARN  org.springframework.web.servlet.PageNotFound - No mapping found for HTTP request with URI [/assets/js/plugins.js] in DispatcherServlet with name 'dispatcherServlet'
2023-01-30 10:28:21.240 [http-nio-8080-exec-6] WARN  org.springframework.web.servlet.PageNotFound - No mapping found for HTTP request with URI [/assets/img/logo/logo.png] in DispatcherServlet with name 'dispatcherServlet'
2023-01-30 10:28:21.242 [http-nio-8080-exec-2] WARN  org.springframework.web.servlet.PageNotFound - No mapping found for HTTP request with URI [/assets/js/main.js] in DispatcherServlet with name 'dispatcherServlet'
2023-01-30 10:28:21.270 [http-nio-8080-exec-1] WARN  org.springframework.web.servlet.PageNotFound - No mapping found for HTTP request with URI [/assets/img/icon/paypal1.jpg] in DispatcherServlet with name 'dispatcherServlet'
2023-01-30 10:28:21.271 [http-nio-8080-exec-3] WARN  org.springframework.web.servlet.PageNotFound - No mapping found for HTTP request with URI [/assets/img/icon/paypal2.jpg] in DispatcherServlet with name 'dispatcherServlet'
2023-01-30 10:28:21.334 [http-nio-8080-exec-10] WARN  org.springframework.web.servlet.PageNotFound - No mapping found for HTTP request with URI [/assets/img/icon/paypal3.jpg] in DispatcherServlet with name 'dispatcherServlet'
2023-01-30 10:28:21.337 [http-nio-8080-exec-7] WARN  org.springframework.web.servlet.PageNotFound - No mapping found for HTTP request with URI [/assets/img/icon/paypal4.jpg] in DispatcherServlet with name 'dispatcherServlet'
2023-01-30 10:28:36.017 [http-nio-8080-exec-3] WARN  org.springframework.web.servlet.PageNotFound - No mapping found for HTTP request with URI [/assets/css/font.awesome.css] in DispatcherServlet with name 'dispatcherServlet'
2023-01-30 10:28:36.021 [http-nio-8080-exec-6] WARN  org.springframework.web.servlet.PageNotFound - No mapping found for HTTP request with URI [/assets/css/ionicons.min.css] in DispatcherServlet with name 'dispatcherServlet'
2023-01-30 10:28:36.021 [http-nio-8080-exec-9] WARN  org.springframework.web.servlet.PageNotFound - No mapping found for HTTP request with URI [/assets/css/bootstrap.min.css] in DispatcherServlet with name 'dispatcherServlet'
2023-01-30 10:28:36.023 [http-nio-8080-exec-2] WARN  org.springframework.web.servlet.PageNotFound - No mapping found for HTTP request with URI [/assets/css/owl.carousel.min.css] in DispatcherServlet with name 'dispatcherServlet'
2023-01-30 10:28:36.024 [http-nio-8080-exec-1] WARN  org.springframework.web.servlet.PageNotFound - No mapping found for HTTP request with URI [/assets/css/slick.css] in DispatcherServlet with name 'dispatcherServlet'
2023-01-30 10:28:36.025 [http-nio-8080-exec-8] WARN  org.springframework.web.servlet.PageNotFound - No mapping found for HTTP request with URI [/assets/css/magnific-popup.css] in DispatcherServlet with name 'dispatcherServlet'
2023-01-30 10:28:36.172 [http-nio-8080-exec-7] WARN  org.springframework.web.servlet.PageNotFound - No mapping found for HTTP request with URI [/assets/css/jquery-ui.min.css] in DispatcherServlet with name 'dispatcherServlet'
2023-01-30 10:28:36.174 [http-nio-8080-exec-8] WARN  org.springframework.web.servlet.PageNotFound - No mapping found for HTTP request with URI [/assets/css/linearicons.css] in DispatcherServlet with name 'dispatcherServlet'
2023-01-30 10:28:36.176 [http-nio-8080-exec-9] WARN  org.springframework.web.servlet.PageNotFound - No mapping found for HTTP request with URI [/assets/css/plugins.css] in DispatcherServlet with name 'dispatcherServlet'
2023-01-30 10:28:36.176 [http-nio-8080-exec-5] WARN  org.springframework.web.servlet.PageNotFound - No mapping found for HTTP request with URI [/assets/css/slinky.menu.css] in DispatcherServlet with name 'dispatcherServlet'
2023-01-30 10:28:36.176 [http-nio-8080-exec-10] WARN  org.springframework.web.servlet.PageNotFound - No mapping found for HTTP request with URI [/assets/css/animate.css] in DispatcherServlet with name 'dispatcherServlet'
2023-01-30 10:28:36.181 [http-nio-8080-exec-2] WARN  org.springframework.web.servlet.PageNotFound - No mapping found for HTTP request with URI [/assets/css/style.css] in DispatcherServlet with name 'dispatcherServlet'
2023-01-30 10:28:36.279 [http-nio-8080-exec-6] WARN  org.springframework.web.servlet.PageNotFound - No mapping found for HTTP request with URI [/assets/js/vendor/modernizr-3.7.1.min.js] in DispatcherServlet with name 'dispatcherServlet'
2023-01-30 10:28:36.281 [http-nio-8080-exec-4] WARN  org.springframework.web.servlet.PageNotFound - No mapping found for HTTP request with URI [/assets/js/vendor/jquery-3.4.1.min.js] in DispatcherServlet with name 'dispatcherServlet'
2023-01-30 10:28:36.386 [http-nio-8080-exec-8] WARN  org.springframework.web.servlet.PageNotFound - No mapping found for HTTP request with URI [/assets/js/jquery.counterup.min.js] in DispatcherServlet with name 'dispatcherServlet'
2023-01-30 10:28:36.389 [http-nio-8080-exec-7] WARN  org.springframework.web.servlet.PageNotFound - No mapping found for HTTP request with URI [/assets/js/jquery.magnific-popup.min.js] in DispatcherServlet with name 'dispatcherServlet'
2023-01-30 10:28:36.389 [http-nio-8080-exec-10] WARN  org.springframework.web.servlet.PageNotFound - No mapping found for HTTP request with URI [/assets/js/owl.carousel.min.js] in DispatcherServlet with name 'dispatcherServlet'
2023-01-30 10:28:36.392 [http-nio-8080-exec-1] WARN  org.springframework.web.servlet.PageNotFound - No mapping found for HTTP request with URI [/assets/js/popper.js] in DispatcherServlet with name 'dispatcherServlet'
2023-01-30 10:28:36.392 [http-nio-8080-exec-3] WARN  org.springframework.web.servlet.PageNotFound - No mapping found for HTTP request with URI [/assets/js/bootstrap.min.js] in DispatcherServlet with name 'dispatcherServlet'
2023-01-30 10:28:36.393 [http-nio-8080-exec-2] WARN  org.springframework.web.servlet.PageNotFound - No mapping found for HTTP request with URI [/assets/js/slick.min.js] in DispatcherServlet with name 'dispatcherServlet'
2023-01-30 10:28:36.499 [http-nio-8080-exec-5] WARN  org.springframework.web.servlet.PageNotFound - No mapping found for HTTP request with URI [/assets/img/s-product/product2.jpg] in DispatcherServlet with name 'dispatcherServlet'
2023-01-30 10:28:36.500 [http-nio-8080-exec-9] WARN  org.springframework.web.servlet.PageNotFound - No mapping found for HTTP request with URI [/assets/img/s-product/product.jpg] in DispatcherServlet with name 'dispatcherServlet'
2023-01-30 10:28:36.503 [http-nio-8080-exec-6] WARN  org.springframework.web.servlet.PageNotFound - No mapping found for HTTP request with URI [/assets/js/jquery.countdown.js] in DispatcherServlet with name 'dispatcherServlet'
2023-01-30 10:28:36.509 [http-nio-8080-exec-4] WARN  org.springframework.web.servlet.PageNotFound - No mapping found for HTTP request with URI [/assets/js/jquery.ui.js] in DispatcherServlet with name 'dispatcherServlet'
2023-01-30 10:28:36.511 [http-nio-8080-exec-7] WARN  org.springframework.web.servlet.PageNotFound - No mapping found for HTTP request with URI [/assets/js/isotope.pkgd.min.js] in DispatcherServlet with name 'dispatcherServlet'
2023-01-30 10:28:36.514 [http-nio-8080-exec-8] WARN  org.springframework.web.servlet.PageNotFound - No mapping found for HTTP request with URI [/assets/js/jquery.elevatezoom.js] in DispatcherServlet with name 'dispatcherServlet'
2023-01-30 10:28:36.586 [http-nio-8080-exec-1] WARN  org.springframework.web.servlet.PageNotFound - No mapping found for HTTP request with URI [/assets/js/plugins.js] in DispatcherServlet with name 'dispatcherServlet'
2023-01-30 10:28:36.588 [http-nio-8080-exec-3] WARN  org.springframework.web.servlet.PageNotFound - No mapping found for HTTP request with URI [/assets/js/slinky.menu.js] in DispatcherServlet with name 'dispatcherServlet'
2023-01-30 10:28:36.594 [http-nio-8080-exec-2] WARN  org.springframework.web.servlet.PageNotFound - No mapping found for HTTP request with URI [/assets/js/main.js] in DispatcherServlet with name 'dispatcherServlet'
2023-01-30 10:28:36.596 [http-nio-8080-exec-5] WARN  org.springframework.web.servlet.PageNotFound - No mapping found for HTTP request with URI [/assets/img/icon/paypal1.jpg] in DispatcherServlet with name 'dispatcherServlet'
2023-01-30 10:28:36.598 [http-nio-8080-exec-10] WARN  org.springframework.web.servlet.PageNotFound - No mapping found for HTTP request with URI [/assets/img/logo/logo.png] in DispatcherServlet with name 'dispatcherServlet'
2023-01-30 10:28:36.600 [http-nio-8080-exec-9] WARN  org.springframework.web.servlet.PageNotFound - No mapping found for HTTP request with URI [/assets/img/icon/paypal2.jpg] in DispatcherServlet with name 'dispatcherServlet'
2023-01-30 10:28:36.685 [http-nio-8080-exec-6] WARN  org.springframework.web.servlet.PageNotFound - No mapping found for HTTP request with URI [/assets/img/icon/paypal3.jpg] in DispatcherServlet with name 'dispatcherServlet'
2023-01-30 10:28:36.686 [http-nio-8080-exec-8] WARN  org.springframework.web.servlet.PageNotFound - No mapping found for HTTP request with URI [/assets/img/icon/paypal4.jpg] in DispatcherServlet with name 'dispatcherServlet'
2023-01-30 10:31:49.746 [http-nio-8080-exec-4] WARN  org.springframework.web.servlet.PageNotFound - No mapping found for HTTP request with URI [/vegetable/login.ftl] in DispatcherServlet with name 'dispatcherServlet'
2023-01-30 10:32:49.170 [http-nio-8080-exec-5] WARN  org.springframework.web.servlet.PageNotFound - No mapping found for HTTP request with URI [/product-details.ftl] in DispatcherServlet with name 'dispatcherServlet'
2023-01-30 10:32:50.772 [http-nio-8080-exec-2] WARN  org.springframework.web.servlet.PageNotFound - No mapping found for HTTP request with URI [/product-details.ftl] in DispatcherServlet with name 'dispatcherServlet'
2023-01-30 10:32:54.140 [http-nio-8080-exec-10] WARN  org.springframework.web.servlet.PageNotFound - No mapping found for HTTP request with URI [/product-details.ftl] in DispatcherServlet with name 'dispatcherServlet'
2023-01-30 10:33:12.091 [http-nio-8080-exec-8] WARN  org.springframework.web.servlet.PageNotFound - No mapping found for HTTP request with URI [/product-details.ftl] in DispatcherServlet with name 'dispatcherServlet'
2023-01-30 10:33:44.299 [http-nio-8080-exec-3] WARN  org.springframework.web.servlet.PageNotFound - No mapping found for HTTP request with URI [/product-details.ftl] in DispatcherServlet with name 'dispatcherServlet'
2023-01-30 10:33:45.524 [http-nio-8080-exec-7] WARN  org.springframework.web.servlet.PageNotFound - No mapping found for HTTP request with URI [/product-details.ftl] in DispatcherServlet with name 'dispatcherServlet'
2023-01-30 10:35:05.368 [http-nio-8080-exec-2] WARN  org.springframework.web.servlet.PageNotFound - No mapping found for HTTP request with URI [/product-details.ftl] in DispatcherServlet with name 'dispatcherServlet'
2023-01-30 10:35:10.885 [http-nio-8080-exec-9] WARN  org.springframework.web.servlet.PageNotFound - No mapping found for HTTP request with URI [/product-details.ftl] in DispatcherServlet with name 'dispatcherServlet'
2023-01-30 10:35:57.498 [http-nio-8080-exec-4] WARN  org.springframework.web.servlet.PageNotFound - No mapping found for HTTP request with URI [/shop/login] in DispatcherServlet with name 'dispatcherServlet'
2023-01-30 10:37:31.891 [http-nio-8080-exec-3] WARN  org.springframework.web.servlet.PageNotFound - No mapping found for HTTP request with URI [/vegetable/login.ftl] in DispatcherServlet with name 'dispatcherServlet'
2023-01-30 14:09:43.073 [http-nio-8080-exec-2] WARN  org.springframework.web.servlet.PageNotFound - No mapping found for HTTP request with URI [/login/index] in DispatcherServlet with name 'dispatcherServlet'
2023-01-30 14:09:45.966 [http-nio-8080-exec-3] WARN  org.springframework.web.servlet.PageNotFound - No mapping found for HTTP request with URI [/login/index] in DispatcherServlet with name 'dispatcherServlet'
2023-01-30 14:19:21.255 [http-nio-8080-exec-8] WARN  org.springframework.web.servlet.PageNotFound - No mapping found for HTTP request with URI [/login/index] in DispatcherServlet with name 'dispatcherServlet'
2023-01-30 14:19:28.404 [http-nio-8080-exec-9] WARN  org.springframework.web.servlet.PageNotFound - No mapping found for HTTP request with URI [/login/index.html] in DispatcherServlet with name 'dispatcherServlet'
2023-01-30 14:21:03.528 [http-nio-8080-exec-2] WARN  org.springframework.web.servlet.PageNotFound - No mapping found for HTTP request with URI [/login/shop/index] in DispatcherServlet with name 'dispatcherServlet'
2023-01-30 14:23:07.985 [http-nio-8080-exec-3] WARN  org.springframework.web.servlet.PageNotFound - No mapping found for HTTP request with URI [/login/index] in DispatcherServlet with name 'dispatcherServlet'
