2023-01-31 13:53:39.160 [http-nio-8080-exec-4] WARN  org.springframework.web.servlet.PageNotFound - No mapping found for HTTP request with URI [/vegetable/variable-product.html] in DispatcherServlet with name 'dispatcherServlet'
2023-01-31 14:36:33.545 [http-nio-8080-exec-8] WARN  org.springframework.web.servlet.PageNotFound - No mapping found for HTTP request with URI [/shop.html] in DispatcherServlet with name 'dispatcherServlet'
2023-01-31 14:45:22.572 [http-nio-8080-exec-4] WARN  org.springframework.web.servlet.PageNotFound - No mapping found for HTTP request with URI [/vegetable/addCart] in DispatcherServlet with name 'dispatcherServlet'
2023-01-31 14:45:23.928 [http-nio-8080-exec-3] WARN  org.springframework.web.servlet.PageNotFound - No mapping found for HTTP request with URI [/vegetable/addCart] in DispatcherServlet with name 'dispatcherServlet'
2023-01-31 14:45:32.795 [http-nio-8080-exec-9] WARN  org.springframework.web.servlet.PageNotFound - No mapping found for HTTP request with URI [/vegetable/addCart] in DispatcherServlet with name 'dispatcherServlet'
2023-01-31 16:13:39.611 [http-nio-8080-exec-6] WARN  org.springframework.web.servlet.PageNotFound - No mapping found for HTTP request with URI [/admin/cart/list] in DispatcherServlet with name 'dispatcherServlet'
2023-01-31 16:24:21.583 [http-nio-8080-exec-2] WARN  org.springframework.web.servlet.PageNotFound - No mapping found for HTTP request with URI [/cart/assets/css/bootstrap.min.css] in DispatcherServlet with name 'dispatcherServlet'
2023-01-31 16:24:21.583 [http-nio-8080-exec-4] WARN  org.springframework.web.servlet.PageNotFound - No mapping found for HTTP request with URI [/cart/assets/css/slick.css] in DispatcherServlet with name 'dispatcherServlet'
2023-01-31 16:24:21.584 [http-nio-8080-exec-3] WARN  org.springframework.web.servlet.PageNotFound - No mapping found for HTTP request with URI [/cart/assets/css/owl.carousel.min.css] in DispatcherServlet with name 'dispatcherServlet'
2023-01-31 16:24:21.584 [http-nio-8080-exec-7] WARN  org.springframework.web.servlet.PageNotFound - No mapping found for HTTP request with URI [/cart/assets/css/magnific-popup.css] in DispatcherServlet with name 'dispatcherServlet'
2023-01-31 16:24:21.584 [http-nio-8080-exec-6] WARN  org.springframework.web.servlet.PageNotFound - No mapping found for HTTP request with URI [/cart/assets/css/ionicons.min.css] in DispatcherServlet with name 'dispatcherServlet'
2023-01-31 16:24:21.585 [http-nio-8080-exec-5] WARN  org.springframework.web.servlet.PageNotFound - No mapping found for HTTP request with URI [/cart/assets/css/font.awesome.css] in DispatcherServlet with name 'dispatcherServlet'
2023-01-31 16:24:21.880 [http-nio-8080-exec-8] WARN  org.springframework.web.servlet.PageNotFound - No mapping found for HTTP request with URI [/cart/assets/css/linearicons.css] in DispatcherServlet with name 'dispatcherServlet'
2023-01-31 16:24:21.886 [http-nio-8080-exec-10] WARN  org.springframework.web.servlet.PageNotFound - No mapping found for HTTP request with URI [/cart/assets/css/slinky.menu.css] in DispatcherServlet with name 'dispatcherServlet'
2023-01-31 16:24:21.888 [http-nio-8080-exec-9] WARN  org.springframework.web.servlet.PageNotFound - No mapping found for HTTP request with URI [/cart/assets/css/animate.css] in DispatcherServlet with name 'dispatcherServlet'
2023-01-31 16:24:21.889 [http-nio-8080-exec-7] WARN  org.springframework.web.servlet.PageNotFound - No mapping found for HTTP request with URI [/cart/assets/css/plugins.css] in DispatcherServlet with name 'dispatcherServlet'
2023-01-31 16:24:21.889 [http-nio-8080-exec-5] WARN  org.springframework.web.servlet.PageNotFound - No mapping found for HTTP request with URI [/cart/assets/css/style.css] in DispatcherServlet with name 'dispatcherServlet'
2023-01-31 16:24:21.889 [http-nio-8080-exec-1] WARN  org.springframework.web.servlet.PageNotFound - No mapping found for HTTP request with URI [/cart/assets/css/jquery-ui.min.css] in DispatcherServlet with name 'dispatcherServlet'
2023-01-31 16:24:21.966 [http-nio-8080-exec-3] WARN  org.springframework.web.servlet.PageNotFound - No mapping found for HTTP request with URI [/cart/assets/js/vendor/modernizr-3.7.1.min.js] in DispatcherServlet with name 'dispatcherServlet'
2023-01-31 16:24:21.974 [http-nio-8080-exec-4] WARN  org.springframework.web.servlet.PageNotFound - No mapping found for HTTP request with URI [/cart/assets/js/vendor/jquery-3.4.1.min.js] in DispatcherServlet with name 'dispatcherServlet'
2023-01-31 16:24:22.178 [http-nio-8080-exec-4] WARN  org.springframework.web.servlet.PageNotFound - No mapping found for HTTP request with URI [/cart/assets/js/popper.js] in DispatcherServlet with name 'dispatcherServlet'
2023-01-31 16:24:22.178 [http-nio-8080-exec-8] WARN  org.springframework.web.servlet.PageNotFound - No mapping found for HTTP request with URI [/cart/assets/js/owl.carousel.min.js] in DispatcherServlet with name 'dispatcherServlet'
2023-01-31 16:24:22.178 [http-nio-8080-exec-7] WARN  org.springframework.web.servlet.PageNotFound - No mapping found for HTTP request with URI [/cart/assets/js/jquery.counterup.min.js] in DispatcherServlet with name 'dispatcherServlet'
2023-01-31 16:24:22.179 [http-nio-8080-exec-6] WARN  org.springframework.web.servlet.PageNotFound - No mapping found for HTTP request with URI [/cart/assets/js/bootstrap.min.js] in DispatcherServlet with name 'dispatcherServlet'
2023-01-31 16:24:22.180 [http-nio-8080-exec-10] WARN  org.springframework.web.servlet.PageNotFound - No mapping found for HTTP request with URI [/cart/assets/js/slick.min.js] in DispatcherServlet with name 'dispatcherServlet'
2023-01-31 16:24:22.181 [http-nio-8080-exec-1] WARN  org.springframework.web.servlet.PageNotFound - No mapping found for HTTP request with URI [/cart/assets/js/jquery.magnific-popup.min.js] in DispatcherServlet with name 'dispatcherServlet'
2023-01-31 16:24:22.273 [http-nio-8080-exec-6] WARN  org.springframework.web.servlet.PageNotFound - No mapping found for HTTP request with URI [/cart/assets/js/isotope.pkgd.min.js] in DispatcherServlet with name 'dispatcherServlet'
2023-01-31 16:24:22.273 [http-nio-8080-exec-5] WARN  org.springframework.web.servlet.PageNotFound - No mapping found for HTTP request with URI [/cart/assets/img/s-product/product2.jpg] in DispatcherServlet with name 'dispatcherServlet'
2023-01-31 16:24:22.273 [http-nio-8080-exec-7] WARN  org.springframework.web.servlet.PageNotFound - No mapping found for HTTP request with URI [/cart/assets/js/jquery.elevatezoom.js] in DispatcherServlet with name 'dispatcherServlet'
2023-01-31 16:24:22.273 [http-nio-8080-exec-2] WARN  org.springframework.web.servlet.PageNotFound - No mapping found for HTTP request with URI [/cart/assets/js/jquery.ui.js] in DispatcherServlet with name 'dispatcherServlet'
2023-01-31 16:24:22.275 [http-nio-8080-exec-9] WARN  org.springframework.web.servlet.PageNotFound - No mapping found for HTTP request with URI [/cart/assets/img/s-product/product.jpg] in DispatcherServlet with name 'dispatcherServlet'
2023-01-31 16:24:22.275 [http-nio-8080-exec-3] WARN  org.springframework.web.servlet.PageNotFound - No mapping found for HTTP request with URI [/cart/assets/js/jquery.countdown.js] in DispatcherServlet with name 'dispatcherServlet'
2023-01-31 16:24:22.369 [http-nio-8080-exec-8] WARN  org.springframework.web.servlet.PageNotFound - No mapping found for HTTP request with URI [/cart/assets/js/plugins.js] in DispatcherServlet with name 'dispatcherServlet'
2023-01-31 16:24:22.369 [http-nio-8080-exec-4] WARN  org.springframework.web.servlet.PageNotFound - No mapping found for HTTP request with URI [/cart/assets/js/slinky.menu.js] in DispatcherServlet with name 'dispatcherServlet'
2023-01-31 16:24:22.369 [http-nio-8080-exec-1] WARN  org.springframework.web.servlet.PageNotFound - No mapping found for HTTP request with URI [/cart/assets/js/main.js] in DispatcherServlet with name 'dispatcherServlet'
2023-01-31 16:24:22.369 [http-nio-8080-exec-10] WARN  org.springframework.web.servlet.PageNotFound - No mapping found for HTTP request with URI [/cart/assets/img/logo/logo.png] in DispatcherServlet with name 'dispatcherServlet'
2023-01-31 16:24:22.397 [http-nio-8080-exec-2] WARN  org.springframework.web.servlet.PageNotFound - No mapping found for HTTP request with URI [/cart/assets/img/s-product/product3.jpg] in DispatcherServlet with name 'dispatcherServlet'
2023-01-31 16:24:22.402 [http-nio-8080-exec-6] WARN  org.springframework.web.servlet.PageNotFound - No mapping found for HTTP request with URI [/cart/assets/img/icon/paypal1.jpg] in DispatcherServlet with name 'dispatcherServlet'
2023-01-31 16:24:22.483 [http-nio-8080-exec-7] WARN  org.springframework.web.servlet.PageNotFound - No mapping found for HTTP request with URI [/cart/assets/img/icon/paypal2.jpg] in DispatcherServlet with name 'dispatcherServlet'
2023-01-31 16:24:22.484 [http-nio-8080-exec-3] WARN  org.springframework.web.servlet.PageNotFound - No mapping found for HTTP request with URI [/cart/assets/img/icon/paypal3.jpg] in DispatcherServlet with name 'dispatcherServlet'
2023-01-31 16:24:22.493 [http-nio-8080-exec-5] WARN  org.springframework.web.servlet.PageNotFound - No mapping found for HTTP request with URI [/cart/assets/img/icon/paypal4.jpg] in DispatcherServlet with name 'dispatcherServlet'
2023-01-31 16:24:44.039 [http-nio-8080-exec-1] WARN  org.springframework.web.servlet.PageNotFound - No mapping found for HTTP request with URI [/cart/assets/css/owl.carousel.min.css] in DispatcherServlet with name 'dispatcherServlet'
2023-01-31 16:24:44.040 [http-nio-8080-exec-2] WARN  org.springframework.web.servlet.PageNotFound - No mapping found for HTTP request with URI [/cart/assets/css/bootstrap.min.css] in DispatcherServlet with name 'dispatcherServlet'
2023-01-31 16:24:44.045 [http-nio-8080-exec-7] WARN  org.springframework.web.servlet.PageNotFound - No mapping found for HTTP request with URI [/cart/assets/css/ionicons.min.css] in DispatcherServlet with name 'dispatcherServlet'
2023-01-31 16:24:44.049 [http-nio-8080-exec-10] WARN  org.springframework.web.servlet.PageNotFound - No mapping found for HTTP request with URI [/cart/assets/css/font.awesome.css] in DispatcherServlet with name 'dispatcherServlet'
2023-01-31 16:24:44.046 [http-nio-8080-exec-6] WARN  org.springframework.web.servlet.PageNotFound - No mapping found for HTTP request with URI [/cart/assets/css/slick.css] in DispatcherServlet with name 'dispatcherServlet'
2023-01-31 16:24:44.051 [http-nio-8080-exec-8] WARN  org.springframework.web.servlet.PageNotFound - No mapping found for HTTP request with URI [/cart/assets/css/magnific-popup.css] in DispatcherServlet with name 'dispatcherServlet'
2023-01-31 16:24:44.431 [http-nio-8080-exec-3] WARN  org.springframework.web.servlet.PageNotFound - No mapping found for HTTP request with URI [/cart/assets/css/linearicons.css] in DispatcherServlet with name 'dispatcherServlet'
2023-01-31 16:24:44.446 [http-nio-8080-exec-5] WARN  org.springframework.web.servlet.PageNotFound - No mapping found for HTTP request with URI [/cart/assets/css/animate.css] in DispatcherServlet with name 'dispatcherServlet'
2023-01-31 16:24:44.474 [http-nio-8080-exec-9] WARN  org.springframework.web.servlet.PageNotFound - No mapping found for HTTP request with URI [/cart/assets/css/jquery-ui.min.css] in DispatcherServlet with name 'dispatcherServlet'
2023-01-31 16:24:44.527 [http-nio-8080-exec-4] WARN  org.springframework.web.servlet.PageNotFound - No mapping found for HTTP request with URI [/cart/assets/css/slinky.menu.css] in DispatcherServlet with name 'dispatcherServlet'
2023-01-31 16:24:44.535 [http-nio-8080-exec-7] WARN  org.springframework.web.servlet.PageNotFound - No mapping found for HTTP request with URI [/cart/assets/css/plugins.css] in DispatcherServlet with name 'dispatcherServlet'
2023-01-31 16:24:44.553 [http-nio-8080-exec-8] WARN  org.springframework.web.servlet.PageNotFound - No mapping found for HTTP request with URI [/cart/assets/css/style.css] in DispatcherServlet with name 'dispatcherServlet'
2023-01-31 16:24:44.712 [http-nio-8080-exec-10] WARN  org.springframework.web.servlet.PageNotFound - No mapping found for HTTP request with URI [/cart/assets/js/vendor/modernizr-3.7.1.min.js] in DispatcherServlet with name 'dispatcherServlet'
2023-01-31 16:24:44.757 [http-nio-8080-exec-6] WARN  org.springframework.web.servlet.PageNotFound - No mapping found for HTTP request with URI [/cart/assets/js/vendor/jquery-3.4.1.min.js] in DispatcherServlet with name 'dispatcherServlet'
2023-01-31 16:24:44.922 [http-nio-8080-exec-5] WARN  org.springframework.web.servlet.PageNotFound - No mapping found for HTTP request with URI [/cart/assets/js/popper.js] in DispatcherServlet with name 'dispatcherServlet'
2023-01-31 16:24:44.929 [http-nio-8080-exec-7] WARN  org.springframework.web.servlet.PageNotFound - No mapping found for HTTP request with URI [/cart/assets/js/jquery.magnific-popup.min.js] in DispatcherServlet with name 'dispatcherServlet'
2023-01-31 16:24:44.929 [http-nio-8080-exec-9] WARN  org.springframework.web.servlet.PageNotFound - No mapping found for HTTP request with URI [/cart/assets/js/bootstrap.min.js] in DispatcherServlet with name 'dispatcherServlet'
2023-01-31 16:24:44.934 [http-nio-8080-exec-4] WARN  org.springframework.web.servlet.PageNotFound - No mapping found for HTTP request with URI [/cart/assets/js/owl.carousel.min.js] in DispatcherServlet with name 'dispatcherServlet'
2023-01-31 16:24:44.934 [http-nio-8080-exec-3] WARN  org.springframework.web.servlet.PageNotFound - No mapping found for HTTP request with URI [/cart/assets/js/slick.min.js] in DispatcherServlet with name 'dispatcherServlet'
2023-01-31 16:24:44.963 [http-nio-8080-exec-8] WARN  org.springframework.web.servlet.PageNotFound - No mapping found for HTTP request with URI [/cart/assets/img/s-product/product2.jpg] in DispatcherServlet with name 'dispatcherServlet'
2023-01-31 16:24:45.140 [http-nio-8080-exec-6] WARN  org.springframework.web.servlet.PageNotFound - No mapping found for HTTP request with URI [/cart/assets/js/jquery.ui.js] in DispatcherServlet with name 'dispatcherServlet'
2023-01-31 16:24:45.143 [http-nio-8080-exec-1] WARN  org.springframework.web.servlet.PageNotFound - No mapping found for HTTP request with URI [/cart/assets/js/jquery.countdown.js] in DispatcherServlet with name 'dispatcherServlet'
2023-01-31 16:24:45.144 [http-nio-8080-exec-9] WARN  org.springframework.web.servlet.PageNotFound - No mapping found for HTTP request with URI [/cart/assets/js/jquery.elevatezoom.js] in DispatcherServlet with name 'dispatcherServlet'
2023-01-31 16:24:45.144 [http-nio-8080-exec-2] WARN  org.springframework.web.servlet.PageNotFound - No mapping found for HTTP request with URI [/cart/assets/img/s-product/product.jpg] in DispatcherServlet with name 'dispatcherServlet'
2023-01-31 16:24:45.168 [http-nio-8080-exec-10] WARN  org.springframework.web.servlet.PageNotFound - No mapping found for HTTP request with URI [/cart/assets/js/jquery.counterup.min.js] in DispatcherServlet with name 'dispatcherServlet'
2023-01-31 16:24:45.237 [http-nio-8080-exec-5] WARN  org.springframework.web.servlet.PageNotFound - No mapping found for HTTP request with URI [/cart/assets/js/isotope.pkgd.min.js] in DispatcherServlet with name 'dispatcherServlet'
2023-01-31 16:24:45.639 [http-nio-8080-exec-7] WARN  org.springframework.web.servlet.PageNotFound - No mapping found for HTTP request with URI [/cart/assets/js/main.js] in DispatcherServlet with name 'dispatcherServlet'
2023-01-31 16:24:45.646 [http-nio-8080-exec-4] WARN  org.springframework.web.servlet.PageNotFound - No mapping found for HTTP request with URI [/cart/assets/js/slinky.menu.js] in DispatcherServlet with name 'dispatcherServlet'
2023-01-31 16:24:45.648 [http-nio-8080-exec-3] WARN  org.springframework.web.servlet.PageNotFound - No mapping found for HTTP request with URI [/cart/assets/js/plugins.js] in DispatcherServlet with name 'dispatcherServlet'
2023-01-31 16:24:45.649 [http-nio-8080-exec-8] WARN  org.springframework.web.servlet.PageNotFound - No mapping found for HTTP request with URI [/cart/assets/img/s-product/product3.jpg] in DispatcherServlet with name 'dispatcherServlet'
2023-01-31 16:24:45.658 [http-nio-8080-exec-9] WARN  org.springframework.web.servlet.PageNotFound - No mapping found for HTTP request with URI [/cart/assets/img/logo/logo.png] in DispatcherServlet with name 'dispatcherServlet'
2023-01-31 16:24:45.725 [http-nio-8080-exec-6] WARN  org.springframework.web.servlet.PageNotFound - No mapping found for HTTP request with URI [/cart/assets/img/icon/paypal1.jpg] in DispatcherServlet with name 'dispatcherServlet'
2023-01-31 16:24:46.009 [http-nio-8080-exec-10] WARN  org.springframework.web.servlet.PageNotFound - No mapping found for HTTP request with URI [/cart/assets/img/icon/paypal2.jpg] in DispatcherServlet with name 'dispatcherServlet'
2023-01-31 16:24:46.020 [http-nio-8080-exec-2] WARN  org.springframework.web.servlet.PageNotFound - No mapping found for HTTP request with URI [/cart/assets/img/icon/paypal3.jpg] in DispatcherServlet with name 'dispatcherServlet'
2023-01-31 16:24:46.024 [http-nio-8080-exec-1] WARN  org.springframework.web.servlet.PageNotFound - No mapping found for HTTP request with URI [/cart/assets/img/icon/paypal4.jpg] in DispatcherServlet with name 'dispatcherServlet'
2023-01-31 16:30:42.490 [http-nio-8080-exec-5] WARN  org.springframework.web.servlet.PageNotFound - No mapping found for HTTP request with URI [/shop/cart] in DispatcherServlet with name 'dispatcherServlet'
