2023-02-03 10:04:52.150 [http-nio-8080-exec-9] WARN  org.springframework.web.servlet.PageNotFound - No mapping found for HTTP request with URI [/vegetable/index] in DispatcherServlet with name 'dispatcherServlet'
2023-02-03 10:05:07.916 [http-nio-8080-exec-7] WARN  org.springframework.web.servlet.PageNotFound - No mapping found for HTTP request with URI [/vegetable/index.ftl] in DispatcherServlet with name 'dispatcherServlet'
2023-02-03 10:05:09.505 [http-nio-8080-exec-5] WARN  org.springframework.web.servlet.PageNotFound - No mapping found for HTTP request with URI [/vegetable/index.ftl] in DispatcherServlet with name 'dispatcherServlet'
2023-02-03 10:05:19.417 [http-nio-8080-exec-9] WARN  org.springframework.web.servlet.PageNotFound - No mapping found for HTTP request with URI [/vegetable/index.ftl] in DispatcherServlet with name 'dispatcherServlet'
2023-02-03 10:05:42.004 [http-nio-8080-exec-10] WARN  org.springframework.web.servlet.PageNotFound - No mapping found for HTTP request with URI [/vegetable/index.ftl] in DispatcherServlet with name 'dispatcherServlet'
2023-02-03 10:15:11.271 [http-nio-8080-exec-4] WARN  org.springframework.web.servlet.PageNotFound - No mapping found for HTTP request with URI [/veorder/assets/css/bootstrap.min.css] in DispatcherServlet with name 'dispatcherServlet'
2023-02-03 10:15:11.291 [http-nio-8080-exec-6] WARN  org.springframework.web.servlet.PageNotFound - No mapping found for HTTP request with URI [/veorder/assets/css/slick.css] in DispatcherServlet with name 'dispatcherServlet'
2023-02-03 10:15:11.294 [http-nio-8080-exec-7] WARN  org.springframework.web.servlet.PageNotFound - No mapping found for HTTP request with URI [/veorder/assets/css/font.awesome.css] in DispatcherServlet with name 'dispatcherServlet'
2023-02-03 10:15:11.296 [http-nio-8080-exec-5] WARN  org.springframework.web.servlet.PageNotFound - No mapping found for HTTP request with URI [/veorder/assets/css/owl.carousel.min.css] in DispatcherServlet with name 'dispatcherServlet'
2023-02-03 10:15:11.303 [http-nio-8080-exec-9] WARN  org.springframework.web.servlet.PageNotFound - No mapping found for HTTP request with URI [/veorder/assets/css/magnific-popup.css] in DispatcherServlet with name 'dispatcherServlet'
2023-02-03 10:15:11.303 [http-nio-8080-exec-8] WARN  org.springframework.web.servlet.PageNotFound - No mapping found for HTTP request with URI [/veorder/assets/css/ionicons.min.css] in DispatcherServlet with name 'dispatcherServlet'
2023-02-03 10:15:11.592 [http-nio-8080-exec-10] WARN  org.springframework.web.servlet.PageNotFound - No mapping found for HTTP request with URI [/veorder/assets/css/linearicons.css] in DispatcherServlet with name 'dispatcherServlet'
2023-02-03 10:15:11.648 [http-nio-8080-exec-1] WARN  org.springframework.web.servlet.PageNotFound - No mapping found for HTTP request with URI [/veorder/assets/css/jquery-ui.min.css] in DispatcherServlet with name 'dispatcherServlet'
2023-02-03 10:15:11.656 [http-nio-8080-exec-2] WARN  org.springframework.web.servlet.PageNotFound - No mapping found for HTTP request with URI [/veorder/assets/css/animate.css] in DispatcherServlet with name 'dispatcherServlet'
2023-02-03 10:15:11.657 [http-nio-8080-exec-3] WARN  org.springframework.web.servlet.PageNotFound - No mapping found for HTTP request with URI [/veorder/assets/css/slinky.menu.css] in DispatcherServlet with name 'dispatcherServlet'
2023-02-03 10:15:11.718 [http-nio-8080-exec-9] WARN  org.springframework.web.servlet.PageNotFound - No mapping found for HTTP request with URI [/veorder/assets/css/style.css] in DispatcherServlet with name 'dispatcherServlet'
2023-02-03 10:15:11.724 [http-nio-8080-exec-4] WARN  org.springframework.web.servlet.PageNotFound - No mapping found for HTTP request with URI [/veorder/assets/css/plugins.css] in DispatcherServlet with name 'dispatcherServlet'
2023-02-03 10:15:11.831 [http-nio-8080-exec-5] WARN  org.springframework.web.servlet.PageNotFound - No mapping found for HTTP request with URI [/veorder/assets/js/vendor/modernizr-3.7.1.min.js] in DispatcherServlet with name 'dispatcherServlet'
2023-02-03 10:15:12.104 [http-nio-8080-exec-8] WARN  org.springframework.web.servlet.PageNotFound - No mapping found for HTTP request with URI [/veorder/assets/js/vendor/jquery-3.4.1.min.js] in DispatcherServlet with name 'dispatcherServlet'
2023-02-03 10:15:12.173 [http-nio-8080-exec-2] WARN  org.springframework.web.servlet.PageNotFound - No mapping found for HTTP request with URI [/veorder/assets/js/jquery.magnific-popup.min.js] in DispatcherServlet with name 'dispatcherServlet'
2023-02-03 10:15:12.183 [http-nio-8080-exec-7] WARN  org.springframework.web.servlet.PageNotFound - No mapping found for HTTP request with URI [/veorder/assets/js/popper.js] in DispatcherServlet with name 'dispatcherServlet'
2023-02-03 10:15:12.184 [http-nio-8080-exec-6] WARN  org.springframework.web.servlet.PageNotFound - No mapping found for HTTP request with URI [/veorder/assets/js/owl.carousel.min.js] in DispatcherServlet with name 'dispatcherServlet'
2023-02-03 10:15:12.193 [http-nio-8080-exec-1] WARN  org.springframework.web.servlet.PageNotFound - No mapping found for HTTP request with URI [/veorder/assets/js/bootstrap.min.js] in DispatcherServlet with name 'dispatcherServlet'
2023-02-03 10:15:12.204 [http-nio-8080-exec-10] WARN  org.springframework.web.servlet.PageNotFound - No mapping found for HTTP request with URI [/veorder/assets/js/slick.min.js] in DispatcherServlet with name 'dispatcherServlet'
2023-02-03 10:15:12.418 [http-nio-8080-exec-3] WARN  org.springframework.web.servlet.PageNotFound - No mapping found for HTTP request with URI [/veorder/assets/img/s-product/product2.jpg] in DispatcherServlet with name 'dispatcherServlet'
2023-02-03 10:15:12.465 [http-nio-8080-exec-4] WARN  org.springframework.web.servlet.PageNotFound - No mapping found for HTTP request with URI [/veorder/assets/img/s-product/product.jpg] in DispatcherServlet with name 'dispatcherServlet'
2023-02-03 10:15:12.471 [http-nio-8080-exec-8] WARN  org.springframework.web.servlet.PageNotFound - No mapping found for HTTP request with URI [/veorder/assets/js/jquery.countdown.js] in DispatcherServlet with name 'dispatcherServlet'
2023-02-03 10:15:12.471 [http-nio-8080-exec-5] WARN  org.springframework.web.servlet.PageNotFound - No mapping found for HTTP request with URI [/veorder/assets/js/jquery.counterup.min.js] in DispatcherServlet with name 'dispatcherServlet'
2023-02-03 10:15:12.472 [http-nio-8080-exec-7] WARN  org.springframework.web.servlet.PageNotFound - No mapping found for HTTP request with URI [/veorder/assets/js/jquery.elevatezoom.js] in DispatcherServlet with name 'dispatcherServlet'
2023-02-03 10:15:12.475 [http-nio-8080-exec-2] WARN  org.springframework.web.servlet.PageNotFound - No mapping found for HTTP request with URI [/veorder/assets/js/jquery.ui.js] in DispatcherServlet with name 'dispatcherServlet'
2023-02-03 10:15:12.568 [http-nio-8080-exec-9] WARN  org.springframework.web.servlet.PageNotFound - No mapping found for HTTP request with URI [/veorder/assets/js/isotope.pkgd.min.js] in DispatcherServlet with name 'dispatcherServlet'
2023-02-03 10:15:12.584 [http-nio-8080-exec-1] WARN  org.springframework.web.servlet.PageNotFound - No mapping found for HTTP request with URI [/veorder/assets/js/plugins.js] in DispatcherServlet with name 'dispatcherServlet'
2023-02-03 10:15:12.584 [http-nio-8080-exec-3] WARN  org.springframework.web.servlet.PageNotFound - No mapping found for HTTP request with URI [/veorder/assets/img/logo/logo.png] in DispatcherServlet with name 'dispatcherServlet'
2023-02-03 10:15:12.585 [http-nio-8080-exec-10] WARN  org.springframework.web.servlet.PageNotFound - No mapping found for HTTP request with URI [/veorder/assets/js/main.js] in DispatcherServlet with name 'dispatcherServlet'
2023-02-03 10:15:12.590 [http-nio-8080-exec-5] WARN  org.springframework.web.servlet.PageNotFound - No mapping found for HTTP request with URI [/veorder/assets/img/icon/paypal1.jpg] in DispatcherServlet with name 'dispatcherServlet'
2023-02-03 10:15:12.591 [http-nio-8080-exec-6] WARN  org.springframework.web.servlet.PageNotFound - No mapping found for HTTP request with URI [/veorder/assets/js/slinky.menu.js] in DispatcherServlet with name 'dispatcherServlet'
2023-02-03 10:15:12.677 [http-nio-8080-exec-4] WARN  org.springframework.web.servlet.PageNotFound - No mapping found for HTTP request with URI [/veorder/assets/img/icon/paypal2.jpg] in DispatcherServlet with name 'dispatcherServlet'
2023-02-03 10:15:12.708 [http-nio-8080-exec-7] WARN  org.springframework.web.servlet.PageNotFound - No mapping found for HTTP request with URI [/veorder/assets/img/icon/paypal4.jpg] in DispatcherServlet with name 'dispatcherServlet'
2023-02-03 10:15:12.708 [http-nio-8080-exec-2] WARN  org.springframework.web.servlet.PageNotFound - No mapping found for HTTP request with URI [/veorder/assets/img/icon/paypal3.jpg] in DispatcherServlet with name 'dispatcherServlet'
2023-02-03 10:27:59.328 [http-nio-8080-exec-9] WARN  org.springframework.web.servlet.PageNotFound - No mapping found for HTTP request with URI [/veorder/index] in DispatcherServlet with name 'dispatcherServlet'
2023-02-03 17:29:23.151 [http-nio-8080-exec-7] WARN  org.springframework.web.servlet.PageNotFound - No mapping found for HTTP request with URI [/shop.html] in DispatcherServlet with name 'dispatcherServlet'
